-- Install configuration: ""
-- Up-to-date: /home/rnv3/ros2_ws/install/ur_robotiq_moveit_config/share/ur_robotiq_moveit_config//launch
-- Up-to-date: /home/rnv3/ros2_ws/install/ur_robotiq_moveit_config/share/ur_robotiq_moveit_config//launch/digital_ur_robotiq_moveit.launch.py
-- Up-to-date: /home/rnv3/ros2_ws/install/ur_robotiq_moveit_config/share/ur_robotiq_moveit_config//launch/ur_moveit.launch.py
-- Up-to-date: /home/rnv3/ros2_ws/install/ur_robotiq_moveit_config/share/ur_robotiq_moveit_config//launch/run.launch.py
-- Up-to-date: /home/rnv3/ros2_ws/install/ur_robotiq_moveit_config/share/ur_robotiq_moveit_config//launch/ur_robotiq_moveit.launch.py
-- Up-to-date: /home/rnv3/ros2_ws/install/ur_robotiq_moveit_config/share/ur_robotiq_moveit_config//config
-- Up-to-date: /home/rnv3/ros2_ws/install/ur_robotiq_moveit_config/share/ur_robotiq_moveit_config//config/kinematics.yaml
-- Up-to-date: /home/rnv3/ros2_ws/install/ur_robotiq_moveit_config/share/ur_robotiq_moveit_config//config/joint_limits.yaml
-- Up-to-date: /home/rnv3/ros2_ws/install/ur_robotiq_moveit_config/share/ur_robotiq_moveit_config//config/controllers.yaml
-- Up-to-date: /home/rnv3/ros2_ws/install/ur_robotiq_moveit_config/share/ur_robotiq_moveit_config//config/ompl_planning.yaml
-- Up-to-date: /home/rnv3/ros2_ws/install/ur_robotiq_moveit_config/share/ur_robotiq_moveit_config//config/digital_controllers.yaml
-- Up-to-date: /home/rnv3/ros2_ws/install/ur_robotiq_moveit_config/share/ur_robotiq_moveit_config//config/ur_servo.yaml
-- Up-to-date: /home/rnv3/ros2_ws/install/ur_robotiq_moveit_config/share/ur_robotiq_moveit_config//config/digital_kinematics.yaml
-- Up-to-date: /home/rnv3/ros2_ws/install/ur_robotiq_moveit_config/share/ur_robotiq_moveit_config//srdf
-- Up-to-date: /home/rnv3/ros2_ws/install/ur_robotiq_moveit_config/share/ur_robotiq_moveit_config//srdf/ur_robotiq.srdf.xacro
-- Up-to-date: /home/rnv3/ros2_ws/install/ur_robotiq_moveit_config/share/ur_robotiq_moveit_config//srdf/ur_robotiq_macro.srdf.xacro
-- Up-to-date: /home/rnv3/ros2_ws/install/ur_robotiq_moveit_config/share/ur_robotiq_moveit_config//rviz
-- Up-to-date: /home/rnv3/ros2_ws/install/ur_robotiq_moveit_config/share/ur_robotiq_moveit_config//rviz/view_robot.rviz
-- Up-to-date: /home/rnv3/ros2_ws/install/ur_robotiq_moveit_config/share/ament_index/resource_index/package_run_dependencies/ur_robotiq_moveit_config
-- Up-to-date: /home/rnv3/ros2_ws/install/ur_robotiq_moveit_config/share/ament_index/resource_index/parent_prefix_path/ur_robotiq_moveit_config
-- Up-to-date: /home/rnv3/ros2_ws/install/ur_robotiq_moveit_config/share/ur_robotiq_moveit_config/environment/ament_prefix_path.sh
-- Up-to-date: /home/rnv3/ros2_ws/install/ur_robotiq_moveit_config/share/ur_robotiq_moveit_config/environment/ament_prefix_path.dsv
-- Up-to-date: /home/rnv3/ros2_ws/install/ur_robotiq_moveit_config/share/ur_robotiq_moveit_config/environment/path.sh
-- Up-to-date: /home/rnv3/ros2_ws/install/ur_robotiq_moveit_config/share/ur_robotiq_moveit_config/environment/path.dsv
-- Up-to-date: /home/rnv3/ros2_ws/install/ur_robotiq_moveit_config/share/ur_robotiq_moveit_config/local_setup.bash
-- Up-to-date: /home/rnv3/ros2_ws/install/ur_robotiq_moveit_config/share/ur_robotiq_moveit_config/local_setup.sh
-- Up-to-date: /home/rnv3/ros2_ws/install/ur_robotiq_moveit_config/share/ur_robotiq_moveit_config/local_setup.zsh
-- Up-to-date: /home/rnv3/ros2_ws/install/ur_robotiq_moveit_config/share/ur_robotiq_moveit_config/local_setup.dsv
-- Up-to-date: /home/rnv3/ros2_ws/install/ur_robotiq_moveit_config/share/ur_robotiq_moveit_config/package.dsv
-- Up-to-date: /home/rnv3/ros2_ws/install/ur_robotiq_moveit_config/share/ament_index/resource_index/packages/ur_robotiq_moveit_config
-- Up-to-date: /home/rnv3/ros2_ws/install/ur_robotiq_moveit_config/share/ur_robotiq_moveit_config/cmake/ur_robotiq_moveit_configConfig.cmake
-- Up-to-date: /home/rnv3/ros2_ws/install/ur_robotiq_moveit_config/share/ur_robotiq_moveit_config/cmake/ur_robotiq_moveit_configConfig-version.cmake
-- Up-to-date: /home/rnv3/ros2_ws/install/ur_robotiq_moveit_config/share/ur_robotiq_moveit_config/package.xml
