[0.008s] Invoking command in '/home/rnv3/ros2_ws/build/ur_robotiq_moveit_config': CMAKE_PREFIX_PATH=/opt/ros/iron /usr/bin/cmake --build /home/rnv3/ros2_ws/build/ur_robotiq_moveit_config -- -j24 -l24
[0.016s] Invoked command in '/home/rnv3/ros2_ws/build/ur_robotiq_moveit_config' returned '0': CMAKE_PREFIX_PATH=/opt/ros/iron /usr/bin/cmake --build /home/rnv3/ros2_ws/build/ur_robotiq_moveit_config -- -j24 -l24
[0.024s] Invoking command in '/home/rnv3/ros2_ws/build/ur_robotiq_moveit_config': CMAKE_PREFIX_PATH=/opt/ros/iron /usr/bin/cmake --install /home/rnv3/ros2_ws/build/ur_robotiq_moveit_config
[0.029s] -- Install configuration: ""
[0.029s] -- Up-to-date: /home/rnv3/ros2_ws/install/ur_robotiq_moveit_config/share/ur_robotiq_moveit_config//launch
[0.029s] -- Up-to-date: /home/rnv3/ros2_ws/install/ur_robotiq_moveit_config/share/ur_robotiq_moveit_config//launch/digital_ur_robotiq_moveit.launch.py
[0.029s] -- Up-to-date: /home/rnv3/ros2_ws/install/ur_robotiq_moveit_config/share/ur_robotiq_moveit_config//launch/ur_moveit.launch.py
[0.029s] -- Up-to-date: /home/rnv3/ros2_ws/install/ur_robotiq_moveit_config/share/ur_robotiq_moveit_config//launch/run.launch.py
[0.029s] -- Up-to-date: /home/rnv3/ros2_ws/install/ur_robotiq_moveit_config/share/ur_robotiq_moveit_config//launch/ur_robotiq_moveit.launch.py
[0.030s] -- Up-to-date: /home/rnv3/ros2_ws/install/ur_robotiq_moveit_config/share/ur_robotiq_moveit_config//config
[0.030s] -- Up-to-date: /home/rnv3/ros2_ws/install/ur_robotiq_moveit_config/share/ur_robotiq_moveit_config//config/kinematics.yaml
[0.030s] -- Up-to-date: /home/rnv3/ros2_ws/install/ur_robotiq_moveit_config/share/ur_robotiq_moveit_config//config/joint_limits.yaml
[0.030s] -- Up-to-date: /home/rnv3/ros2_ws/install/ur_robotiq_moveit_config/share/ur_robotiq_moveit_config//config/controllers.yaml
[0.030s] -- Up-to-date: /home/rnv3/ros2_ws/install/ur_robotiq_moveit_config/share/ur_robotiq_moveit_config//config/ompl_planning.yaml
[0.030s] -- Up-to-date: /home/rnv3/ros2_ws/install/ur_robotiq_moveit_config/share/ur_robotiq_moveit_config//config/digital_controllers.yaml
[0.030s] -- Up-to-date: /home/rnv3/ros2_ws/install/ur_robotiq_moveit_config/share/ur_robotiq_moveit_config//config/ur_servo.yaml
[0.030s] -- Up-to-date: /home/rnv3/ros2_ws/install/ur_robotiq_moveit_config/share/ur_robotiq_moveit_config//config/digital_kinematics.yaml
[0.030s] -- Up-to-date: /home/rnv3/ros2_ws/install/ur_robotiq_moveit_config/share/ur_robotiq_moveit_config//srdf
[0.030s] -- Up-to-date: /home/rnv3/ros2_ws/install/ur_robotiq_moveit_config/share/ur_robotiq_moveit_config//srdf/ur_robotiq.srdf.xacro
[0.030s] -- Up-to-date: /home/rnv3/ros2_ws/install/ur_robotiq_moveit_config/share/ur_robotiq_moveit_config//srdf/ur_robotiq_macro.srdf.xacro
[0.030s] -- Up-to-date: /home/rnv3/ros2_ws/install/ur_robotiq_moveit_config/share/ur_robotiq_moveit_config//rviz
[0.030s] -- Up-to-date: /home/rnv3/ros2_ws/install/ur_robotiq_moveit_config/share/ur_robotiq_moveit_config//rviz/view_robot.rviz
[0.030s] -- Up-to-date: /home/rnv3/ros2_ws/install/ur_robotiq_moveit_config/share/ament_index/resource_index/package_run_dependencies/ur_robotiq_moveit_config
[0.030s] -- Up-to-date: /home/rnv3/ros2_ws/install/ur_robotiq_moveit_config/share/ament_index/resource_index/parent_prefix_path/ur_robotiq_moveit_config
[0.030s] -- Up-to-date: /home/rnv3/ros2_ws/install/ur_robotiq_moveit_config/share/ur_robotiq_moveit_config/environment/ament_prefix_path.sh
[0.030s] -- Up-to-date: /home/rnv3/ros2_ws/install/ur_robotiq_moveit_config/share/ur_robotiq_moveit_config/environment/ament_prefix_path.dsv
[0.030s] -- Up-to-date: /home/rnv3/ros2_ws/install/ur_robotiq_moveit_config/share/ur_robotiq_moveit_config/environment/path.sh
[0.030s] -- Up-to-date: /home/rnv3/ros2_ws/install/ur_robotiq_moveit_config/share/ur_robotiq_moveit_config/environment/path.dsv
[0.030s] -- Up-to-date: /home/rnv3/ros2_ws/install/ur_robotiq_moveit_config/share/ur_robotiq_moveit_config/local_setup.bash
[0.030s] -- Up-to-date: /home/rnv3/ros2_ws/install/ur_robotiq_moveit_config/share/ur_robotiq_moveit_config/local_setup.sh
[0.030s] -- Up-to-date: /home/rnv3/ros2_ws/install/ur_robotiq_moveit_config/share/ur_robotiq_moveit_config/local_setup.zsh
[0.030s] -- Up-to-date: /home/rnv3/ros2_ws/install/ur_robotiq_moveit_config/share/ur_robotiq_moveit_config/local_setup.dsv
[0.030s] -- Up-to-date: /home/rnv3/ros2_ws/install/ur_robotiq_moveit_config/share/ur_robotiq_moveit_config/package.dsv
[0.030s] -- Up-to-date: /home/rnv3/ros2_ws/install/ur_robotiq_moveit_config/share/ament_index/resource_index/packages/ur_robotiq_moveit_config
[0.030s] -- Up-to-date: /home/rnv3/ros2_ws/install/ur_robotiq_moveit_config/share/ur_robotiq_moveit_config/cmake/ur_robotiq_moveit_configConfig.cmake
[0.030s] -- Up-to-date: /home/rnv3/ros2_ws/install/ur_robotiq_moveit_config/share/ur_robotiq_moveit_config/cmake/ur_robotiq_moveit_configConfig-version.cmake
[0.030s] -- Up-to-date: /home/rnv3/ros2_ws/install/ur_robotiq_moveit_config/share/ur_robotiq_moveit_config/package.xml
[0.036s] Invoked command in '/home/rnv3/ros2_ws/build/ur_robotiq_moveit_config' returned '0': CMAKE_PREFIX_PATH=/opt/ros/iron /usr/bin/cmake --install /home/rnv3/ros2_ws/build/ur_robotiq_moveit_config
