[0.005s] Invoking command in '/home/rnv3/ros2_ws/build/ur_robotiq_description': CMAKE_PREFIX_PATH=${CMAKE_PREFIX_PATH}:/opt/ros/iron /usr/bin/cmake /home/rnv3/ros2_ws/src/ur_robotiq_description -DCMAKE_INSTALL_PREFIX=/home/rnv3/ros2_ws/install/ur_robotiq_description
[0.052s] -- The C compiler identification is GNU 11.4.0
[0.081s] -- The CXX compiler identification is GNU 11.4.0
[0.089s] -- Detecting C compiler ABI info
[0.123s] -- Detecting C compiler ABI info - done
[0.130s] -- Check for working C compiler: /usr/bin/cc - skipped
[0.130s] -- Detecting C compile features
[0.130s] -- Detecting C compile features - done
[0.135s] -- Detecting CXX compiler ABI info
[0.172s] -- Detecting CXX compiler ABI info - done
[0.177s] -- Check for working CXX compiler: /usr/bin/c++ - skipped
[0.177s] -- Detecting CXX compile features
[0.177s] -- Detecting CXX compile features - done
[0.179s] -- Found ament_cmake: 2.0.6 (/opt/ros/iron/share/ament_cmake/cmake)
[0.549s] -- Found Python3: /usr/bin/python3.10 (found version "3.10.12") found components: Interpreter 
[0.632s] -- Configuring done (0.6s)
[0.633s] -- Generating done (0.0s)
[0.634s] -- Build files have been written to: /home/rnv3/ros2_ws/build/ur_robotiq_description
[0.636s] Invoked command in '/home/rnv3/ros2_ws/build/ur_robotiq_description' returned '0': CMAKE_PREFIX_PATH=${CMAKE_PREFIX_PATH}:/opt/ros/iron /usr/bin/cmake /home/rnv3/ros2_ws/src/ur_robotiq_description -DCMAKE_INSTALL_PREFIX=/home/rnv3/ros2_ws/install/ur_robotiq_description
[0.637s] Invoking command in '/home/rnv3/ros2_ws/build/ur_robotiq_description': CMAKE_PREFIX_PATH=${CMAKE_PREFIX_PATH}:/opt/ros/iron /usr/bin/cmake --build /home/rnv3/ros2_ws/build/ur_robotiq_description -- -j24 -l24
[0.646s] Invoked command in '/home/rnv3/ros2_ws/build/ur_robotiq_description' returned '0': CMAKE_PREFIX_PATH=${CMAKE_PREFIX_PATH}:/opt/ros/iron /usr/bin/cmake --build /home/rnv3/ros2_ws/build/ur_robotiq_description -- -j24 -l24
[0.655s] Invoking command in '/home/rnv3/ros2_ws/build/ur_robotiq_description': CMAKE_PREFIX_PATH=${CMAKE_PREFIX_PATH}:/opt/ros/iron /usr/bin/cmake --install /home/rnv3/ros2_ws/build/ur_robotiq_description
[0.657s] -- Install configuration: ""
[0.657s] -- Installing: /home/rnv3/ros2_ws/install/ur_robotiq_description/share/ur_robotiq_description//launch
[0.657s] -- Installing: /home/rnv3/ros2_ws/install/ur_robotiq_description/share/ur_robotiq_description//launch/view_robot.launch.py
[0.657s] -- Installing: /home/rnv3/ros2_ws/install/ur_robotiq_description/share/ur_robotiq_description//urdf
[0.657s] -- Installing: /home/rnv3/ros2_ws/install/ur_robotiq_description/share/ur_robotiq_description//urdf/ur_robotiq.urdf.xacro
[0.657s] -- Installing: /home/rnv3/ros2_ws/install/ur_robotiq_description/share/ur_robotiq_description//config
[0.657s] -- Installing: /home/rnv3/ros2_ws/install/ur_robotiq_description/share/ur_robotiq_description//config/ur10
[0.657s] -- Installing: /home/rnv3/ros2_ws/install/ur_robotiq_description/share/ur_robotiq_description//config/ur10/visual_parameters.yaml
[0.657s] -- Installing: /home/rnv3/ros2_ws/install/ur_robotiq_description/share/ur_robotiq_description//config/ur10/joint_limits.yaml
[0.657s] -- Installing: /home/rnv3/ros2_ws/install/ur_robotiq_description/share/ur_robotiq_description//config/ur10/default_kinematics.yaml
[0.658s] -- Installing: /home/rnv3/ros2_ws/install/ur_robotiq_description/share/ur_robotiq_description//config/ur10/physical_parameters.yaml
[0.658s] -- Installing: /home/rnv3/ros2_ws/install/ur_robotiq_description/share/ur_robotiq_description//config/ur3e
[0.658s] -- Installing: /home/rnv3/ros2_ws/install/ur_robotiq_description/share/ur_robotiq_description//config/ur3e/visual_parameters.yaml
[0.658s] -- Installing: /home/rnv3/ros2_ws/install/ur_robotiq_description/share/ur_robotiq_description//config/ur3e/joint_limits.yaml
[0.658s] -- Installing: /home/rnv3/ros2_ws/install/ur_robotiq_description/share/ur_robotiq_description//config/ur3e/default_kinematics.yaml
[0.658s] -- Installing: /home/rnv3/ros2_ws/install/ur_robotiq_description/share/ur_robotiq_description//config/ur3e/physical_parameters.yaml
[0.658s] -- Installing: /home/rnv3/ros2_ws/install/ur_robotiq_description/share/ur_robotiq_description//config/ur10e
[0.658s] -- Installing: /home/rnv3/ros2_ws/install/ur_robotiq_description/share/ur_robotiq_description//config/ur10e/visual_parameters.yaml
[0.658s] -- Installing: /home/rnv3/ros2_ws/install/ur_robotiq_description/share/ur_robotiq_description//config/ur10e/joint_limits.yaml
[0.658s] -- Installing: /home/rnv3/ros2_ws/install/ur_robotiq_description/share/ur_robotiq_description//config/ur10e/default_kinematics.yaml
[0.659s] -- Installing: /home/rnv3/ros2_ws/install/ur_robotiq_description/share/ur_robotiq_description//config/ur10e/physical_parameters.yaml
[0.659s] -- Installing: /home/rnv3/ros2_ws/install/ur_robotiq_description/share/ur_robotiq_description//config/ur3
[0.659s] -- Installing: /home/rnv3/ros2_ws/install/ur_robotiq_description/share/ur_robotiq_description//config/ur3/visual_parameters.yaml
[0.659s] -- Installing: /home/rnv3/ros2_ws/install/ur_robotiq_description/share/ur_robotiq_description//config/ur3/joint_limits.yaml
[0.659s] -- Installing: /home/rnv3/ros2_ws/install/ur_robotiq_description/share/ur_robotiq_description//config/ur3/default_kinematics.yaml
[0.659s] -- Installing: /home/rnv3/ros2_ws/install/ur_robotiq_description/share/ur_robotiq_description//config/ur3/physical_parameters.yaml
[0.659s] -- Installing: /home/rnv3/ros2_ws/install/ur_robotiq_description/share/ur_robotiq_description//config/initial_positions.yaml
[0.660s] -- Installing: /home/rnv3/ros2_ws/install/ur_robotiq_description/share/ur_robotiq_description//config/ur16e
[0.660s] -- Installing: /home/rnv3/ros2_ws/install/ur_robotiq_description/share/ur_robotiq_description//config/ur16e/visual_parameters.yaml
[0.660s] -- Installing: /home/rnv3/ros2_ws/install/ur_robotiq_description/share/ur_robotiq_description//config/ur16e/joint_limits.yaml
[0.660s] -- Installing: /home/rnv3/ros2_ws/install/ur_robotiq_description/share/ur_robotiq_description//config/ur16e/default_kinematics.yaml
[0.660s] -- Installing: /home/rnv3/ros2_ws/install/ur_robotiq_description/share/ur_robotiq_description//config/ur16e/physical_parameters.yaml
[0.660s] -- Installing: /home/rnv3/ros2_ws/install/ur_robotiq_description/share/ur_robotiq_description//config/ur30
[0.660s] -- Installing: /home/rnv3/ros2_ws/install/ur_robotiq_description/share/ur_robotiq_description//config/ur30/visual_parameters.yaml
[0.661s] -- Installing: /home/rnv3/ros2_ws/install/ur_robotiq_description/share/ur_robotiq_description//config/ur30/joint_limits.yaml
[0.661s] -- Installing: /home/rnv3/ros2_ws/install/ur_robotiq_description/share/ur_robotiq_description//config/ur30/default_kinematics.yaml
[0.661s] -- Installing: /home/rnv3/ros2_ws/install/ur_robotiq_description/share/ur_robotiq_description//config/ur30/physical_parameters.yaml
[0.661s] -- Installing: /home/rnv3/ros2_ws/install/ur_robotiq_description/share/ur_robotiq_description//config/ur5
[0.661s] -- Installing: /home/rnv3/ros2_ws/install/ur_robotiq_description/share/ur_robotiq_description//config/ur5/visual_parameters.yaml
[0.661s] -- Installing: /home/rnv3/ros2_ws/install/ur_robotiq_description/share/ur_robotiq_description//config/ur5/joint_limits.yaml
[0.662s] -- Installing: /home/rnv3/ros2_ws/install/ur_robotiq_description/share/ur_robotiq_description//config/ur5/default_kinematics.yaml
[0.662s] -- Installing: /home/rnv3/ros2_ws/install/ur_robotiq_description/share/ur_robotiq_description//config/ur5/physical_parameters.yaml
[0.662s] -- Installing: /home/rnv3/ros2_ws/install/ur_robotiq_description/share/ur_robotiq_description//config/ur5e
[0.662s] -- Installing: /home/rnv3/ros2_ws/install/ur_robotiq_description/share/ur_robotiq_description//config/ur5e/visual_parameters.yaml
[0.662s] -- Installing: /home/rnv3/ros2_ws/install/ur_robotiq_description/share/ur_robotiq_description//config/ur5e/joint_limits.yaml
[0.662s] -- Installing: /home/rnv3/ros2_ws/install/ur_robotiq_description/share/ur_robotiq_description//config/ur5e/default_kinematics.yaml
[0.662s] -- Installing: /home/rnv3/ros2_ws/install/ur_robotiq_description/share/ur_robotiq_description//config/ur5e/physical_parameters.yaml
[0.662s] -- Installing: /home/rnv3/ros2_ws/install/ur_robotiq_description/share/ur_robotiq_description//config/ur20
[0.662s] -- Installing: /home/rnv3/ros2_ws/install/ur_robotiq_description/share/ur_robotiq_description//config/ur20/visual_parameters.yaml
[0.662s] -- Installing: /home/rnv3/ros2_ws/install/ur_robotiq_description/share/ur_robotiq_description//config/ur20/joint_limits.yaml
[0.663s] -- Installing: /home/rnv3/ros2_ws/install/ur_robotiq_description/share/ur_robotiq_description//config/ur20/default_kinematics.yaml
[0.663s] -- Installing: /home/rnv3/ros2_ws/install/ur_robotiq_description/share/ur_robotiq_description//config/ur20/physical_parameters.yaml
[0.663s] -- Installing: /home/rnv3/ros2_ws/install/ur_robotiq_description/share/ur_robotiq_description//rviz
[0.663s] -- Installing: /home/rnv3/ros2_ws/install/ur_robotiq_description/share/ur_robotiq_description//rviz/view_robot.rviz
[0.663s] -- Installing: /home/rnv3/ros2_ws/install/ur_robotiq_description/share/ament_index/resource_index/package_run_dependencies/ur_robotiq_description
[0.663s] -- Installing: /home/rnv3/ros2_ws/install/ur_robotiq_description/share/ament_index/resource_index/parent_prefix_path/ur_robotiq_description
[0.663s] -- Installing: /home/rnv3/ros2_ws/install/ur_robotiq_description/share/ur_robotiq_description/environment/ament_prefix_path.sh
[0.664s] -- Installing: /home/rnv3/ros2_ws/install/ur_robotiq_description/share/ur_robotiq_description/environment/ament_prefix_path.dsv
[0.664s] -- Installing: /home/rnv3/ros2_ws/install/ur_robotiq_description/share/ur_robotiq_description/environment/path.sh
[0.664s] -- Installing: /home/rnv3/ros2_ws/install/ur_robotiq_description/share/ur_robotiq_description/environment/path.dsv
[0.664s] -- Installing: /home/rnv3/ros2_ws/install/ur_robotiq_description/share/ur_robotiq_description/local_setup.bash
[0.664s] -- Installing: /home/rnv3/ros2_ws/install/ur_robotiq_description/share/ur_robotiq_description/local_setup.sh
[0.664s] -- Installing: /home/rnv3/ros2_ws/install/ur_robotiq_description/share/ur_robotiq_description/local_setup.zsh
[0.664s] -- Installing: /home/rnv3/ros2_ws/install/ur_robotiq_description/share/ur_robotiq_description/local_setup.dsv
[0.664s] -- Installing: /home/rnv3/ros2_ws/install/ur_robotiq_description/share/ur_robotiq_description/package.dsv
[0.665s] -- Installing: /home/rnv3/ros2_ws/install/ur_robotiq_description/share/ament_index/resource_index/packages/ur_robotiq_description
[0.665s] -- Installing: /home/rnv3/ros2_ws/install/ur_robotiq_description/share/ur_robotiq_description/cmake/ur_robotiq_descriptionConfig.cmake
[0.665s] -- Installing: /home/rnv3/ros2_ws/install/ur_robotiq_description/share/ur_robotiq_description/cmake/ur_robotiq_descriptionConfig-version.cmake
[0.665s] -- Installing: /home/rnv3/ros2_ws/install/ur_robotiq_description/share/ur_robotiq_description/package.xml
[0.666s] Invoked command in '/home/rnv3/ros2_ws/build/ur_robotiq_description' returned '0': CMAKE_PREFIX_PATH=${CMAKE_PREFIX_PATH}:/opt/ros/iron /usr/bin/cmake --install /home/rnv3/ros2_ws/build/ur_robotiq_description
