[0.048s] DEBUG:colcon:Command line arguments: ['/usr/bin/colcon', 'build']
[0.048s] DEBUG:colcon:Parsed command line arguments: Namespace(log_base=None, log_level=None, verb_name='build', build_base='build', install_base='install', merge_install=False, symlink_install=False, test_result_base=None, continue_on_error=False, executor='parallel', parallel_workers=24, event_handlers=None, ignore_user_meta=False, metas=['./colcon.meta'], base_paths=['.'], packages_ignore=None, packages_ignore_regex=None, paths=None, packages_up_to=None, packages_up_to_regex=None, packages_above=None, packages_above_and_dependencies=None, packages_above_depth=None, packages_select_by_dep=None, packages_skip_by_dep=None, packages_skip_up_to=None, packages_select_build_failed=False, packages_skip_build_finished=False, packages_select_test_failures=False, packages_skip_test_passed=False, packages_select=None, packages_skip=None, packages_select_regex=None, packages_skip_regex=None, packages_start=None, packages_end=None, allow_overriding=[], cmake_args=None, cmake_target=None, cmake_target_skip_unavailable=False, cmake_clean_cache=False, cmake_clean_first=False, cmake_force_configure=False, ament_cmake_args=None, catkin_cmake_args=None, catkin_skip_building_tests=False, verb_parser=<colcon_defaults.argument_parser.defaults.DefaultArgumentsDecorator object at 0x709b338ec490>, verb_extension=<colcon_core.verb.build.BuildVerb object at 0x709b338b78b0>, main=<bound method BuildVerb.main of <colcon_core.verb.build.BuildVerb object at 0x709b338b78b0>>)
[0.124s] Level 1:colcon.colcon_core.package_discovery:discover_packages(colcon_meta) check parameters
[0.124s] Level 1:colcon.colcon_core.package_discovery:discover_packages(recursive) check parameters
[0.124s] Level 1:colcon.colcon_core.package_discovery:discover_packages(ignore) check parameters
[0.124s] Level 1:colcon.colcon_core.package_discovery:discover_packages(path) check parameters
[0.124s] Level 1:colcon.colcon_core.package_discovery:discover_packages(colcon_meta) discover
[0.124s] Level 1:colcon.colcon_core.package_discovery:discover_packages(recursive) discover
[0.124s] INFO:colcon.colcon_core.package_discovery:Crawling recursively for packages in '/home/rnv3/ros2_ws'
[0.124s] Level 1:colcon.colcon_core.package_identification:_identify(.) by extensions ['ignore', 'ignore_ament_install']
[0.125s] Level 1:colcon.colcon_core.package_identification:_identify(.) by extension 'ignore'
[0.125s] Level 1:colcon.colcon_core.package_identification:_identify(.) by extension 'ignore_ament_install'
[0.125s] Level 1:colcon.colcon_core.package_identification:_identify(.) by extensions ['colcon_pkg']
[0.125s] Level 1:colcon.colcon_core.package_identification:_identify(.) by extension 'colcon_pkg'
[0.125s] Level 1:colcon.colcon_core.package_identification:_identify(.) by extensions ['colcon_meta']
[0.125s] Level 1:colcon.colcon_core.package_identification:_identify(.) by extension 'colcon_meta'
[0.125s] Level 1:colcon.colcon_core.package_identification:_identify(.) by extensions ['ros']
[0.125s] Level 1:colcon.colcon_core.package_identification:_identify(.) by extension 'ros'
[0.130s] Level 1:colcon.colcon_core.package_identification:_identify(.) by extensions ['cmake', 'python']
[0.130s] Level 1:colcon.colcon_core.package_identification:_identify(.) by extension 'cmake'
[0.130s] Level 1:colcon.colcon_core.package_identification:_identify(.) by extension 'python'
[0.130s] Level 1:colcon.colcon_core.package_identification:_identify(.) by extensions ['python_setup_py']
[0.130s] Level 1:colcon.colcon_core.package_identification:_identify(.) by extension 'python_setup_py'
[0.130s] Level 1:colcon.colcon_core.package_identification:_identify(build) by extensions ['ignore', 'ignore_ament_install']
[0.130s] Level 1:colcon.colcon_core.package_identification:_identify(build) by extension 'ignore'
[0.130s] Level 1:colcon.colcon_core.package_identification:_identify(build) ignored
[0.130s] Level 1:colcon.colcon_core.package_identification:_identify(install) by extensions ['ignore', 'ignore_ament_install']
[0.130s] Level 1:colcon.colcon_core.package_identification:_identify(install) by extension 'ignore'
[0.130s] Level 1:colcon.colcon_core.package_identification:_identify(install) ignored
[0.130s] Level 1:colcon.colcon_core.package_identification:_identify(log) by extensions ['ignore', 'ignore_ament_install']
[0.130s] Level 1:colcon.colcon_core.package_identification:_identify(log) by extension 'ignore'
[0.130s] Level 1:colcon.colcon_core.package_identification:_identify(log) ignored
[0.130s] Level 1:colcon.colcon_core.package_identification:_identify(src) by extensions ['ignore', 'ignore_ament_install']
[0.130s] Level 1:colcon.colcon_core.package_identification:_identify(src) by extension 'ignore'
[0.130s] Level 1:colcon.colcon_core.package_identification:_identify(src) by extension 'ignore_ament_install'
[0.130s] Level 1:colcon.colcon_core.package_identification:_identify(src) by extensions ['colcon_pkg']
[0.130s] Level 1:colcon.colcon_core.package_identification:_identify(src) by extension 'colcon_pkg'
[0.130s] Level 1:colcon.colcon_core.package_identification:_identify(src) by extensions ['colcon_meta']
[0.130s] Level 1:colcon.colcon_core.package_identification:_identify(src) by extension 'colcon_meta'
[0.130s] Level 1:colcon.colcon_core.package_identification:_identify(src) by extensions ['ros']
[0.130s] Level 1:colcon.colcon_core.package_identification:_identify(src) by extension 'ros'
[0.130s] Level 1:colcon.colcon_core.package_identification:_identify(src) by extensions ['cmake', 'python']
[0.130s] Level 1:colcon.colcon_core.package_identification:_identify(src) by extension 'cmake'
[0.131s] Level 1:colcon.colcon_core.package_identification:_identify(src) by extension 'python'
[0.131s] Level 1:colcon.colcon_core.package_identification:_identify(src) by extensions ['python_setup_py']
[0.131s] Level 1:colcon.colcon_core.package_identification:_identify(src) by extension 'python_setup_py'
[0.131s] Level 1:colcon.colcon_core.package_identification:_identify(src/integrated_ur_robotiq) by extensions ['ignore', 'ignore_ament_install']
[0.131s] Level 1:colcon.colcon_core.package_identification:_identify(src/integrated_ur_robotiq) by extension 'ignore'
[0.131s] Level 1:colcon.colcon_core.package_identification:_identify(src/integrated_ur_robotiq) by extension 'ignore_ament_install'
[0.131s] Level 1:colcon.colcon_core.package_identification:_identify(src/integrated_ur_robotiq) by extensions ['colcon_pkg']
[0.131s] Level 1:colcon.colcon_core.package_identification:_identify(src/integrated_ur_robotiq) by extension 'colcon_pkg'
[0.131s] Level 1:colcon.colcon_core.package_identification:_identify(src/integrated_ur_robotiq) by extensions ['colcon_meta']
[0.131s] Level 1:colcon.colcon_core.package_identification:_identify(src/integrated_ur_robotiq) by extension 'colcon_meta'
[0.131s] Level 1:colcon.colcon_core.package_identification:_identify(src/integrated_ur_robotiq) by extensions ['ros']
[0.131s] Level 1:colcon.colcon_core.package_identification:_identify(src/integrated_ur_robotiq) by extension 'ros'
[0.132s] DEBUG:colcon.colcon_core.package_identification:Package 'src/integrated_ur_robotiq' with type 'ros.ament_cmake' and name 'integrated_ur_robotiq'
[0.132s] Level 1:colcon.colcon_core.package_identification:_identify(src/robotiq_gripper) by extensions ['ignore', 'ignore_ament_install']
[0.132s] Level 1:colcon.colcon_core.package_identification:_identify(src/robotiq_gripper) by extension 'ignore'
[0.132s] Level 1:colcon.colcon_core.package_identification:_identify(src/robotiq_gripper) by extension 'ignore_ament_install'
[0.132s] Level 1:colcon.colcon_core.package_identification:_identify(src/robotiq_gripper) by extensions ['colcon_pkg']
[0.132s] Level 1:colcon.colcon_core.package_identification:_identify(src/robotiq_gripper) by extension 'colcon_pkg'
[0.132s] Level 1:colcon.colcon_core.package_identification:_identify(src/robotiq_gripper) by extensions ['colcon_meta']
[0.132s] Level 1:colcon.colcon_core.package_identification:_identify(src/robotiq_gripper) by extension 'colcon_meta'
[0.132s] Level 1:colcon.colcon_core.package_identification:_identify(src/robotiq_gripper) by extensions ['ros']
[0.132s] Level 1:colcon.colcon_core.package_identification:_identify(src/robotiq_gripper) by extension 'ros'
[0.132s] DEBUG:colcon.colcon_core.package_identification:Package 'src/robotiq_gripper' with type 'ros.ament_cmake' and name 'robotiq_gripper'
[0.132s] Level 1:colcon.colcon_core.package_identification:_identify(src/ur_robotiq_description) by extensions ['ignore', 'ignore_ament_install']
[0.132s] Level 1:colcon.colcon_core.package_identification:_identify(src/ur_robotiq_description) by extension 'ignore'
[0.132s] Level 1:colcon.colcon_core.package_identification:_identify(src/ur_robotiq_description) by extension 'ignore_ament_install'
[0.132s] Level 1:colcon.colcon_core.package_identification:_identify(src/ur_robotiq_description) by extensions ['colcon_pkg']
[0.132s] Level 1:colcon.colcon_core.package_identification:_identify(src/ur_robotiq_description) by extension 'colcon_pkg'
[0.133s] Level 1:colcon.colcon_core.package_identification:_identify(src/ur_robotiq_description) by extensions ['colcon_meta']
[0.133s] Level 1:colcon.colcon_core.package_identification:_identify(src/ur_robotiq_description) by extension 'colcon_meta'
[0.133s] Level 1:colcon.colcon_core.package_identification:_identify(src/ur_robotiq_description) by extensions ['ros']
[0.133s] Level 1:colcon.colcon_core.package_identification:_identify(src/ur_robotiq_description) by extension 'ros'
[0.133s] DEBUG:colcon.colcon_core.package_identification:Package 'src/ur_robotiq_description' with type 'ros.ament_cmake' and name 'ur_robotiq_description'
[0.133s] Level 1:colcon.colcon_core.package_identification:_identify(src/ur_robotiq_moveit_config) by extensions ['ignore', 'ignore_ament_install']
[0.133s] Level 1:colcon.colcon_core.package_identification:_identify(src/ur_robotiq_moveit_config) by extension 'ignore'
[0.133s] Level 1:colcon.colcon_core.package_identification:_identify(src/ur_robotiq_moveit_config) by extension 'ignore_ament_install'
[0.133s] Level 1:colcon.colcon_core.package_identification:_identify(src/ur_robotiq_moveit_config) by extensions ['colcon_pkg']
[0.133s] Level 1:colcon.colcon_core.package_identification:_identify(src/ur_robotiq_moveit_config) by extension 'colcon_pkg'
[0.133s] Level 1:colcon.colcon_core.package_identification:_identify(src/ur_robotiq_moveit_config) by extensions ['colcon_meta']
[0.133s] Level 1:colcon.colcon_core.package_identification:_identify(src/ur_robotiq_moveit_config) by extension 'colcon_meta'
[0.133s] Level 1:colcon.colcon_core.package_identification:_identify(src/ur_robotiq_moveit_config) by extensions ['ros']
[0.133s] Level 1:colcon.colcon_core.package_identification:_identify(src/ur_robotiq_moveit_config) by extension 'ros'
[0.133s] DEBUG:colcon.colcon_core.package_identification:Package 'src/ur_robotiq_moveit_config' with type 'ros.ament_cmake' and name 'ur_robotiq_moveit_config'
[0.133s] Level 1:colcon.colcon_core.package_discovery:discover_packages(recursive) using defaults
[0.133s] Level 1:colcon.colcon_core.package_discovery:discover_packages(ignore) discover
[0.133s] Level 1:colcon.colcon_core.package_discovery:discover_packages(ignore) using defaults
[0.133s] Level 1:colcon.colcon_core.package_discovery:discover_packages(path) discover
[0.133s] Level 1:colcon.colcon_core.package_discovery:discover_packages(path) using defaults
[0.142s] Level 1:colcon.colcon_core.package_discovery:discover_packages(prefix_path) check parameters
[0.142s] Level 1:colcon.colcon_core.package_discovery:discover_packages(prefix_path) discover
[0.147s] DEBUG:colcon.colcon_installed_package_information.package_discovery:Found 349 installed packages in /opt/ros/iron
[0.148s] Level 1:colcon.colcon_core.package_discovery:discover_packages(prefix_path) using defaults
[0.170s] Level 5:colcon.colcon_core.verb:set package 'robotiq_gripper' build argument 'cmake_args' from command line to 'None'
[0.170s] Level 5:colcon.colcon_core.verb:set package 'robotiq_gripper' build argument 'cmake_target' from command line to 'None'
[0.170s] Level 5:colcon.colcon_core.verb:set package 'robotiq_gripper' build argument 'cmake_target_skip_unavailable' from command line to 'False'
[0.170s] Level 5:colcon.colcon_core.verb:set package 'robotiq_gripper' build argument 'cmake_clean_cache' from command line to 'False'
[0.170s] Level 5:colcon.colcon_core.verb:set package 'robotiq_gripper' build argument 'cmake_clean_first' from command line to 'False'
[0.170s] Level 5:colcon.colcon_core.verb:set package 'robotiq_gripper' build argument 'cmake_force_configure' from command line to 'False'
[0.170s] Level 5:colcon.colcon_core.verb:set package 'robotiq_gripper' build argument 'ament_cmake_args' from command line to 'None'
[0.170s] Level 5:colcon.colcon_core.verb:set package 'robotiq_gripper' build argument 'catkin_cmake_args' from command line to 'None'
[0.170s] Level 5:colcon.colcon_core.verb:set package 'robotiq_gripper' build argument 'catkin_skip_building_tests' from command line to 'False'
[0.170s] DEBUG:colcon.colcon_core.verb:Building package 'robotiq_gripper' with the following arguments: {'ament_cmake_args': None, 'build_base': '/home/rnv3/ros2_ws/build/robotiq_gripper', 'catkin_cmake_args': None, 'catkin_skip_building_tests': False, 'cmake_args': None, 'cmake_clean_cache': False, 'cmake_clean_first': False, 'cmake_force_configure': False, 'cmake_target': None, 'cmake_target_skip_unavailable': False, 'install_base': '/home/rnv3/ros2_ws/install/robotiq_gripper', 'merge_install': False, 'path': '/home/rnv3/ros2_ws/src/robotiq_gripper', 'symlink_install': False, 'test_result_base': None}
[0.170s] Level 5:colcon.colcon_core.verb:set package 'ur_robotiq_description' build argument 'cmake_args' from command line to 'None'
[0.170s] Level 5:colcon.colcon_core.verb:set package 'ur_robotiq_description' build argument 'cmake_target' from command line to 'None'
[0.170s] Level 5:colcon.colcon_core.verb:set package 'ur_robotiq_description' build argument 'cmake_target_skip_unavailable' from command line to 'False'
[0.170s] Level 5:colcon.colcon_core.verb:set package 'ur_robotiq_description' build argument 'cmake_clean_cache' from command line to 'False'
[0.170s] Level 5:colcon.colcon_core.verb:set package 'ur_robotiq_description' build argument 'cmake_clean_first' from command line to 'False'
[0.170s] Level 5:colcon.colcon_core.verb:set package 'ur_robotiq_description' build argument 'cmake_force_configure' from command line to 'False'
[0.170s] Level 5:colcon.colcon_core.verb:set package 'ur_robotiq_description' build argument 'ament_cmake_args' from command line to 'None'
[0.170s] Level 5:colcon.colcon_core.verb:set package 'ur_robotiq_description' build argument 'catkin_cmake_args' from command line to 'None'
[0.170s] Level 5:colcon.colcon_core.verb:set package 'ur_robotiq_description' build argument 'catkin_skip_building_tests' from command line to 'False'
[0.170s] DEBUG:colcon.colcon_core.verb:Building package 'ur_robotiq_description' with the following arguments: {'ament_cmake_args': None, 'build_base': '/home/rnv3/ros2_ws/build/ur_robotiq_description', 'catkin_cmake_args': None, 'catkin_skip_building_tests': False, 'cmake_args': None, 'cmake_clean_cache': False, 'cmake_clean_first': False, 'cmake_force_configure': False, 'cmake_target': None, 'cmake_target_skip_unavailable': False, 'install_base': '/home/rnv3/ros2_ws/install/ur_robotiq_description', 'merge_install': False, 'path': '/home/rnv3/ros2_ws/src/ur_robotiq_description', 'symlink_install': False, 'test_result_base': None}
[0.170s] Level 5:colcon.colcon_core.verb:set package 'ur_robotiq_moveit_config' build argument 'cmake_args' from command line to 'None'
[0.170s] Level 5:colcon.colcon_core.verb:set package 'ur_robotiq_moveit_config' build argument 'cmake_target' from command line to 'None'
[0.170s] Level 5:colcon.colcon_core.verb:set package 'ur_robotiq_moveit_config' build argument 'cmake_target_skip_unavailable' from command line to 'False'
[0.170s] Level 5:colcon.colcon_core.verb:set package 'ur_robotiq_moveit_config' build argument 'cmake_clean_cache' from command line to 'False'
[0.170s] Level 5:colcon.colcon_core.verb:set package 'ur_robotiq_moveit_config' build argument 'cmake_clean_first' from command line to 'False'
[0.170s] Level 5:colcon.colcon_core.verb:set package 'ur_robotiq_moveit_config' build argument 'cmake_force_configure' from command line to 'False'
[0.170s] Level 5:colcon.colcon_core.verb:set package 'ur_robotiq_moveit_config' build argument 'ament_cmake_args' from command line to 'None'
[0.170s] Level 5:colcon.colcon_core.verb:set package 'ur_robotiq_moveit_config' build argument 'catkin_cmake_args' from command line to 'None'
[0.170s] Level 5:colcon.colcon_core.verb:set package 'ur_robotiq_moveit_config' build argument 'catkin_skip_building_tests' from command line to 'False'
[0.170s] DEBUG:colcon.colcon_core.verb:Building package 'ur_robotiq_moveit_config' with the following arguments: {'ament_cmake_args': None, 'build_base': '/home/rnv3/ros2_ws/build/ur_robotiq_moveit_config', 'catkin_cmake_args': None, 'catkin_skip_building_tests': False, 'cmake_args': None, 'cmake_clean_cache': False, 'cmake_clean_first': False, 'cmake_force_configure': False, 'cmake_target': None, 'cmake_target_skip_unavailable': False, 'install_base': '/home/rnv3/ros2_ws/install/ur_robotiq_moveit_config', 'merge_install': False, 'path': '/home/rnv3/ros2_ws/src/ur_robotiq_moveit_config', 'symlink_install': False, 'test_result_base': None}
[0.170s] Level 5:colcon.colcon_core.verb:set package 'integrated_ur_robotiq' build argument 'cmake_args' from command line to 'None'
[0.170s] Level 5:colcon.colcon_core.verb:set package 'integrated_ur_robotiq' build argument 'cmake_target' from command line to 'None'
[0.170s] Level 5:colcon.colcon_core.verb:set package 'integrated_ur_robotiq' build argument 'cmake_target_skip_unavailable' from command line to 'False'
[0.170s] Level 5:colcon.colcon_core.verb:set package 'integrated_ur_robotiq' build argument 'cmake_clean_cache' from command line to 'False'
[0.170s] Level 5:colcon.colcon_core.verb:set package 'integrated_ur_robotiq' build argument 'cmake_clean_first' from command line to 'False'
[0.170s] Level 5:colcon.colcon_core.verb:set package 'integrated_ur_robotiq' build argument 'cmake_force_configure' from command line to 'False'
[0.170s] Level 5:colcon.colcon_core.verb:set package 'integrated_ur_robotiq' build argument 'ament_cmake_args' from command line to 'None'
[0.170s] Level 5:colcon.colcon_core.verb:set package 'integrated_ur_robotiq' build argument 'catkin_cmake_args' from command line to 'None'
[0.170s] Level 5:colcon.colcon_core.verb:set package 'integrated_ur_robotiq' build argument 'catkin_skip_building_tests' from command line to 'False'
[0.170s] DEBUG:colcon.colcon_core.verb:Building package 'integrated_ur_robotiq' with the following arguments: {'ament_cmake_args': None, 'build_base': '/home/rnv3/ros2_ws/build/integrated_ur_robotiq', 'catkin_cmake_args': None, 'catkin_skip_building_tests': False, 'cmake_args': None, 'cmake_clean_cache': False, 'cmake_clean_first': False, 'cmake_force_configure': False, 'cmake_target': None, 'cmake_target_skip_unavailable': False, 'install_base': '/home/rnv3/ros2_ws/install/integrated_ur_robotiq', 'merge_install': False, 'path': '/home/rnv3/ros2_ws/src/integrated_ur_robotiq', 'symlink_install': False, 'test_result_base': None}
[0.170s] INFO:colcon.colcon_core.executor:Executing jobs using 'parallel' executor
[0.171s] DEBUG:colcon.colcon_parallel_executor.executor.parallel:run_until_complete
[0.171s] INFO:colcon.colcon_ros.task.ament_cmake.build:Building ROS package in '/home/rnv3/ros2_ws/src/robotiq_gripper' with build type 'ament_cmake'
[0.171s] INFO:colcon.colcon_cmake.task.cmake.build:Building CMake package in '/home/rnv3/ros2_ws/src/robotiq_gripper'
[0.172s] INFO:colcon.colcon_core.plugin_system:Skipping extension 'colcon_core.shell.bat': Not used on non-Windows systems
[0.172s] INFO:colcon.colcon_core.shell:Skip shell extension 'powershell' for command environment: Not usable outside of PowerShell
[0.172s] DEBUG:colcon.colcon_core.shell:Skip shell extension 'dsv' for command environment
[0.174s] INFO:colcon.colcon_ros.task.ament_cmake.build:Building ROS package in '/home/rnv3/ros2_ws/src/ur_robotiq_description' with build type 'ament_cmake'
[0.174s] INFO:colcon.colcon_cmake.task.cmake.build:Building CMake package in '/home/rnv3/ros2_ws/src/ur_robotiq_description'
[0.174s] INFO:colcon.colcon_core.shell:Skip shell extension 'powershell' for command environment: Not usable outside of PowerShell
[0.174s] DEBUG:colcon.colcon_core.shell:Skip shell extension 'dsv' for command environment
[0.175s] INFO:colcon.colcon_ros.task.ament_cmake.build:Building ROS package in '/home/rnv3/ros2_ws/src/ur_robotiq_moveit_config' with build type 'ament_cmake'
[0.175s] INFO:colcon.colcon_cmake.task.cmake.build:Building CMake package in '/home/rnv3/ros2_ws/src/ur_robotiq_moveit_config'
[0.175s] INFO:colcon.colcon_core.shell:Skip shell extension 'powershell' for command environment: Not usable outside of PowerShell
[0.175s] DEBUG:colcon.colcon_core.shell:Skip shell extension 'dsv' for command environment
[0.178s] DEBUG:colcon.colcon_core.event_handler.log_command:Invoking command in '/home/rnv3/ros2_ws/build/robotiq_gripper': CMAKE_PREFIX_PATH=/opt/ros/iron /usr/bin/cmake --build /home/rnv3/ros2_ws/build/robotiq_gripper -- -j24 -l24
[0.179s] DEBUG:colcon.colcon_core.event_handler.log_command:Invoking command in '/home/rnv3/ros2_ws/build/ur_robotiq_description': CMAKE_PREFIX_PATH=/opt/ros/iron /usr/bin/cmake --build /home/rnv3/ros2_ws/build/ur_robotiq_description -- -j24 -l24
[0.183s] DEBUG:colcon.colcon_core.event_handler.log_command:Invoking command in '/home/rnv3/ros2_ws/build/ur_robotiq_moveit_config': CMAKE_PREFIX_PATH=/opt/ros/iron /usr/bin/cmake --build /home/rnv3/ros2_ws/build/ur_robotiq_moveit_config -- -j24 -l24
[0.187s] DEBUG:colcon.colcon_core.event_handler.log_command:Invoked command in '/home/rnv3/ros2_ws/build/ur_robotiq_description' returned '0': CMAKE_PREFIX_PATH=/opt/ros/iron /usr/bin/cmake --build /home/rnv3/ros2_ws/build/ur_robotiq_description -- -j24 -l24
[0.191s] DEBUG:colcon.colcon_core.event_handler.log_command:Invoked command in '/home/rnv3/ros2_ws/build/ur_robotiq_moveit_config' returned '0': CMAKE_PREFIX_PATH=/opt/ros/iron /usr/bin/cmake --build /home/rnv3/ros2_ws/build/ur_robotiq_moveit_config -- -j24 -l24
[0.197s] DEBUG:colcon.colcon_core.event_handler.log_command:Invoking command in '/home/rnv3/ros2_ws/build/ur_robotiq_description': CMAKE_PREFIX_PATH=/opt/ros/iron /usr/bin/cmake --install /home/rnv3/ros2_ws/build/ur_robotiq_description
[0.199s] DEBUG:colcon.colcon_core.event_handler.log_command:Invoking command in '/home/rnv3/ros2_ws/build/ur_robotiq_moveit_config': CMAKE_PREFIX_PATH=/opt/ros/iron /usr/bin/cmake --install /home/rnv3/ros2_ws/build/ur_robotiq_moveit_config
[0.200s] Level 1:colcon.colcon_core.environment:create_environment_scripts_only(ur_robotiq_description)
[0.204s] DEBUG:colcon.colcon_core.event_handler.log_command:Invoked command in '/home/rnv3/ros2_ws/build/ur_robotiq_description' returned '0': CMAKE_PREFIX_PATH=/opt/ros/iron /usr/bin/cmake --install /home/rnv3/ros2_ws/build/ur_robotiq_description
[0.206s] Level 1:colcon.colcon_core.environment:checking '/home/rnv3/ros2_ws/install/ur_robotiq_description' for CMake module files
[0.207s] Level 1:colcon.colcon_core.environment:checking '/home/rnv3/ros2_ws/install/ur_robotiq_description' for CMake config files
[0.208s] Level 1:colcon.colcon_core.shell:create_environment_hook('ur_robotiq_description', 'cmake_prefix_path')
[0.208s] INFO:colcon.colcon_core.shell:Creating environment hook '/home/rnv3/ros2_ws/install/ur_robotiq_description/share/ur_robotiq_description/hook/cmake_prefix_path.ps1'
[0.208s] INFO:colcon.colcon_core.shell:Creating environment descriptor '/home/rnv3/ros2_ws/install/ur_robotiq_description/share/ur_robotiq_description/hook/cmake_prefix_path.dsv'
[0.208s] INFO:colcon.colcon_core.shell:Creating environment hook '/home/rnv3/ros2_ws/install/ur_robotiq_description/share/ur_robotiq_description/hook/cmake_prefix_path.sh'
[0.209s] Level 1:colcon.colcon_core.environment:checking '/home/rnv3/ros2_ws/install/ur_robotiq_description/bin'
[0.209s] Level 1:colcon.colcon_core.environment:checking '/home/rnv3/ros2_ws/install/ur_robotiq_description/lib/pkgconfig/ur_robotiq_description.pc'
[0.209s] Level 1:colcon.colcon_core.environment:checking '/home/rnv3/ros2_ws/install/ur_robotiq_description/lib/python3.10/site-packages'
[0.209s] Level 1:colcon.colcon_core.environment:checking '/home/rnv3/ros2_ws/install/ur_robotiq_description/bin'
[0.209s] INFO:colcon.colcon_core.shell:Creating package script '/home/rnv3/ros2_ws/install/ur_robotiq_description/share/ur_robotiq_description/package.ps1'
[0.209s] INFO:colcon.colcon_core.shell:Creating package descriptor '/home/rnv3/ros2_ws/install/ur_robotiq_description/share/ur_robotiq_description/package.dsv'
[0.210s] INFO:colcon.colcon_core.shell:Creating package script '/home/rnv3/ros2_ws/install/ur_robotiq_description/share/ur_robotiq_description/package.sh'
[0.210s] INFO:colcon.colcon_core.shell:Creating package script '/home/rnv3/ros2_ws/install/ur_robotiq_description/share/ur_robotiq_description/package.bash'
[0.210s] INFO:colcon.colcon_core.shell:Creating package script '/home/rnv3/ros2_ws/install/ur_robotiq_description/share/ur_robotiq_description/package.zsh'
[0.210s] Level 1:colcon.colcon_core.environment:create_file_with_runtime_dependencies(/home/rnv3/ros2_ws/install/ur_robotiq_description/share/colcon-core/packages/ur_robotiq_description)
[0.211s] Level 1:colcon.colcon_core.environment:create_environment_scripts_only(ur_robotiq_moveit_config)
[0.211s] DEBUG:colcon.colcon_core.event_handler.log_command:Invoked command in '/home/rnv3/ros2_ws/build/ur_robotiq_moveit_config' returned '0': CMAKE_PREFIX_PATH=/opt/ros/iron /usr/bin/cmake --install /home/rnv3/ros2_ws/build/ur_robotiq_moveit_config
[0.212s] Level 1:colcon.colcon_core.environment:checking '/home/rnv3/ros2_ws/install/ur_robotiq_moveit_config' for CMake module files
[0.212s] Level 1:colcon.colcon_core.environment:checking '/home/rnv3/ros2_ws/install/ur_robotiq_moveit_config' for CMake config files
[0.212s] Level 1:colcon.colcon_core.shell:create_environment_hook('ur_robotiq_moveit_config', 'cmake_prefix_path')
[0.212s] INFO:colcon.colcon_core.shell:Creating environment hook '/home/rnv3/ros2_ws/install/ur_robotiq_moveit_config/share/ur_robotiq_moveit_config/hook/cmake_prefix_path.ps1'
[0.212s] INFO:colcon.colcon_core.shell:Creating environment descriptor '/home/rnv3/ros2_ws/install/ur_robotiq_moveit_config/share/ur_robotiq_moveit_config/hook/cmake_prefix_path.dsv'
[0.213s] INFO:colcon.colcon_core.shell:Creating environment hook '/home/rnv3/ros2_ws/install/ur_robotiq_moveit_config/share/ur_robotiq_moveit_config/hook/cmake_prefix_path.sh'
[0.213s] Level 1:colcon.colcon_core.environment:checking '/home/rnv3/ros2_ws/install/ur_robotiq_moveit_config/bin'
[0.213s] Level 1:colcon.colcon_core.environment:checking '/home/rnv3/ros2_ws/install/ur_robotiq_moveit_config/lib/pkgconfig/ur_robotiq_moveit_config.pc'
[0.213s] Level 1:colcon.colcon_core.environment:checking '/home/rnv3/ros2_ws/install/ur_robotiq_moveit_config/lib/python3.10/site-packages'
[0.213s] Level 1:colcon.colcon_core.environment:checking '/home/rnv3/ros2_ws/install/ur_robotiq_moveit_config/bin'
[0.213s] INFO:colcon.colcon_core.shell:Creating package script '/home/rnv3/ros2_ws/install/ur_robotiq_moveit_config/share/ur_robotiq_moveit_config/package.ps1'
[0.213s] INFO:colcon.colcon_core.shell:Creating package descriptor '/home/rnv3/ros2_ws/install/ur_robotiq_moveit_config/share/ur_robotiq_moveit_config/package.dsv'
[0.213s] INFO:colcon.colcon_core.shell:Creating package script '/home/rnv3/ros2_ws/install/ur_robotiq_moveit_config/share/ur_robotiq_moveit_config/package.sh'
[0.214s] INFO:colcon.colcon_core.shell:Creating package script '/home/rnv3/ros2_ws/install/ur_robotiq_moveit_config/share/ur_robotiq_moveit_config/package.bash'
[0.214s] INFO:colcon.colcon_core.shell:Creating package script '/home/rnv3/ros2_ws/install/ur_robotiq_moveit_config/share/ur_robotiq_moveit_config/package.zsh'
[0.214s] Level 1:colcon.colcon_core.environment:create_file_with_runtime_dependencies(/home/rnv3/ros2_ws/install/ur_robotiq_moveit_config/share/colcon-core/packages/ur_robotiq_moveit_config)
[0.218s] Level 1:colcon.colcon_core.environment:create_environment_scripts_only(ur_robotiq_description)
[0.218s] Level 1:colcon.colcon_core.environment:checking '/home/rnv3/ros2_ws/install/ur_robotiq_description' for CMake module files
[0.218s] Level 1:colcon.colcon_core.environment:checking '/home/rnv3/ros2_ws/install/ur_robotiq_description' for CMake config files
[0.219s] Level 1:colcon.colcon_core.shell:create_environment_hook('ur_robotiq_description', 'cmake_prefix_path')
[0.219s] INFO:colcon.colcon_core.shell:Creating environment hook '/home/rnv3/ros2_ws/install/ur_robotiq_description/share/ur_robotiq_description/hook/cmake_prefix_path.ps1'
[0.219s] INFO:colcon.colcon_core.shell:Creating environment descriptor '/home/rnv3/ros2_ws/install/ur_robotiq_description/share/ur_robotiq_description/hook/cmake_prefix_path.dsv'
[0.219s] INFO:colcon.colcon_core.shell:Creating environment hook '/home/rnv3/ros2_ws/install/ur_robotiq_description/share/ur_robotiq_description/hook/cmake_prefix_path.sh'
[0.219s] Level 1:colcon.colcon_core.environment:checking '/home/rnv3/ros2_ws/install/ur_robotiq_description/bin'
[0.219s] Level 1:colcon.colcon_core.environment:checking '/home/rnv3/ros2_ws/install/ur_robotiq_description/lib/pkgconfig/ur_robotiq_description.pc'
[0.219s] Level 1:colcon.colcon_core.environment:checking '/home/rnv3/ros2_ws/install/ur_robotiq_description/lib/python3.10/site-packages'
[0.219s] Level 1:colcon.colcon_core.environment:checking '/home/rnv3/ros2_ws/install/ur_robotiq_description/bin'
[0.220s] INFO:colcon.colcon_core.shell:Creating package script '/home/rnv3/ros2_ws/install/ur_robotiq_description/share/ur_robotiq_description/package.ps1'
[0.220s] INFO:colcon.colcon_core.shell:Creating package descriptor '/home/rnv3/ros2_ws/install/ur_robotiq_description/share/ur_robotiq_description/package.dsv'
[0.220s] INFO:colcon.colcon_core.shell:Creating package script '/home/rnv3/ros2_ws/install/ur_robotiq_description/share/ur_robotiq_description/package.sh'
[0.220s] INFO:colcon.colcon_core.shell:Creating package script '/home/rnv3/ros2_ws/install/ur_robotiq_description/share/ur_robotiq_description/package.bash'
[0.220s] INFO:colcon.colcon_core.shell:Creating package script '/home/rnv3/ros2_ws/install/ur_robotiq_description/share/ur_robotiq_description/package.zsh'
[0.220s] Level 1:colcon.colcon_core.environment:create_file_with_runtime_dependencies(/home/rnv3/ros2_ws/install/ur_robotiq_description/share/colcon-core/packages/ur_robotiq_description)
[0.221s] Level 1:colcon.colcon_core.environment:create_environment_scripts_only(ur_robotiq_moveit_config)
[0.221s] Level 1:colcon.colcon_core.environment:checking '/home/rnv3/ros2_ws/install/ur_robotiq_moveit_config' for CMake module files
[0.221s] Level 1:colcon.colcon_core.environment:checking '/home/rnv3/ros2_ws/install/ur_robotiq_moveit_config' for CMake config files
[0.222s] Level 1:colcon.colcon_core.shell:create_environment_hook('ur_robotiq_moveit_config', 'cmake_prefix_path')
[0.222s] INFO:colcon.colcon_core.shell:Creating environment hook '/home/rnv3/ros2_ws/install/ur_robotiq_moveit_config/share/ur_robotiq_moveit_config/hook/cmake_prefix_path.ps1'
[0.222s] INFO:colcon.colcon_core.shell:Creating environment descriptor '/home/rnv3/ros2_ws/install/ur_robotiq_moveit_config/share/ur_robotiq_moveit_config/hook/cmake_prefix_path.dsv'
[0.222s] INFO:colcon.colcon_core.shell:Creating environment hook '/home/rnv3/ros2_ws/install/ur_robotiq_moveit_config/share/ur_robotiq_moveit_config/hook/cmake_prefix_path.sh'
[0.222s] Level 1:colcon.colcon_core.environment:checking '/home/rnv3/ros2_ws/install/ur_robotiq_moveit_config/bin'
[0.222s] Level 1:colcon.colcon_core.environment:checking '/home/rnv3/ros2_ws/install/ur_robotiq_moveit_config/lib/pkgconfig/ur_robotiq_moveit_config.pc'
[0.222s] Level 1:colcon.colcon_core.environment:checking '/home/rnv3/ros2_ws/install/ur_robotiq_moveit_config/lib/python3.10/site-packages'
[0.222s] Level 1:colcon.colcon_core.environment:checking '/home/rnv3/ros2_ws/install/ur_robotiq_moveit_config/bin'
[0.222s] INFO:colcon.colcon_core.shell:Creating package script '/home/rnv3/ros2_ws/install/ur_robotiq_moveit_config/share/ur_robotiq_moveit_config/package.ps1'
[0.223s] INFO:colcon.colcon_core.shell:Creating package descriptor '/home/rnv3/ros2_ws/install/ur_robotiq_moveit_config/share/ur_robotiq_moveit_config/package.dsv'
[0.223s] INFO:colcon.colcon_core.shell:Creating package script '/home/rnv3/ros2_ws/install/ur_robotiq_moveit_config/share/ur_robotiq_moveit_config/package.sh'
[0.223s] INFO:colcon.colcon_core.shell:Creating package script '/home/rnv3/ros2_ws/install/ur_robotiq_moveit_config/share/ur_robotiq_moveit_config/package.bash'
[0.223s] INFO:colcon.colcon_core.shell:Creating package script '/home/rnv3/ros2_ws/install/ur_robotiq_moveit_config/share/ur_robotiq_moveit_config/package.zsh'
[0.223s] Level 1:colcon.colcon_core.environment:create_file_with_runtime_dependencies(/home/rnv3/ros2_ws/install/ur_robotiq_moveit_config/share/colcon-core/packages/ur_robotiq_moveit_config)
[0.319s] DEBUG:colcon.colcon_core.event_handler.log_command:Invoked command in '/home/rnv3/ros2_ws/build/robotiq_gripper' returned '0': CMAKE_PREFIX_PATH=/opt/ros/iron /usr/bin/cmake --build /home/rnv3/ros2_ws/build/robotiq_gripper -- -j24 -l24
[0.361s] DEBUG:colcon.colcon_core.event_handler.log_command:Invoking command in '/home/rnv3/ros2_ws/build/robotiq_gripper': CMAKE_PREFIX_PATH=/opt/ros/iron /usr/bin/cmake --install /home/rnv3/ros2_ws/build/robotiq_gripper
[0.383s] Level 1:colcon.colcon_core.environment:create_environment_scripts_only(robotiq_gripper)
[0.383s] Level 1:colcon.colcon_core.environment:checking '/home/rnv3/ros2_ws/install/robotiq_gripper' for CMake module files
[0.384s] DEBUG:colcon.colcon_core.event_handler.log_command:Invoked command in '/home/rnv3/ros2_ws/build/robotiq_gripper' returned '0': CMAKE_PREFIX_PATH=/opt/ros/iron /usr/bin/cmake --install /home/rnv3/ros2_ws/build/robotiq_gripper
[0.384s] Level 1:colcon.colcon_core.environment:checking '/home/rnv3/ros2_ws/install/robotiq_gripper' for CMake config files
[0.384s] Level 1:colcon.colcon_core.shell:create_environment_hook('robotiq_gripper', 'cmake_prefix_path')
[0.384s] INFO:colcon.colcon_core.shell:Creating environment hook '/home/rnv3/ros2_ws/install/robotiq_gripper/share/robotiq_gripper/hook/cmake_prefix_path.ps1'
[0.384s] INFO:colcon.colcon_core.shell:Creating environment descriptor '/home/rnv3/ros2_ws/install/robotiq_gripper/share/robotiq_gripper/hook/cmake_prefix_path.dsv'
[0.385s] INFO:colcon.colcon_core.shell:Creating environment hook '/home/rnv3/ros2_ws/install/robotiq_gripper/share/robotiq_gripper/hook/cmake_prefix_path.sh'
[0.385s] Level 1:colcon.colcon_core.environment:checking '/home/rnv3/ros2_ws/install/robotiq_gripper/lib'
[0.385s] Level 1:colcon.colcon_core.shell:create_environment_hook('robotiq_gripper', 'ld_library_path_lib')
[0.385s] INFO:colcon.colcon_core.shell:Creating environment hook '/home/rnv3/ros2_ws/install/robotiq_gripper/share/robotiq_gripper/hook/ld_library_path_lib.ps1'
[0.385s] INFO:colcon.colcon_core.shell:Creating environment descriptor '/home/rnv3/ros2_ws/install/robotiq_gripper/share/robotiq_gripper/hook/ld_library_path_lib.dsv'
[0.385s] INFO:colcon.colcon_core.shell:Creating environment hook '/home/rnv3/ros2_ws/install/robotiq_gripper/share/robotiq_gripper/hook/ld_library_path_lib.sh'
[0.385s] Level 1:colcon.colcon_core.environment:checking '/home/rnv3/ros2_ws/install/robotiq_gripper/bin'
[0.385s] Level 1:colcon.colcon_core.environment:checking '/home/rnv3/ros2_ws/install/robotiq_gripper/lib/pkgconfig/robotiq_gripper.pc'
[0.386s] Level 1:colcon.colcon_core.environment:checking '/home/rnv3/ros2_ws/install/robotiq_gripper/lib/python3.10/site-packages'
[0.386s] Level 1:colcon.colcon_core.shell:create_environment_hook('robotiq_gripper', 'pythonpath')
[0.386s] INFO:colcon.colcon_core.shell:Creating environment hook '/home/rnv3/ros2_ws/install/robotiq_gripper/share/robotiq_gripper/hook/pythonpath.ps1'
[0.386s] INFO:colcon.colcon_core.shell:Creating environment descriptor '/home/rnv3/ros2_ws/install/robotiq_gripper/share/robotiq_gripper/hook/pythonpath.dsv'
[0.386s] INFO:colcon.colcon_core.shell:Creating environment hook '/home/rnv3/ros2_ws/install/robotiq_gripper/share/robotiq_gripper/hook/pythonpath.sh'
[0.386s] Level 1:colcon.colcon_core.environment:checking '/home/rnv3/ros2_ws/install/robotiq_gripper/bin'
[0.386s] INFO:colcon.colcon_core.shell:Creating package script '/home/rnv3/ros2_ws/install/robotiq_gripper/share/robotiq_gripper/package.ps1'
[0.386s] INFO:colcon.colcon_core.shell:Creating package descriptor '/home/rnv3/ros2_ws/install/robotiq_gripper/share/robotiq_gripper/package.dsv'
[0.387s] INFO:colcon.colcon_core.shell:Creating package script '/home/rnv3/ros2_ws/install/robotiq_gripper/share/robotiq_gripper/package.sh'
[0.387s] INFO:colcon.colcon_core.shell:Creating package script '/home/rnv3/ros2_ws/install/robotiq_gripper/share/robotiq_gripper/package.bash'
[0.387s] INFO:colcon.colcon_core.shell:Creating package script '/home/rnv3/ros2_ws/install/robotiq_gripper/share/robotiq_gripper/package.zsh'
[0.387s] Level 1:colcon.colcon_core.environment:create_file_with_runtime_dependencies(/home/rnv3/ros2_ws/install/robotiq_gripper/share/colcon-core/packages/robotiq_gripper)
[0.429s] Level 1:colcon.colcon_core.environment:create_environment_scripts_only(robotiq_gripper)
[0.429s] Level 1:colcon.colcon_core.environment:checking '/home/rnv3/ros2_ws/install/robotiq_gripper' for CMake module files
[0.430s] Level 1:colcon.colcon_core.environment:checking '/home/rnv3/ros2_ws/install/robotiq_gripper' for CMake config files
[0.430s] Level 1:colcon.colcon_core.shell:create_environment_hook('robotiq_gripper', 'cmake_prefix_path')
[0.430s] INFO:colcon.colcon_core.shell:Creating environment hook '/home/rnv3/ros2_ws/install/robotiq_gripper/share/robotiq_gripper/hook/cmake_prefix_path.ps1'
[0.430s] INFO:colcon.colcon_core.shell:Creating environment descriptor '/home/rnv3/ros2_ws/install/robotiq_gripper/share/robotiq_gripper/hook/cmake_prefix_path.dsv'
[0.430s] INFO:colcon.colcon_core.shell:Creating environment hook '/home/rnv3/ros2_ws/install/robotiq_gripper/share/robotiq_gripper/hook/cmake_prefix_path.sh'
[0.431s] Level 1:colcon.colcon_core.environment:checking '/home/rnv3/ros2_ws/install/robotiq_gripper/lib'
[0.431s] Level 1:colcon.colcon_core.shell:create_environment_hook('robotiq_gripper', 'ld_library_path_lib')
[0.431s] INFO:colcon.colcon_core.shell:Creating environment hook '/home/rnv3/ros2_ws/install/robotiq_gripper/share/robotiq_gripper/hook/ld_library_path_lib.ps1'
[0.431s] INFO:colcon.colcon_core.shell:Creating environment descriptor '/home/rnv3/ros2_ws/install/robotiq_gripper/share/robotiq_gripper/hook/ld_library_path_lib.dsv'
[0.431s] INFO:colcon.colcon_core.shell:Creating environment hook '/home/rnv3/ros2_ws/install/robotiq_gripper/share/robotiq_gripper/hook/ld_library_path_lib.sh'
[0.431s] Level 1:colcon.colcon_core.environment:checking '/home/rnv3/ros2_ws/install/robotiq_gripper/bin'
[0.431s] Level 1:colcon.colcon_core.environment:checking '/home/rnv3/ros2_ws/install/robotiq_gripper/lib/pkgconfig/robotiq_gripper.pc'
[0.431s] Level 1:colcon.colcon_core.environment:checking '/home/rnv3/ros2_ws/install/robotiq_gripper/lib/python3.10/site-packages'
[0.431s] Level 1:colcon.colcon_core.shell:create_environment_hook('robotiq_gripper', 'pythonpath')
[0.431s] INFO:colcon.colcon_core.shell:Creating environment hook '/home/rnv3/ros2_ws/install/robotiq_gripper/share/robotiq_gripper/hook/pythonpath.ps1'
[0.432s] INFO:colcon.colcon_core.shell:Creating environment descriptor '/home/rnv3/ros2_ws/install/robotiq_gripper/share/robotiq_gripper/hook/pythonpath.dsv'
[0.432s] INFO:colcon.colcon_core.shell:Creating environment hook '/home/rnv3/ros2_ws/install/robotiq_gripper/share/robotiq_gripper/hook/pythonpath.sh'
[0.432s] Level 1:colcon.colcon_core.environment:checking '/home/rnv3/ros2_ws/install/robotiq_gripper/bin'
[0.432s] INFO:colcon.colcon_core.shell:Creating package script '/home/rnv3/ros2_ws/install/robotiq_gripper/share/robotiq_gripper/package.ps1'
[0.433s] INFO:colcon.colcon_core.shell:Creating package descriptor '/home/rnv3/ros2_ws/install/robotiq_gripper/share/robotiq_gripper/package.dsv'
[0.433s] INFO:colcon.colcon_core.shell:Creating package script '/home/rnv3/ros2_ws/install/robotiq_gripper/share/robotiq_gripper/package.sh'
[0.433s] INFO:colcon.colcon_core.shell:Creating package script '/home/rnv3/ros2_ws/install/robotiq_gripper/share/robotiq_gripper/package.bash'
[0.433s] INFO:colcon.colcon_core.shell:Creating package script '/home/rnv3/ros2_ws/install/robotiq_gripper/share/robotiq_gripper/package.zsh'
[0.433s] Level 1:colcon.colcon_core.environment:create_file_with_runtime_dependencies(/home/rnv3/ros2_ws/install/robotiq_gripper/share/colcon-core/packages/robotiq_gripper)
[0.433s] INFO:colcon.colcon_ros.task.ament_cmake.build:Building ROS package in '/home/rnv3/ros2_ws/src/integrated_ur_robotiq' with build type 'ament_cmake'
[0.433s] INFO:colcon.colcon_cmake.task.cmake.build:Building CMake package in '/home/rnv3/ros2_ws/src/integrated_ur_robotiq'
[0.433s] INFO:colcon.colcon_core.shell:Skip shell extension 'powershell' for command environment: Not usable outside of PowerShell
[0.433s] DEBUG:colcon.colcon_core.shell:Skip shell extension 'dsv' for command environment
[0.438s] DEBUG:colcon.colcon_core.event_handler.log_command:Invoking command in '/home/rnv3/ros2_ws/build/integrated_ur_robotiq': AMENT_PREFIX_PATH=/home/rnv3/ros2_ws/install/ur_robotiq_description:/home/rnv3/ros2_ws/install/robotiq_gripper:${AMENT_PREFIX_PATH} CMAKE_PREFIX_PATH=/home/rnv3/ros2_ws/install/ur_robotiq_description:/home/rnv3/ros2_ws/install/robotiq_gripper:/opt/ros/iron LD_LIBRARY_PATH=/home/rnv3/ros2_ws/install/robotiq_gripper/lib:${LD_LIBRARY_PATH} PYTHONPATH=/home/rnv3/ros2_ws/install/robotiq_gripper/lib/python3.10/site-packages:${PYTHONPATH} /usr/bin/cmake --build /home/rnv3/ros2_ws/build/integrated_ur_robotiq -- -j24 -l24
[0.463s] DEBUG:colcon.colcon_core.event_handler.log_command:Invoked command in '/home/rnv3/ros2_ws/build/integrated_ur_robotiq' returned '0': AMENT_PREFIX_PATH=/home/rnv3/ros2_ws/install/ur_robotiq_description:/home/rnv3/ros2_ws/install/robotiq_gripper:${AMENT_PREFIX_PATH} CMAKE_PREFIX_PATH=/home/rnv3/ros2_ws/install/ur_robotiq_description:/home/rnv3/ros2_ws/install/robotiq_gripper:/opt/ros/iron LD_LIBRARY_PATH=/home/rnv3/ros2_ws/install/robotiq_gripper/lib:${LD_LIBRARY_PATH} PYTHONPATH=/home/rnv3/ros2_ws/install/robotiq_gripper/lib/python3.10/site-packages:${PYTHONPATH} /usr/bin/cmake --build /home/rnv3/ros2_ws/build/integrated_ur_robotiq -- -j24 -l24
[0.479s] DEBUG:colcon.colcon_core.event_handler.log_command:Invoking command in '/home/rnv3/ros2_ws/build/integrated_ur_robotiq': AMENT_PREFIX_PATH=/home/rnv3/ros2_ws/install/ur_robotiq_description:/home/rnv3/ros2_ws/install/robotiq_gripper:${AMENT_PREFIX_PATH} CMAKE_PREFIX_PATH=/home/rnv3/ros2_ws/install/ur_robotiq_description:/home/rnv3/ros2_ws/install/robotiq_gripper:/opt/ros/iron LD_LIBRARY_PATH=/home/rnv3/ros2_ws/install/robotiq_gripper/lib:${LD_LIBRARY_PATH} PYTHONPATH=/home/rnv3/ros2_ws/install/robotiq_gripper/lib/python3.10/site-packages:${PYTHONPATH} /usr/bin/cmake --install /home/rnv3/ros2_ws/build/integrated_ur_robotiq
[0.483s] Level 1:colcon.colcon_core.environment:create_environment_scripts_only(integrated_ur_robotiq)
[0.483s] Level 1:colcon.colcon_core.environment:checking '/home/rnv3/ros2_ws/install/integrated_ur_robotiq' for CMake module files
[0.483s] DEBUG:colcon.colcon_core.event_handler.log_command:Invoked command in '/home/rnv3/ros2_ws/build/integrated_ur_robotiq' returned '0': AMENT_PREFIX_PATH=/home/rnv3/ros2_ws/install/ur_robotiq_description:/home/rnv3/ros2_ws/install/robotiq_gripper:${AMENT_PREFIX_PATH} CMAKE_PREFIX_PATH=/home/rnv3/ros2_ws/install/ur_robotiq_description:/home/rnv3/ros2_ws/install/robotiq_gripper:/opt/ros/iron LD_LIBRARY_PATH=/home/rnv3/ros2_ws/install/robotiq_gripper/lib:${LD_LIBRARY_PATH} PYTHONPATH=/home/rnv3/ros2_ws/install/robotiq_gripper/lib/python3.10/site-packages:${PYTHONPATH} /usr/bin/cmake --install /home/rnv3/ros2_ws/build/integrated_ur_robotiq
[0.483s] Level 1:colcon.colcon_core.environment:checking '/home/rnv3/ros2_ws/install/integrated_ur_robotiq' for CMake config files
[0.483s] Level 1:colcon.colcon_core.shell:create_environment_hook('integrated_ur_robotiq', 'cmake_prefix_path')
[0.483s] INFO:colcon.colcon_core.shell:Creating environment hook '/home/rnv3/ros2_ws/install/integrated_ur_robotiq/share/integrated_ur_robotiq/hook/cmake_prefix_path.ps1'
[0.484s] INFO:colcon.colcon_core.shell:Creating environment descriptor '/home/rnv3/ros2_ws/install/integrated_ur_robotiq/share/integrated_ur_robotiq/hook/cmake_prefix_path.dsv'
[0.484s] INFO:colcon.colcon_core.shell:Creating environment hook '/home/rnv3/ros2_ws/install/integrated_ur_robotiq/share/integrated_ur_robotiq/hook/cmake_prefix_path.sh'
[0.484s] Level 1:colcon.colcon_core.environment:checking '/home/rnv3/ros2_ws/install/integrated_ur_robotiq/lib'
[0.484s] Level 1:colcon.colcon_core.environment:checking '/home/rnv3/ros2_ws/install/integrated_ur_robotiq/bin'
[0.484s] Level 1:colcon.colcon_core.environment:checking '/home/rnv3/ros2_ws/install/integrated_ur_robotiq/lib/pkgconfig/integrated_ur_robotiq.pc'
[0.484s] Level 1:colcon.colcon_core.environment:checking '/home/rnv3/ros2_ws/install/integrated_ur_robotiq/lib/python3.10/site-packages'
[0.484s] Level 1:colcon.colcon_core.environment:checking '/home/rnv3/ros2_ws/install/integrated_ur_robotiq/bin'
[0.484s] INFO:colcon.colcon_core.shell:Creating package script '/home/rnv3/ros2_ws/install/integrated_ur_robotiq/share/integrated_ur_robotiq/package.ps1'
[0.484s] INFO:colcon.colcon_core.shell:Creating package descriptor '/home/rnv3/ros2_ws/install/integrated_ur_robotiq/share/integrated_ur_robotiq/package.dsv'
[0.485s] INFO:colcon.colcon_core.shell:Creating package script '/home/rnv3/ros2_ws/install/integrated_ur_robotiq/share/integrated_ur_robotiq/package.sh'
[0.485s] INFO:colcon.colcon_core.shell:Creating package script '/home/rnv3/ros2_ws/install/integrated_ur_robotiq/share/integrated_ur_robotiq/package.bash'
[0.485s] INFO:colcon.colcon_core.shell:Creating package script '/home/rnv3/ros2_ws/install/integrated_ur_robotiq/share/integrated_ur_robotiq/package.zsh'
[0.485s] Level 1:colcon.colcon_core.environment:create_file_with_runtime_dependencies(/home/rnv3/ros2_ws/install/integrated_ur_robotiq/share/colcon-core/packages/integrated_ur_robotiq)
[0.500s] Level 1:colcon.colcon_core.environment:create_environment_scripts_only(integrated_ur_robotiq)
[0.500s] Level 1:colcon.colcon_core.environment:checking '/home/rnv3/ros2_ws/install/integrated_ur_robotiq' for CMake module files
[0.500s] Level 1:colcon.colcon_core.environment:checking '/home/rnv3/ros2_ws/install/integrated_ur_robotiq' for CMake config files
[0.501s] Level 1:colcon.colcon_core.shell:create_environment_hook('integrated_ur_robotiq', 'cmake_prefix_path')
[0.501s] INFO:colcon.colcon_core.shell:Creating environment hook '/home/rnv3/ros2_ws/install/integrated_ur_robotiq/share/integrated_ur_robotiq/hook/cmake_prefix_path.ps1'
[0.501s] INFO:colcon.colcon_core.shell:Creating environment descriptor '/home/rnv3/ros2_ws/install/integrated_ur_robotiq/share/integrated_ur_robotiq/hook/cmake_prefix_path.dsv'
[0.501s] INFO:colcon.colcon_core.shell:Creating environment hook '/home/rnv3/ros2_ws/install/integrated_ur_robotiq/share/integrated_ur_robotiq/hook/cmake_prefix_path.sh'
[0.501s] Level 1:colcon.colcon_core.environment:checking '/home/rnv3/ros2_ws/install/integrated_ur_robotiq/lib'
[0.501s] Level 1:colcon.colcon_core.environment:checking '/home/rnv3/ros2_ws/install/integrated_ur_robotiq/bin'
[0.501s] Level 1:colcon.colcon_core.environment:checking '/home/rnv3/ros2_ws/install/integrated_ur_robotiq/lib/pkgconfig/integrated_ur_robotiq.pc'
[0.501s] Level 1:colcon.colcon_core.environment:checking '/home/rnv3/ros2_ws/install/integrated_ur_robotiq/lib/python3.10/site-packages'
[0.501s] Level 1:colcon.colcon_core.environment:checking '/home/rnv3/ros2_ws/install/integrated_ur_robotiq/bin'
[0.501s] INFO:colcon.colcon_core.shell:Creating package script '/home/rnv3/ros2_ws/install/integrated_ur_robotiq/share/integrated_ur_robotiq/package.ps1'
[0.502s] INFO:colcon.colcon_core.shell:Creating package descriptor '/home/rnv3/ros2_ws/install/integrated_ur_robotiq/share/integrated_ur_robotiq/package.dsv'
[0.502s] INFO:colcon.colcon_core.shell:Creating package script '/home/rnv3/ros2_ws/install/integrated_ur_robotiq/share/integrated_ur_robotiq/package.sh'
[0.502s] INFO:colcon.colcon_core.shell:Creating package script '/home/rnv3/ros2_ws/install/integrated_ur_robotiq/share/integrated_ur_robotiq/package.bash'
[0.502s] INFO:colcon.colcon_core.shell:Creating package script '/home/rnv3/ros2_ws/install/integrated_ur_robotiq/share/integrated_ur_robotiq/package.zsh'
[0.502s] Level 1:colcon.colcon_core.environment:create_file_with_runtime_dependencies(/home/rnv3/ros2_ws/install/integrated_ur_robotiq/share/colcon-core/packages/integrated_ur_robotiq)
[0.502s] DEBUG:colcon.colcon_parallel_executor.executor.parallel:closing loop
[0.503s] DEBUG:colcon.colcon_parallel_executor.executor.parallel:loop closed
[0.503s] DEBUG:colcon.colcon_parallel_executor.executor.parallel:run_until_complete finished with '0'
[0.503s] DEBUG:colcon.colcon_core.event_reactor:joining thread
[0.505s] INFO:colcon.colcon_core.plugin_system:Skipping extension 'colcon_notification.desktop_notification.terminal_notifier': Not used on non-Darwin systems
[0.505s] INFO:colcon.colcon_core.plugin_system:Skipping extension 'colcon_notification.desktop_notification.win32': Not used on non-Windows systems
[0.505s] INFO:colcon.colcon_notification.desktop_notification:Sending desktop notification using 'notify2'
[0.512s] DEBUG:colcon.colcon_core.event_reactor:joined thread
[0.512s] INFO:colcon.colcon_core.shell:Creating prefix script '/home/rnv3/ros2_ws/install/local_setup.ps1'
[0.513s] INFO:colcon.colcon_core.shell:Creating prefix util module '/home/rnv3/ros2_ws/install/_local_setup_util_ps1.py'
[0.513s] INFO:colcon.colcon_core.shell:Creating prefix chain script '/home/rnv3/ros2_ws/install/setup.ps1'
[0.513s] INFO:colcon.colcon_core.shell:Creating prefix script '/home/rnv3/ros2_ws/install/local_setup.sh'
[0.514s] INFO:colcon.colcon_core.shell:Creating prefix util module '/home/rnv3/ros2_ws/install/_local_setup_util_sh.py'
[0.514s] INFO:colcon.colcon_core.shell:Creating prefix chain script '/home/rnv3/ros2_ws/install/setup.sh'
[0.514s] INFO:colcon.colcon_core.shell:Creating prefix script '/home/rnv3/ros2_ws/install/local_setup.bash'
[0.514s] INFO:colcon.colcon_core.shell:Creating prefix chain script '/home/rnv3/ros2_ws/install/setup.bash'
[0.515s] INFO:colcon.colcon_core.shell:Creating prefix script '/home/rnv3/ros2_ws/install/local_setup.zsh'
[0.515s] INFO:colcon.colcon_core.shell:Creating prefix chain script '/home/rnv3/ros2_ws/install/setup.zsh'
