[0.005s] Invoking command in '/home/rnv3/ros2_ws/build/integrated_ur_robotiq': AMENT_PREFIX_PATH=/home/rnv3/ros2_ws/install/ur_robotiq_description:/home/rnv3/ros2_ws/install/robotiq_gripper:${AMENT_PREFIX_PATH} CMAKE_PREFIX_PATH=/home/rnv3/ros2_ws/install/ur_robotiq_description:/home/rnv3/ros2_ws/install/robotiq_gripper:/opt/ros/iron LD_LIBRARY_PATH=/home/rnv3/ros2_ws/install/robotiq_gripper/lib:${LD_LIBRARY_PATH} PYTHONPATH=/home/rnv3/ros2_ws/install/robotiq_gripper/lib/python3.10/site-packages:${PYTHONPATH} /usr/bin/cmake --build /home/rnv3/ros2_ws/build/integrated_ur_robotiq -- -j24 -l24
[0.024s] [ 30%] Built target ur_trajectory_comparator
[0.024s] [ 40%] Built target synchronizer
[0.024s] [ 60%] Built target integrated_ui
[0.027s] [ 80%] Built target ur_pose_monitor
[0.027s] [100%] Built target integrated_control_test
[0.029s] Invoked command in '/home/rnv3/ros2_ws/build/integrated_ur_robotiq' returned '0': AMENT_PREFIX_PATH=/home/rnv3/ros2_ws/install/ur_robotiq_description:/home/rnv3/ros2_ws/install/robotiq_gripper:${AMENT_PREFIX_PATH} CMAKE_PREFIX_PATH=/home/rnv3/ros2_ws/install/ur_robotiq_description:/home/rnv3/ros2_ws/install/robotiq_gripper:/opt/ros/iron LD_LIBRARY_PATH=/home/rnv3/ros2_ws/install/robotiq_gripper/lib:${LD_LIBRARY_PATH} PYTHONPATH=/home/rnv3/ros2_ws/install/robotiq_gripper/lib/python3.10/site-packages:${PYTHONPATH} /usr/bin/cmake --build /home/rnv3/ros2_ws/build/integrated_ur_robotiq -- -j24 -l24
[0.045s] Invoking command in '/home/rnv3/ros2_ws/build/integrated_ur_robotiq': AMENT_PREFIX_PATH=/home/rnv3/ros2_ws/install/ur_robotiq_description:/home/rnv3/ros2_ws/install/robotiq_gripper:${AMENT_PREFIX_PATH} CMAKE_PREFIX_PATH=/home/rnv3/ros2_ws/install/ur_robotiq_description:/home/rnv3/ros2_ws/install/robotiq_gripper:/opt/ros/iron LD_LIBRARY_PATH=/home/rnv3/ros2_ws/install/robotiq_gripper/lib:${LD_LIBRARY_PATH} PYTHONPATH=/home/rnv3/ros2_ws/install/robotiq_gripper/lib/python3.10/site-packages:${PYTHONPATH} /usr/bin/cmake --install /home/rnv3/ros2_ws/build/integrated_ur_robotiq
[0.047s] -- Install configuration: ""
[0.047s] -- Up-to-date: /home/rnv3/ros2_ws/install/integrated_ur_robotiq/include
[0.047s] -- Up-to-date: /home/rnv3/ros2_ws/install/integrated_ur_robotiq/include/integrated_ur_robotiq
[0.047s] -- Up-to-date: /home/rnv3/ros2_ws/install/integrated_ur_robotiq/include/integrated_ur_robotiq/integrated_control.hpp
[0.047s] -- Up-to-date: /home/rnv3/ros2_ws/install/integrated_ur_robotiq/lib/integrated_ur_robotiq/ursim_init.py
[0.047s] -- Up-to-date: /home/rnv3/ros2_ws/install/integrated_ur_robotiq/lib/integrated_ur_robotiq/ur_dashboard_terminal.py
[0.047s] -- Up-to-date: /home/rnv3/ros2_ws/install/integrated_ur_robotiq/lib/integrated_ur_robotiq/ursim_play.py
[0.047s] -- Up-to-date: /home/rnv3/ros2_ws/install/integrated_ur_robotiq/lib/integrated_ur_robotiq/ursim_stop.py
[0.047s] -- Up-to-date: /home/rnv3/ros2_ws/install/integrated_ur_robotiq/lib/integrated_ur_robotiq/synchronizer
[0.047s] -- Up-to-date: /home/rnv3/ros2_ws/install/integrated_ur_robotiq/lib/integrated_ur_robotiq/ur_pose_monitor
[0.047s] -- Up-to-date: /home/rnv3/ros2_ws/install/integrated_ur_robotiq/lib/integrated_ur_robotiq/ur_trajectory_comparator
[0.047s] -- Up-to-date: /home/rnv3/ros2_ws/install/integrated_ur_robotiq/lib/integrated_ur_robotiq/integrated_ui
[0.048s] -- Up-to-date: /home/rnv3/ros2_ws/install/integrated_ur_robotiq/lib/integrated_ur_robotiq/integrated_control_test
[0.048s] -- Up-to-date: /home/rnv3/ros2_ws/install/integrated_ur_robotiq/share/integrated_ur_robotiq//launch
[0.048s] -- Up-to-date: /home/rnv3/ros2_ws/install/integrated_ur_robotiq/share/integrated_ur_robotiq//launch/physical.launch.py
[0.048s] -- Up-to-date: /home/rnv3/ros2_ws/install/integrated_ur_robotiq/share/integrated_ur_robotiq//launch/ur_control.launch.py
[0.048s] -- Up-to-date: /home/rnv3/ros2_ws/install/integrated_ur_robotiq/share/integrated_ur_robotiq//launch/digital.launch.py
[0.048s] -- Up-to-date: /home/rnv3/ros2_ws/install/integrated_ur_robotiq/share/integrated_ur_robotiq//launch/ur_sim.launch.py
[0.048s] -- Up-to-date: /home/rnv3/ros2_ws/install/integrated_ur_robotiq/share/integrated_ur_robotiq//launch/integrated.launch.py
[0.048s] -- Up-to-date: /home/rnv3/ros2_ws/install/integrated_ur_robotiq/share/integrated_ur_robotiq//config
[0.048s] -- Up-to-date: /home/rnv3/ros2_ws/install/integrated_ur_robotiq/share/integrated_ur_robotiq//config/digital_controllers.yaml
[0.048s] -- Up-to-date: /home/rnv3/ros2_ws/install/integrated_ur_robotiq/share/integrated_ur_robotiq//config/physical_controllers.yaml
[0.048s] -- Up-to-date: /home/rnv3/ros2_ws/install/integrated_ur_robotiq/share/ament_index/resource_index/package_run_dependencies/integrated_ur_robotiq
[0.048s] -- Up-to-date: /home/rnv3/ros2_ws/install/integrated_ur_robotiq/share/ament_index/resource_index/parent_prefix_path/integrated_ur_robotiq
[0.048s] -- Up-to-date: /home/rnv3/ros2_ws/install/integrated_ur_robotiq/share/integrated_ur_robotiq/environment/ament_prefix_path.sh
[0.048s] -- Up-to-date: /home/rnv3/ros2_ws/install/integrated_ur_robotiq/share/integrated_ur_robotiq/environment/ament_prefix_path.dsv
[0.048s] -- Up-to-date: /home/rnv3/ros2_ws/install/integrated_ur_robotiq/share/integrated_ur_robotiq/environment/path.sh
[0.048s] -- Up-to-date: /home/rnv3/ros2_ws/install/integrated_ur_robotiq/share/integrated_ur_robotiq/environment/path.dsv
[0.048s] -- Up-to-date: /home/rnv3/ros2_ws/install/integrated_ur_robotiq/share/integrated_ur_robotiq/local_setup.bash
[0.048s] -- Up-to-date: /home/rnv3/ros2_ws/install/integrated_ur_robotiq/share/integrated_ur_robotiq/local_setup.sh
[0.048s] -- Up-to-date: /home/rnv3/ros2_ws/install/integrated_ur_robotiq/share/integrated_ur_robotiq/local_setup.zsh
[0.048s] -- Up-to-date: /home/rnv3/ros2_ws/install/integrated_ur_robotiq/share/integrated_ur_robotiq/local_setup.dsv
[0.048s] -- Installing: /home/rnv3/ros2_ws/install/integrated_ur_robotiq/share/integrated_ur_robotiq/package.dsv
[0.048s] -- Up-to-date: /home/rnv3/ros2_ws/install/integrated_ur_robotiq/share/ament_index/resource_index/packages/integrated_ur_robotiq
[0.049s] -- Up-to-date: /home/rnv3/ros2_ws/install/integrated_ur_robotiq/share/integrated_ur_robotiq/cmake/integrated_ur_robotiqConfig.cmake
[0.049s] -- Up-to-date: /home/rnv3/ros2_ws/install/integrated_ur_robotiq/share/integrated_ur_robotiq/cmake/integrated_ur_robotiqConfig-version.cmake
[0.049s] -- Up-to-date: /home/rnv3/ros2_ws/install/integrated_ur_robotiq/share/integrated_ur_robotiq/package.xml
[0.049s] Invoked command in '/home/rnv3/ros2_ws/build/integrated_ur_robotiq' returned '0': AMENT_PREFIX_PATH=/home/rnv3/ros2_ws/install/ur_robotiq_description:/home/rnv3/ros2_ws/install/robotiq_gripper:${AMENT_PREFIX_PATH} CMAKE_PREFIX_PATH=/home/rnv3/ros2_ws/install/ur_robotiq_description:/home/rnv3/ros2_ws/install/robotiq_gripper:/opt/ros/iron LD_LIBRARY_PATH=/home/rnv3/ros2_ws/install/robotiq_gripper/lib:${LD_LIBRARY_PATH} PYTHONPATH=/home/rnv3/ros2_ws/install/robotiq_gripper/lib/python3.10/site-packages:${PYTHONPATH} /usr/bin/cmake --install /home/rnv3/ros2_ws/build/integrated_ur_robotiq
