[  2%] Built target robotiq_gripper__rosidl_generator_type_description
[  2%] Built target ament_cmake_python_copy_robotiq_gripper
[  4%] Built target robotiq_gripper__cpp
[ 20%] Built target robotiq_gripper__rosidl_generator_c
[ 29%] Built target robotiq_gripper__rosidl_typesupport_introspection_c
[ 39%] Built target robotiq_gripper__rosidl_typesupport_c
[ 45%] Built target robotiq_gripper__rosidl_typesupport_cpp
[ 54%] Built target robotiq_gripper__rosidl_typesupport_fastrtps_c
[ 62%] Built target robotiq_gripper__rosidl_typesupport_introspection_cpp
[ 70%] Built target robotiq_gripper__rosidl_typesupport_fastrtps_cpp
[ 70%] Built target robotiq_gripper
[ 75%] Built target gripper_twin
[ 77%] Built target robotiq_gripper__py
[ 81%] Built target rtde_control
[ 87%] Built target robotiq_gripper__rosidl_generator_py
[ 91%] Built target robotiq_gripper__rosidl_typesupport_fastrtps_c__pyext
[ 95%] Built target robotiq_gripper__rosidl_typesupport_introspection_c__pyext
[100%] Built target robotiq_gripper__rosidl_typesupport_c__pyext
running egg_info
writing robotiq_gripper.egg-info/PKG-INFO
writing dependency_links to robotiq_gripper.egg-info/dependency_links.txt
writing top-level names to robotiq_gripper.egg-info/top_level.txt
reading manifest file 'robotiq_gripper.egg-info/SOURCES.txt'
writing manifest file 'robotiq_gripper.egg-info/SOURCES.txt'
[100%] Built target ament_cmake_python_build_robotiq_gripper_egg
-- Install configuration: ""
-- Up-to-date: /home/rnv3/ros2_ws/install/robotiq_gripper/share/ament_index/resource_index/rosidl_interfaces/robotiq_gripper
-- Up-to-date: /home/rnv3/ros2_ws/install/robotiq_gripper/share/robotiq_gripper/msg/GripperStatus.json
-- Up-to-date: /home/rnv3/ros2_ws/install/robotiq_gripper/share/robotiq_gripper/msg/GripperCommand.json
-- Up-to-date: /home/rnv3/ros2_ws/install/robotiq_gripper/include/robotiq_gripper/robotiq_gripper
-- Up-to-date: /home/rnv3/ros2_ws/install/robotiq_gripper/include/robotiq_gripper/robotiq_gripper/msg
-- Up-to-date: /home/rnv3/ros2_ws/install/robotiq_gripper/include/robotiq_gripper/robotiq_gripper/msg/gripper_status.h
-- Up-to-date: /home/rnv3/ros2_ws/install/robotiq_gripper/include/robotiq_gripper/robotiq_gripper/msg/gripper_command.h
-- Up-to-date: /home/rnv3/ros2_ws/install/robotiq_gripper/include/robotiq_gripper/robotiq_gripper/msg/rosidl_generator_c__visibility_control.h
-- Up-to-date: /home/rnv3/ros2_ws/install/robotiq_gripper/include/robotiq_gripper/robotiq_gripper/msg/detail
-- Up-to-date: /home/rnv3/ros2_ws/install/robotiq_gripper/include/robotiq_gripper/robotiq_gripper/msg/detail/gripper_command__type_support.h
-- Up-to-date: /home/rnv3/ros2_ws/install/robotiq_gripper/include/robotiq_gripper/robotiq_gripper/msg/detail/gripper_command__functions.c
-- Up-to-date: /home/rnv3/ros2_ws/install/robotiq_gripper/include/robotiq_gripper/robotiq_gripper/msg/detail/gripper_status__struct.h
-- Up-to-date: /home/rnv3/ros2_ws/install/robotiq_gripper/include/robotiq_gripper/robotiq_gripper/msg/detail/gripper_status__type_support.c
-- Up-to-date: /home/rnv3/ros2_ws/install/robotiq_gripper/include/robotiq_gripper/robotiq_gripper/msg/detail/gripper_command__type_support.c
-- Up-to-date: /home/rnv3/ros2_ws/install/robotiq_gripper/include/robotiq_gripper/robotiq_gripper/msg/detail/gripper_command__description.c
-- Up-to-date: /home/rnv3/ros2_ws/install/robotiq_gripper/include/robotiq_gripper/robotiq_gripper/msg/detail/gripper_status__type_support.h
-- Up-to-date: /home/rnv3/ros2_ws/install/robotiq_gripper/include/robotiq_gripper/robotiq_gripper/msg/detail/gripper_command__struct.h
-- Up-to-date: /home/rnv3/ros2_ws/install/robotiq_gripper/include/robotiq_gripper/robotiq_gripper/msg/detail/gripper_status__functions.c
-- Up-to-date: /home/rnv3/ros2_ws/install/robotiq_gripper/include/robotiq_gripper/robotiq_gripper/msg/detail/gripper_status__functions.h
-- Up-to-date: /home/rnv3/ros2_ws/install/robotiq_gripper/include/robotiq_gripper/robotiq_gripper/msg/detail/gripper_status__description.c
-- Up-to-date: /home/rnv3/ros2_ws/install/robotiq_gripper/include/robotiq_gripper/robotiq_gripper/msg/detail/gripper_command__functions.h
-- Up-to-date: /home/rnv3/ros2_ws/install/robotiq_gripper/share/robotiq_gripper/environment/library_path.sh
-- Up-to-date: /home/rnv3/ros2_ws/install/robotiq_gripper/share/robotiq_gripper/environment/library_path.dsv
-- Up-to-date: /home/rnv3/ros2_ws/install/robotiq_gripper/lib/librobotiq_gripper__rosidl_generator_c.so
-- Up-to-date: /home/rnv3/ros2_ws/install/robotiq_gripper/include/robotiq_gripper/robotiq_gripper
-- Up-to-date: /home/rnv3/ros2_ws/install/robotiq_gripper/include/robotiq_gripper/robotiq_gripper/msg
-- Up-to-date: /home/rnv3/ros2_ws/install/robotiq_gripper/include/robotiq_gripper/robotiq_gripper/msg/rosidl_typesupport_fastrtps_c__visibility_control.h
-- Up-to-date: /home/rnv3/ros2_ws/install/robotiq_gripper/include/robotiq_gripper/robotiq_gripper/msg/detail
-- Up-to-date: /home/rnv3/ros2_ws/install/robotiq_gripper/include/robotiq_gripper/robotiq_gripper/msg/detail/gripper_status__rosidl_typesupport_fastrtps_c.h
-- Up-to-date: /home/rnv3/ros2_ws/install/robotiq_gripper/include/robotiq_gripper/robotiq_gripper/msg/detail/gripper_command__rosidl_typesupport_fastrtps_c.h
-- Up-to-date: /home/rnv3/ros2_ws/install/robotiq_gripper/lib/librobotiq_gripper__rosidl_typesupport_fastrtps_c.so
-- Up-to-date: /home/rnv3/ros2_ws/install/robotiq_gripper/include/robotiq_gripper/robotiq_gripper
-- Up-to-date: /home/rnv3/ros2_ws/install/robotiq_gripper/include/robotiq_gripper/robotiq_gripper/msg
-- Up-to-date: /home/rnv3/ros2_ws/install/robotiq_gripper/include/robotiq_gripper/robotiq_gripper/msg/detail
-- Up-to-date: /home/rnv3/ros2_ws/install/robotiq_gripper/include/robotiq_gripper/robotiq_gripper/msg/detail/gripper_status__type_support.c
-- Up-to-date: /home/rnv3/ros2_ws/install/robotiq_gripper/include/robotiq_gripper/robotiq_gripper/msg/detail/gripper_command__type_support.c
-- Up-to-date: /home/rnv3/ros2_ws/install/robotiq_gripper/include/robotiq_gripper/robotiq_gripper/msg/detail/gripper_status__rosidl_typesupport_introspection_c.h
-- Up-to-date: /home/rnv3/ros2_ws/install/robotiq_gripper/include/robotiq_gripper/robotiq_gripper/msg/detail/gripper_command__rosidl_typesupport_introspection_c.h
-- Up-to-date: /home/rnv3/ros2_ws/install/robotiq_gripper/include/robotiq_gripper/robotiq_gripper/msg/rosidl_typesupport_introspection_c__visibility_control.h
-- Up-to-date: /home/rnv3/ros2_ws/install/robotiq_gripper/lib/librobotiq_gripper__rosidl_typesupport_introspection_c.so
-- Up-to-date: /home/rnv3/ros2_ws/install/robotiq_gripper/lib/librobotiq_gripper__rosidl_typesupport_c.so
-- Up-to-date: /home/rnv3/ros2_ws/install/robotiq_gripper/include/robotiq_gripper/robotiq_gripper
-- Up-to-date: /home/rnv3/ros2_ws/install/robotiq_gripper/include/robotiq_gripper/robotiq_gripper/msg
-- Up-to-date: /home/rnv3/ros2_ws/install/robotiq_gripper/include/robotiq_gripper/robotiq_gripper/msg/detail
-- Up-to-date: /home/rnv3/ros2_ws/install/robotiq_gripper/include/robotiq_gripper/robotiq_gripper/msg/detail/gripper_command__traits.hpp
-- Up-to-date: /home/rnv3/ros2_ws/install/robotiq_gripper/include/robotiq_gripper/robotiq_gripper/msg/detail/gripper_status__builder.hpp
-- Up-to-date: /home/rnv3/ros2_ws/install/robotiq_gripper/include/robotiq_gripper/robotiq_gripper/msg/detail/gripper_command__builder.hpp
-- Up-to-date: /home/rnv3/ros2_ws/install/robotiq_gripper/include/robotiq_gripper/robotiq_gripper/msg/detail/gripper_status__traits.hpp
-- Up-to-date: /home/rnv3/ros2_ws/install/robotiq_gripper/include/robotiq_gripper/robotiq_gripper/msg/detail/gripper_status__struct.hpp
-- Up-to-date: /home/rnv3/ros2_ws/install/robotiq_gripper/include/robotiq_gripper/robotiq_gripper/msg/detail/gripper_command__struct.hpp
-- Up-to-date: /home/rnv3/ros2_ws/install/robotiq_gripper/include/robotiq_gripper/robotiq_gripper/msg/gripper_status.hpp
-- Up-to-date: /home/rnv3/ros2_ws/install/robotiq_gripper/include/robotiq_gripper/robotiq_gripper/msg/gripper_command.hpp
-- Up-to-date: /home/rnv3/ros2_ws/install/robotiq_gripper/include/robotiq_gripper/robotiq_gripper
-- Up-to-date: /home/rnv3/ros2_ws/install/robotiq_gripper/include/robotiq_gripper/robotiq_gripper/msg
-- Up-to-date: /home/rnv3/ros2_ws/install/robotiq_gripper/include/robotiq_gripper/robotiq_gripper/msg/detail
-- Up-to-date: /home/rnv3/ros2_ws/install/robotiq_gripper/include/robotiq_gripper/robotiq_gripper/msg/detail/gripper_status__rosidl_typesupport_fastrtps_cpp.hpp
-- Up-to-date: /home/rnv3/ros2_ws/install/robotiq_gripper/include/robotiq_gripper/robotiq_gripper/msg/detail/dds_fastrtps
-- Up-to-date: /home/rnv3/ros2_ws/install/robotiq_gripper/include/robotiq_gripper/robotiq_gripper/msg/detail/gripper_command__rosidl_typesupport_fastrtps_cpp.hpp
-- Up-to-date: /home/rnv3/ros2_ws/install/robotiq_gripper/include/robotiq_gripper/robotiq_gripper/msg/rosidl_typesupport_fastrtps_cpp__visibility_control.h
-- Up-to-date: /home/rnv3/ros2_ws/install/robotiq_gripper/lib/librobotiq_gripper__rosidl_typesupport_fastrtps_cpp.so
-- Up-to-date: /home/rnv3/ros2_ws/install/robotiq_gripper/include/robotiq_gripper/robotiq_gripper
-- Up-to-date: /home/rnv3/ros2_ws/install/robotiq_gripper/include/robotiq_gripper/robotiq_gripper/msg
-- Up-to-date: /home/rnv3/ros2_ws/install/robotiq_gripper/include/robotiq_gripper/robotiq_gripper/msg/detail
-- Up-to-date: /home/rnv3/ros2_ws/install/robotiq_gripper/include/robotiq_gripper/robotiq_gripper/msg/detail/gripper_command__type_support.cpp
-- Up-to-date: /home/rnv3/ros2_ws/install/robotiq_gripper/include/robotiq_gripper/robotiq_gripper/msg/detail/gripper_status__type_support.cpp
-- Up-to-date: /home/rnv3/ros2_ws/install/robotiq_gripper/include/robotiq_gripper/robotiq_gripper/msg/detail/gripper_status__rosidl_typesupport_introspection_cpp.hpp
-- Up-to-date: /home/rnv3/ros2_ws/install/robotiq_gripper/include/robotiq_gripper/robotiq_gripper/msg/detail/gripper_command__rosidl_typesupport_introspection_cpp.hpp
-- Up-to-date: /home/rnv3/ros2_ws/install/robotiq_gripper/lib/librobotiq_gripper__rosidl_typesupport_introspection_cpp.so
-- Up-to-date: /home/rnv3/ros2_ws/install/robotiq_gripper/lib/librobotiq_gripper__rosidl_typesupport_cpp.so
-- Up-to-date: /home/rnv3/ros2_ws/install/robotiq_gripper/share/robotiq_gripper/environment/pythonpath.sh
-- Up-to-date: /home/rnv3/ros2_ws/install/robotiq_gripper/share/robotiq_gripper/environment/pythonpath.dsv
-- Up-to-date: /home/rnv3/ros2_ws/install/robotiq_gripper/lib/python3.10/site-packages/robotiq_gripper-0.0.0-py3.10.egg-info
-- Installing: /home/rnv3/ros2_ws/install/robotiq_gripper/lib/python3.10/site-packages/robotiq_gripper-0.0.0-py3.10.egg-info/PKG-INFO
-- Installing: /home/rnv3/ros2_ws/install/robotiq_gripper/lib/python3.10/site-packages/robotiq_gripper-0.0.0-py3.10.egg-info/SOURCES.txt
-- Installing: /home/rnv3/ros2_ws/install/robotiq_gripper/lib/python3.10/site-packages/robotiq_gripper-0.0.0-py3.10.egg-info/dependency_links.txt
-- Installing: /home/rnv3/ros2_ws/install/robotiq_gripper/lib/python3.10/site-packages/robotiq_gripper-0.0.0-py3.10.egg-info/top_level.txt
-- Up-to-date: /home/rnv3/ros2_ws/install/robotiq_gripper/lib/python3.10/site-packages/robotiq_gripper
-- Up-to-date: /home/rnv3/ros2_ws/install/robotiq_gripper/lib/python3.10/site-packages/robotiq_gripper/robotiq_gripper_s__rosidl_typesupport_introspection_c.cpython-310-x86_64-linux-gnu.so
-- Up-to-date: /home/rnv3/ros2_ws/install/robotiq_gripper/lib/python3.10/site-packages/robotiq_gripper/_robotiq_gripper_s.ep.rosidl_typesupport_c.c
-- Up-to-date: /home/rnv3/ros2_ws/install/robotiq_gripper/lib/python3.10/site-packages/robotiq_gripper/robotiq_gripper_s__rosidl_typesupport_fastrtps_c.cpython-310-x86_64-linux-gnu.so
-- Up-to-date: /home/rnv3/ros2_ws/install/robotiq_gripper/lib/python3.10/site-packages/robotiq_gripper/_robotiq_gripper_s.ep.rosidl_typesupport_introspection_c.c
-- Up-to-date: /home/rnv3/ros2_ws/install/robotiq_gripper/lib/python3.10/site-packages/robotiq_gripper/librobotiq_gripper__rosidl_generator_py.so
-- Up-to-date: /home/rnv3/ros2_ws/install/robotiq_gripper/lib/python3.10/site-packages/robotiq_gripper/robotiq_gripper_s__rosidl_typesupport_c.cpython-310-x86_64-linux-gnu.so
-- Up-to-date: /home/rnv3/ros2_ws/install/robotiq_gripper/lib/python3.10/site-packages/robotiq_gripper/_robotiq_gripper_s.ep.rosidl_typesupport_fastrtps_c.c
-- Up-to-date: /home/rnv3/ros2_ws/install/robotiq_gripper/lib/python3.10/site-packages/robotiq_gripper/msg
-- Up-to-date: /home/rnv3/ros2_ws/install/robotiq_gripper/lib/python3.10/site-packages/robotiq_gripper/msg/_gripper_status.py
-- Up-to-date: /home/rnv3/ros2_ws/install/robotiq_gripper/lib/python3.10/site-packages/robotiq_gripper/msg/_gripper_command_s.c
-- Up-to-date: /home/rnv3/ros2_ws/install/robotiq_gripper/lib/python3.10/site-packages/robotiq_gripper/msg/_gripper_status_s.c
-- Up-to-date: /home/rnv3/ros2_ws/install/robotiq_gripper/lib/python3.10/site-packages/robotiq_gripper/msg/_gripper_command.py
-- Up-to-date: /home/rnv3/ros2_ws/install/robotiq_gripper/lib/python3.10/site-packages/robotiq_gripper/msg/__init__.py
-- Up-to-date: /home/rnv3/ros2_ws/install/robotiq_gripper/lib/python3.10/site-packages/robotiq_gripper/__init__.py
Listing '/home/rnv3/ros2_ws/install/robotiq_gripper/lib/python3.10/site-packages/robotiq_gripper'...
Listing '/home/rnv3/ros2_ws/install/robotiq_gripper/lib/python3.10/site-packages/robotiq_gripper/msg'...
-- Up-to-date: /home/rnv3/ros2_ws/install/robotiq_gripper/lib/python3.10/site-packages/robotiq_gripper/robotiq_gripper_s__rosidl_typesupport_fastrtps_c.cpython-310-x86_64-linux-gnu.so
-- Up-to-date: /home/rnv3/ros2_ws/install/robotiq_gripper/lib/python3.10/site-packages/robotiq_gripper/robotiq_gripper_s__rosidl_typesupport_introspection_c.cpython-310-x86_64-linux-gnu.so
-- Up-to-date: /home/rnv3/ros2_ws/install/robotiq_gripper/lib/python3.10/site-packages/robotiq_gripper/robotiq_gripper_s__rosidl_typesupport_c.cpython-310-x86_64-linux-gnu.so
-- Up-to-date: /home/rnv3/ros2_ws/install/robotiq_gripper/lib/librobotiq_gripper__rosidl_generator_py.so
-- Up-to-date: /home/rnv3/ros2_ws/install/robotiq_gripper/share/robotiq_gripper/msg/GripperStatus.idl
-- Up-to-date: /home/rnv3/ros2_ws/install/robotiq_gripper/share/robotiq_gripper/msg/GripperCommand.idl
-- Up-to-date: /home/rnv3/ros2_ws/install/robotiq_gripper/share/robotiq_gripper/msg/GripperStatus.msg
-- Up-to-date: /home/rnv3/ros2_ws/install/robotiq_gripper/share/robotiq_gripper/msg/GripperCommand.msg
-- Up-to-date: /home/rnv3/ros2_ws/install/robotiq_gripper/lib/robotiq_gripper/gripper_twin
-- Up-to-date: /home/rnv3/ros2_ws/install/robotiq_gripper/lib/robotiq_gripper/rtde_control
-- Up-to-date: /home/rnv3/ros2_ws/install/robotiq_gripper/include
-- Up-to-date: /home/rnv3/ros2_ws/install/robotiq_gripper/include/robotiq_gripper
-- Up-to-date: /home/rnv3/ros2_ws/install/robotiq_gripper/include/robotiq_gripper/robotiq_utils.hpp
-- Up-to-date: /home/rnv3/ros2_ws/install/robotiq_gripper/share/robotiq_gripper//launch
-- Up-to-date: /home/rnv3/ros2_ws/install/robotiq_gripper/share/robotiq_gripper//launch/view_gripper.launch.py
-- Up-to-date: /home/rnv3/ros2_ws/install/robotiq_gripper/share/robotiq_gripper//rviz
-- Up-to-date: /home/rnv3/ros2_ws/install/robotiq_gripper/share/robotiq_gripper//rviz/view_urdf.rviz
-- Up-to-date: /home/rnv3/ros2_ws/install/robotiq_gripper/share/ament_index/resource_index/package_run_dependencies/robotiq_gripper
-- Up-to-date: /home/rnv3/ros2_ws/install/robotiq_gripper/share/ament_index/resource_index/parent_prefix_path/robotiq_gripper
-- Up-to-date: /home/rnv3/ros2_ws/install/robotiq_gripper/share/robotiq_gripper/environment/ament_prefix_path.sh
-- Up-to-date: /home/rnv3/ros2_ws/install/robotiq_gripper/share/robotiq_gripper/environment/ament_prefix_path.dsv
-- Up-to-date: /home/rnv3/ros2_ws/install/robotiq_gripper/share/robotiq_gripper/environment/path.sh
-- Up-to-date: /home/rnv3/ros2_ws/install/robotiq_gripper/share/robotiq_gripper/environment/path.dsv
-- Up-to-date: /home/rnv3/ros2_ws/install/robotiq_gripper/share/robotiq_gripper/local_setup.bash
-- Up-to-date: /home/rnv3/ros2_ws/install/robotiq_gripper/share/robotiq_gripper/local_setup.sh
-- Up-to-date: /home/rnv3/ros2_ws/install/robotiq_gripper/share/robotiq_gripper/local_setup.zsh
-- Up-to-date: /home/rnv3/ros2_ws/install/robotiq_gripper/share/robotiq_gripper/local_setup.dsv
-- Installing: /home/rnv3/ros2_ws/install/robotiq_gripper/share/robotiq_gripper/package.dsv
-- Up-to-date: /home/rnv3/ros2_ws/install/robotiq_gripper/share/ament_index/resource_index/packages/robotiq_gripper
-- Up-to-date: /home/rnv3/ros2_ws/install/robotiq_gripper/share/robotiq_gripper/cmake/export_robotiq_gripper__rosidl_generator_cExport.cmake
-- Up-to-date: /home/rnv3/ros2_ws/install/robotiq_gripper/share/robotiq_gripper/cmake/export_robotiq_gripper__rosidl_generator_cExport-noconfig.cmake
-- Up-to-date: /home/rnv3/ros2_ws/install/robotiq_gripper/share/robotiq_gripper/cmake/export_robotiq_gripper__rosidl_typesupport_fastrtps_cExport.cmake
-- Up-to-date: /home/rnv3/ros2_ws/install/robotiq_gripper/share/robotiq_gripper/cmake/export_robotiq_gripper__rosidl_typesupport_fastrtps_cExport-noconfig.cmake
-- Up-to-date: /home/rnv3/ros2_ws/install/robotiq_gripper/share/robotiq_gripper/cmake/robotiq_gripper__rosidl_typesupport_introspection_cExport.cmake
-- Up-to-date: /home/rnv3/ros2_ws/install/robotiq_gripper/share/robotiq_gripper/cmake/robotiq_gripper__rosidl_typesupport_introspection_cExport-noconfig.cmake
-- Up-to-date: /home/rnv3/ros2_ws/install/robotiq_gripper/share/robotiq_gripper/cmake/robotiq_gripper__rosidl_typesupport_cExport.cmake
-- Up-to-date: /home/rnv3/ros2_ws/install/robotiq_gripper/share/robotiq_gripper/cmake/robotiq_gripper__rosidl_typesupport_cExport-noconfig.cmake
-- Up-to-date: /home/rnv3/ros2_ws/install/robotiq_gripper/share/robotiq_gripper/cmake/export_robotiq_gripper__rosidl_generator_cppExport.cmake
-- Up-to-date: /home/rnv3/ros2_ws/install/robotiq_gripper/share/robotiq_gripper/cmake/export_robotiq_gripper__rosidl_typesupport_fastrtps_cppExport.cmake
-- Up-to-date: /home/rnv3/ros2_ws/install/robotiq_gripper/share/robotiq_gripper/cmake/export_robotiq_gripper__rosidl_typesupport_fastrtps_cppExport-noconfig.cmake
-- Up-to-date: /home/rnv3/ros2_ws/install/robotiq_gripper/share/robotiq_gripper/cmake/robotiq_gripper__rosidl_typesupport_introspection_cppExport.cmake
-- Up-to-date: /home/rnv3/ros2_ws/install/robotiq_gripper/share/robotiq_gripper/cmake/robotiq_gripper__rosidl_typesupport_introspection_cppExport-noconfig.cmake
-- Up-to-date: /home/rnv3/ros2_ws/install/robotiq_gripper/share/robotiq_gripper/cmake/robotiq_gripper__rosidl_typesupport_cppExport.cmake
-- Up-to-date: /home/rnv3/ros2_ws/install/robotiq_gripper/share/robotiq_gripper/cmake/robotiq_gripper__rosidl_typesupport_cppExport-noconfig.cmake
-- Up-to-date: /home/rnv3/ros2_ws/install/robotiq_gripper/share/robotiq_gripper/cmake/export_robotiq_gripper__rosidl_generator_pyExport.cmake
-- Up-to-date: /home/rnv3/ros2_ws/install/robotiq_gripper/share/robotiq_gripper/cmake/export_robotiq_gripper__rosidl_generator_pyExport-noconfig.cmake
-- Up-to-date: /home/rnv3/ros2_ws/install/robotiq_gripper/share/robotiq_gripper/cmake/rosidl_cmake-extras.cmake
-- Up-to-date: /home/rnv3/ros2_ws/install/robotiq_gripper/share/robotiq_gripper/cmake/ament_cmake_export_include_directories-extras.cmake
-- Up-to-date: /home/rnv3/ros2_ws/install/robotiq_gripper/share/robotiq_gripper/cmake/ament_cmake_export_libraries-extras.cmake
-- Up-to-date: /home/rnv3/ros2_ws/install/robotiq_gripper/share/robotiq_gripper/cmake/ament_cmake_export_targets-extras.cmake
-- Up-to-date: /home/rnv3/ros2_ws/install/robotiq_gripper/share/robotiq_gripper/cmake/rosidl_cmake_export_typesupport_targets-extras.cmake
-- Up-to-date: /home/rnv3/ros2_ws/install/robotiq_gripper/share/robotiq_gripper/cmake/ament_cmake_export_dependencies-extras.cmake
-- Up-to-date: /home/rnv3/ros2_ws/install/robotiq_gripper/share/robotiq_gripper/cmake/rosidl_cmake_export_typesupport_libraries-extras.cmake
-- Up-to-date: /home/rnv3/ros2_ws/install/robotiq_gripper/share/robotiq_gripper/cmake/robotiq_gripperConfig.cmake
-- Up-to-date: /home/rnv3/ros2_ws/install/robotiq_gripper/share/robotiq_gripper/cmake/robotiq_gripperConfig-version.cmake
-- Up-to-date: /home/rnv3/ros2_ws/install/robotiq_gripper/share/robotiq_gripper/package.xml
