-- The C compiler identification is GNU 11.4.0
-- The CXX compiler identification is GNU 11.4.0
-- Detecting C compiler ABI info
-- Detecting C compiler ABI info - done
-- Check for working C compiler: /usr/bin/cc - skipped
-- Detecting C compile features
-- Detecting C compile features - done
-- Detecting CXX compiler ABI info
-- Detecting CXX compiler ABI info - done
-- Check for working CXX compiler: /usr/bin/c++ - skipped
-- Detecting CXX compile features
-- Detecting CXX compile features - done
-- Found ament_cmake: 2.0.6 (/opt/ros/iron/share/ament_cmake/cmake)
-- Found Python3: /usr/bin/python3.10 (found version "3.10.12") found components: Interpreter 
-- Found rclcpp: 21.0.7 (/opt/ros/iron/share/rclcpp/cmake)
-- Found rosidl_generator_c: 4.0.1 (/opt/ros/iron/share/rosidl_generator_c/cmake)
-- Found rosidl_generator_cpp: 4.0.1 (/opt/ros/iron/share/rosidl_generator_cpp/cmake)
-- Using all available rosidl_typesupport_c: rosidl_typesupport_fastrtps_c;rosidl_typesupport_introspection_c
-- Using all available rosidl_typesupport_cpp: rosidl_typesupport_fastrtps_cpp;rosidl_typesupport_introspection_cpp
-- Found rmw_implementation_cmake: 7.1.0 (/opt/ros/iron/share/rmw_implementation_cmake/cmake)
-- Found rmw_fastrtps_cpp: 7.1.4 (/opt/ros/iron/share/rmw_fastrtps_cpp/cmake)
-- Found OpenSSL: /usr/lib/x86_64-linux-gnu/libcrypto.so (found version "3.0.2")  
-- Found FastRTPS: /opt/ros/iron/include  
-- Using RMW implementation 'rmw_fastrtps_cpp' as default
-- Found sensor_msgs: 5.0.1 (/opt/ros/iron/share/sensor_msgs/cmake)
-- Found trajectory_msgs: 5.0.1 (/opt/ros/iron/share/trajectory_msgs/cmake)
-- Found std_srvs: 5.0.1 (/opt/ros/iron/share/std_srvs/cmake)
-- Found robotiq_gripper: 0.0.0 (/home/rnv3/ros2_ws/install/robotiq_gripper/share/robotiq_gripper/cmake)
-- Found moveit_msgs: 2.3.0 (/opt/ros/iron/share/moveit_msgs/cmake)
-- Found moveit_ros_planning: 2.8.0 (/opt/ros/iron/share/moveit_ros_planning/cmake)
-- Found Boost: /usr/lib/x86_64-linux-gnu/cmake/Boost-1.74.0/BoostConfig.cmake (found version "1.74.0") found components: system filesystem date_time program_options thread chrono 
-- Found parameter_traits: 0.3.8 (/opt/ros/iron/share/parameter_traits/cmake)
-- Found rclcpp_lifecycle: 21.0.7 (/opt/ros/iron/share/rclcpp_lifecycle/cmake)
-- Found Boost: /usr/lib/x86_64-linux-gnu/cmake/Boost-1.74.0/BoostConfig.cmake (found version "1.74.0") found components: chrono date_time filesystem iostreams program_options regex serialization system thread 
-- Found Boost: /usr/lib/x86_64-linux-gnu/cmake/Boost-1.74.0/BoostConfig.cmake (found version "1.74.0") found components: filesystem 
-- library: /usr/lib/x86_64-linux-gnu/libcurl.so
-- Found Eigen3: TRUE (found version "3.4.0") 
-- Ensuring Eigen3 include directory is part of orocos-kdl CMake target
-- Found moveit_ros_planning_interface: 2.8.0 (/opt/ros/iron/share/moveit_ros_planning_interface/cmake)
-- Found Boost: /usr/lib/x86_64-linux-gnu/cmake/Boost-1.74.0/BoostConfig.cmake (found version "1.74.0") found components: date_time filesystem program_options system thread 
-- Found Boost: /usr/lib/x86_64-linux-gnu/cmake/Boost-1.74.0/BoostConfig.cmake (found version "1.74.0") found components: thread system filesystem regex date_time program_options 
-- Found Boost: /usr/lib/x86_64-linux-gnu/cmake/Boost-1.74.0/BoostConfig.cmake (found version "1.74.0") found components: system filesystem date_time program_options thread 
-- Configuring done (3.1s)
-- Generating done (0.0s)
-- Build files have been written to: /home/rnv3/ros2_ws/build/integrated_ur_robotiq
[ 10%] [32mBuilding CXX object CMakeFiles/synchronizer.dir/src/synchronizer.cpp.o[0m
[ 20%] [32mBuilding CXX object CMakeFiles/ur_pose_monitor.dir/src/ur_pose_monitor.cpp.o[0m
[ 30%] [32mBuilding CXX object CMakeFiles/ur_trajectory_comparator.dir/src/ur_trajectory_comparator.cpp.o[0m
[ 40%] [32mBuilding CXX object CMakeFiles/integrated_ui.dir/src/integrated_ui.cpp.o[0m
[ 50%] [32mBuilding CXX object CMakeFiles/integrated_control_test.dir/src/integrated_control_test.cpp.o[0m
[ 60%] [32m[1mLinking CXX executable ur_trajectory_comparator[0m
[ 70%] [32m[1mLinking CXX executable synchronizer[0m
[ 70%] Built target ur_trajectory_comparator
[ 70%] Built target synchronizer
[ 80%] [32m[1mLinking CXX executable integrated_ui[0m
[ 80%] Built target integrated_ui
[ 90%] [32m[1mLinking CXX executable ur_pose_monitor[0m
[100%] [32m[1mLinking CXX executable integrated_control_test[0m
[100%] Built target ur_pose_monitor
[100%] Built target integrated_control_test
-- Install configuration: ""
-- Installing: /home/rnv3/ros2_ws/install/integrated_ur_robotiq/include
-- Installing: /home/rnv3/ros2_ws/install/integrated_ur_robotiq/include/integrated_ur_robotiq
-- Installing: /home/rnv3/ros2_ws/install/integrated_ur_robotiq/include/integrated_ur_robotiq/integrated_control.hpp
-- Installing: /home/rnv3/ros2_ws/install/integrated_ur_robotiq/lib/integrated_ur_robotiq/ursim_init.py
-- Installing: /home/rnv3/ros2_ws/install/integrated_ur_robotiq/lib/integrated_ur_robotiq/ur_dashboard_terminal.py
-- Installing: /home/rnv3/ros2_ws/install/integrated_ur_robotiq/lib/integrated_ur_robotiq/ursim_play.py
-- Installing: /home/rnv3/ros2_ws/install/integrated_ur_robotiq/lib/integrated_ur_robotiq/ursim_stop.py
-- Installing: /home/rnv3/ros2_ws/install/integrated_ur_robotiq/lib/integrated_ur_robotiq/synchronizer
-- Set non-toolchain portion of runtime path of "/home/rnv3/ros2_ws/install/integrated_ur_robotiq/lib/integrated_ur_robotiq/synchronizer" to ""
-- Installing: /home/rnv3/ros2_ws/install/integrated_ur_robotiq/lib/integrated_ur_robotiq/ur_pose_monitor
-- Set non-toolchain portion of runtime path of "/home/rnv3/ros2_ws/install/integrated_ur_robotiq/lib/integrated_ur_robotiq/ur_pose_monitor" to ""
-- Installing: /home/rnv3/ros2_ws/install/integrated_ur_robotiq/lib/integrated_ur_robotiq/ur_trajectory_comparator
-- Set non-toolchain portion of runtime path of "/home/rnv3/ros2_ws/install/integrated_ur_robotiq/lib/integrated_ur_robotiq/ur_trajectory_comparator" to ""
-- Installing: /home/rnv3/ros2_ws/install/integrated_ur_robotiq/lib/integrated_ur_robotiq/integrated_ui
-- Set non-toolchain portion of runtime path of "/home/rnv3/ros2_ws/install/integrated_ur_robotiq/lib/integrated_ur_robotiq/integrated_ui" to ""
-- Installing: /home/rnv3/ros2_ws/install/integrated_ur_robotiq/lib/integrated_ur_robotiq/integrated_control_test
-- Set non-toolchain portion of runtime path of "/home/rnv3/ros2_ws/install/integrated_ur_robotiq/lib/integrated_ur_robotiq/integrated_control_test" to ""
-- Installing: /home/rnv3/ros2_ws/install/integrated_ur_robotiq/share/integrated_ur_robotiq//launch
-- Installing: /home/rnv3/ros2_ws/install/integrated_ur_robotiq/share/integrated_ur_robotiq//launch/physical.launch.py
-- Installing: /home/rnv3/ros2_ws/install/integrated_ur_robotiq/share/integrated_ur_robotiq//launch/ur_control.launch.py
-- Installing: /home/rnv3/ros2_ws/install/integrated_ur_robotiq/share/integrated_ur_robotiq//launch/digital.launch.py
-- Installing: /home/rnv3/ros2_ws/install/integrated_ur_robotiq/share/integrated_ur_robotiq//launch/ur_sim.launch.py
-- Installing: /home/rnv3/ros2_ws/install/integrated_ur_robotiq/share/integrated_ur_robotiq//launch/everything.launch.py
-- Installing: /home/rnv3/ros2_ws/install/integrated_ur_robotiq/share/integrated_ur_robotiq//launch/integrated.launch.py
-- Installing: /home/rnv3/ros2_ws/install/integrated_ur_robotiq/share/integrated_ur_robotiq//config
-- Installing: /home/rnv3/ros2_ws/install/integrated_ur_robotiq/share/integrated_ur_robotiq//config/digital_controllers.yaml
-- Installing: /home/rnv3/ros2_ws/install/integrated_ur_robotiq/share/integrated_ur_robotiq//config/physical_controllers.yaml
-- Installing: /home/rnv3/ros2_ws/install/integrated_ur_robotiq/share/ament_index/resource_index/package_run_dependencies/integrated_ur_robotiq
-- Installing: /home/rnv3/ros2_ws/install/integrated_ur_robotiq/share/ament_index/resource_index/parent_prefix_path/integrated_ur_robotiq
-- Installing: /home/rnv3/ros2_ws/install/integrated_ur_robotiq/share/integrated_ur_robotiq/environment/ament_prefix_path.sh
-- Installing: /home/rnv3/ros2_ws/install/integrated_ur_robotiq/share/integrated_ur_robotiq/environment/ament_prefix_path.dsv
-- Installing: /home/rnv3/ros2_ws/install/integrated_ur_robotiq/share/integrated_ur_robotiq/environment/path.sh
-- Installing: /home/rnv3/ros2_ws/install/integrated_ur_robotiq/share/integrated_ur_robotiq/environment/path.dsv
-- Installing: /home/rnv3/ros2_ws/install/integrated_ur_robotiq/share/integrated_ur_robotiq/local_setup.bash
-- Installing: /home/rnv3/ros2_ws/install/integrated_ur_robotiq/share/integrated_ur_robotiq/local_setup.sh
-- Installing: /home/rnv3/ros2_ws/install/integrated_ur_robotiq/share/integrated_ur_robotiq/local_setup.zsh
-- Installing: /home/rnv3/ros2_ws/install/integrated_ur_robotiq/share/integrated_ur_robotiq/local_setup.dsv
-- Installing: /home/rnv3/ros2_ws/install/integrated_ur_robotiq/share/integrated_ur_robotiq/package.dsv
-- Installing: /home/rnv3/ros2_ws/install/integrated_ur_robotiq/share/ament_index/resource_index/packages/integrated_ur_robotiq
-- Installing: /home/rnv3/ros2_ws/install/integrated_ur_robotiq/share/integrated_ur_robotiq/cmake/integrated_ur_robotiqConfig.cmake
-- Installing: /home/rnv3/ros2_ws/install/integrated_ur_robotiq/share/integrated_ur_robotiq/cmake/integrated_ur_robotiqConfig-version.cmake
-- Installing: /home/rnv3/ros2_ws/install/integrated_ur_robotiq/share/integrated_ur_robotiq/package.xml
