-- Install configuration: ""
-- Up-to-date: /home/rnv3/ros2_ws/install/ur_robotiq_description/share/ur_robotiq_description//launch
-- Up-to-date: /home/rnv3/ros2_ws/install/ur_robotiq_description/share/ur_robotiq_description//launch/view_robot.launch.py
-- Up-to-date: /home/rnv3/ros2_ws/install/ur_robotiq_description/share/ur_robotiq_description//urdf
-- Up-to-date: /home/rnv3/ros2_ws/install/ur_robotiq_description/share/ur_robotiq_description//urdf/ur_robotiq.urdf.xacro
-- Up-to-date: /home/rnv3/ros2_ws/install/ur_robotiq_description/share/ur_robotiq_description//config
-- Up-to-date: /home/rnv3/ros2_ws/install/ur_robotiq_description/share/ur_robotiq_description//config/ur10
-- Up-to-date: /home/rnv3/ros2_ws/install/ur_robotiq_description/share/ur_robotiq_description//config/ur10/visual_parameters.yaml
-- Up-to-date: /home/rnv3/ros2_ws/install/ur_robotiq_description/share/ur_robotiq_description//config/ur10/joint_limits.yaml
-- Up-to-date: /home/rnv3/ros2_ws/install/ur_robotiq_description/share/ur_robotiq_description//config/ur10/default_kinematics.yaml
-- Up-to-date: /home/rnv3/ros2_ws/install/ur_robotiq_description/share/ur_robotiq_description//config/ur10/physical_parameters.yaml
-- Up-to-date: /home/rnv3/ros2_ws/install/ur_robotiq_description/share/ur_robotiq_description//config/ur3e
-- Up-to-date: /home/rnv3/ros2_ws/install/ur_robotiq_description/share/ur_robotiq_description//config/ur3e/visual_parameters.yaml
-- Up-to-date: /home/rnv3/ros2_ws/install/ur_robotiq_description/share/ur_robotiq_description//config/ur3e/joint_limits.yaml
-- Up-to-date: /home/rnv3/ros2_ws/install/ur_robotiq_description/share/ur_robotiq_description//config/ur3e/default_kinematics.yaml
-- Up-to-date: /home/rnv3/ros2_ws/install/ur_robotiq_description/share/ur_robotiq_description//config/ur3e/physical_parameters.yaml
-- Up-to-date: /home/rnv3/ros2_ws/install/ur_robotiq_description/share/ur_robotiq_description//config/ur10e
-- Up-to-date: /home/rnv3/ros2_ws/install/ur_robotiq_description/share/ur_robotiq_description//config/ur10e/visual_parameters.yaml
-- Up-to-date: /home/rnv3/ros2_ws/install/ur_robotiq_description/share/ur_robotiq_description//config/ur10e/joint_limits.yaml
-- Up-to-date: /home/rnv3/ros2_ws/install/ur_robotiq_description/share/ur_robotiq_description//config/ur10e/default_kinematics.yaml
-- Up-to-date: /home/rnv3/ros2_ws/install/ur_robotiq_description/share/ur_robotiq_description//config/ur10e/physical_parameters.yaml
-- Up-to-date: /home/rnv3/ros2_ws/install/ur_robotiq_description/share/ur_robotiq_description//config/ur3
-- Up-to-date: /home/rnv3/ros2_ws/install/ur_robotiq_description/share/ur_robotiq_description//config/ur3/visual_parameters.yaml
-- Up-to-date: /home/rnv3/ros2_ws/install/ur_robotiq_description/share/ur_robotiq_description//config/ur3/joint_limits.yaml
-- Up-to-date: /home/rnv3/ros2_ws/install/ur_robotiq_description/share/ur_robotiq_description//config/ur3/default_kinematics.yaml
-- Up-to-date: /home/rnv3/ros2_ws/install/ur_robotiq_description/share/ur_robotiq_description//config/ur3/physical_parameters.yaml
-- Up-to-date: /home/rnv3/ros2_ws/install/ur_robotiq_description/share/ur_robotiq_description//config/initial_positions.yaml
-- Up-to-date: /home/rnv3/ros2_ws/install/ur_robotiq_description/share/ur_robotiq_description//config/ur16e
-- Up-to-date: /home/rnv3/ros2_ws/install/ur_robotiq_description/share/ur_robotiq_description//config/ur16e/visual_parameters.yaml
-- Up-to-date: /home/rnv3/ros2_ws/install/ur_robotiq_description/share/ur_robotiq_description//config/ur16e/joint_limits.yaml
-- Up-to-date: /home/rnv3/ros2_ws/install/ur_robotiq_description/share/ur_robotiq_description//config/ur16e/default_kinematics.yaml
-- Up-to-date: /home/rnv3/ros2_ws/install/ur_robotiq_description/share/ur_robotiq_description//config/ur16e/physical_parameters.yaml
-- Up-to-date: /home/rnv3/ros2_ws/install/ur_robotiq_description/share/ur_robotiq_description//config/ur30
-- Up-to-date: /home/rnv3/ros2_ws/install/ur_robotiq_description/share/ur_robotiq_description//config/ur30/visual_parameters.yaml
-- Up-to-date: /home/rnv3/ros2_ws/install/ur_robotiq_description/share/ur_robotiq_description//config/ur30/joint_limits.yaml
-- Up-to-date: /home/rnv3/ros2_ws/install/ur_robotiq_description/share/ur_robotiq_description//config/ur30/default_kinematics.yaml
-- Up-to-date: /home/rnv3/ros2_ws/install/ur_robotiq_description/share/ur_robotiq_description//config/ur30/physical_parameters.yaml
-- Up-to-date: /home/rnv3/ros2_ws/install/ur_robotiq_description/share/ur_robotiq_description//config/ur5
-- Up-to-date: /home/rnv3/ros2_ws/install/ur_robotiq_description/share/ur_robotiq_description//config/ur5/visual_parameters.yaml
-- Up-to-date: /home/rnv3/ros2_ws/install/ur_robotiq_description/share/ur_robotiq_description//config/ur5/joint_limits.yaml
-- Up-to-date: /home/rnv3/ros2_ws/install/ur_robotiq_description/share/ur_robotiq_description//config/ur5/default_kinematics.yaml
-- Up-to-date: /home/rnv3/ros2_ws/install/ur_robotiq_description/share/ur_robotiq_description//config/ur5/physical_parameters.yaml
-- Up-to-date: /home/rnv3/ros2_ws/install/ur_robotiq_description/share/ur_robotiq_description//config/ur5e
-- Up-to-date: /home/rnv3/ros2_ws/install/ur_robotiq_description/share/ur_robotiq_description//config/ur5e/visual_parameters.yaml
-- Up-to-date: /home/rnv3/ros2_ws/install/ur_robotiq_description/share/ur_robotiq_description//config/ur5e/joint_limits.yaml
-- Up-to-date: /home/rnv3/ros2_ws/install/ur_robotiq_description/share/ur_robotiq_description//config/ur5e/default_kinematics.yaml
-- Up-to-date: /home/rnv3/ros2_ws/install/ur_robotiq_description/share/ur_robotiq_description//config/ur5e/physical_parameters.yaml
-- Up-to-date: /home/rnv3/ros2_ws/install/ur_robotiq_description/share/ur_robotiq_description//config/ur20
-- Up-to-date: /home/rnv3/ros2_ws/install/ur_robotiq_description/share/ur_robotiq_description//config/ur20/visual_parameters.yaml
-- Up-to-date: /home/rnv3/ros2_ws/install/ur_robotiq_description/share/ur_robotiq_description//config/ur20/joint_limits.yaml
-- Up-to-date: /home/rnv3/ros2_ws/install/ur_robotiq_description/share/ur_robotiq_description//config/ur20/default_kinematics.yaml
-- Up-to-date: /home/rnv3/ros2_ws/install/ur_robotiq_description/share/ur_robotiq_description//config/ur20/physical_parameters.yaml
-- Up-to-date: /home/rnv3/ros2_ws/install/ur_robotiq_description/share/ur_robotiq_description//rviz
-- Up-to-date: /home/rnv3/ros2_ws/install/ur_robotiq_description/share/ur_robotiq_description//rviz/view_robot.rviz
-- Up-to-date: /home/rnv3/ros2_ws/install/ur_robotiq_description/share/ament_index/resource_index/package_run_dependencies/ur_robotiq_description
-- Up-to-date: /home/rnv3/ros2_ws/install/ur_robotiq_description/share/ament_index/resource_index/parent_prefix_path/ur_robotiq_description
-- Up-to-date: /home/rnv3/ros2_ws/install/ur_robotiq_description/share/ur_robotiq_description/environment/ament_prefix_path.sh
-- Up-to-date: /home/rnv3/ros2_ws/install/ur_robotiq_description/share/ur_robotiq_description/environment/ament_prefix_path.dsv
-- Up-to-date: /home/rnv3/ros2_ws/install/ur_robotiq_description/share/ur_robotiq_description/environment/path.sh
-- Up-to-date: /home/rnv3/ros2_ws/install/ur_robotiq_description/share/ur_robotiq_description/environment/path.dsv
-- Up-to-date: /home/rnv3/ros2_ws/install/ur_robotiq_description/share/ur_robotiq_description/local_setup.bash
-- Up-to-date: /home/rnv3/ros2_ws/install/ur_robotiq_description/share/ur_robotiq_description/local_setup.sh
-- Up-to-date: /home/rnv3/ros2_ws/install/ur_robotiq_description/share/ur_robotiq_description/local_setup.zsh
-- Up-to-date: /home/rnv3/ros2_ws/install/ur_robotiq_description/share/ur_robotiq_description/local_setup.dsv
-- Up-to-date: /home/rnv3/ros2_ws/install/ur_robotiq_description/share/ur_robotiq_description/package.dsv
-- Up-to-date: /home/rnv3/ros2_ws/install/ur_robotiq_description/share/ament_index/resource_index/packages/ur_robotiq_description
-- Up-to-date: /home/rnv3/ros2_ws/install/ur_robotiq_description/share/ur_robotiq_description/cmake/ur_robotiq_descriptionConfig.cmake
-- Up-to-date: /home/rnv3/ros2_ws/install/ur_robotiq_description/share/ur_robotiq_description/cmake/ur_robotiq_descriptionConfig-version.cmake
-- Up-to-date: /home/rnv3/ros2_ws/install/ur_robotiq_description/share/ur_robotiq_description/package.xml
