[0.005s] Invoking command in '/home/rnv3/ros2_ws/build/ur_robotiq_description': CMAKE_PREFIX_PATH=/opt/ros/iron /usr/bin/cmake --build /home/rnv3/ros2_ws/build/ur_robotiq_description -- -j24 -l24
[0.013s] Invoked command in '/home/rnv3/ros2_ws/build/ur_robotiq_description' returned '0': CMAKE_PREFIX_PATH=/opt/ros/iron /usr/bin/cmake --build /home/rnv3/ros2_ws/build/ur_robotiq_description -- -j24 -l24
[0.023s] Invoking command in '/home/rnv3/ros2_ws/build/ur_robotiq_description': CMAKE_PREFIX_PATH=/opt/ros/iron /usr/bin/cmake --install /home/rnv3/ros2_ws/build/ur_robotiq_description
[0.025s] -- Install configuration: ""
[0.026s] -- Up-to-date: /home/rnv3/ros2_ws/install/ur_robotiq_description/share/ur_robotiq_description//launch
[0.026s] -- Up-to-date: /home/rnv3/ros2_ws/install/ur_robotiq_description/share/ur_robotiq_description//launch/view_robot.launch.py
[0.026s] -- Up-to-date: /home/rnv3/ros2_ws/install/ur_robotiq_description/share/ur_robotiq_description//urdf
[0.027s] -- Up-to-date: /home/rnv3/ros2_ws/install/ur_robotiq_description/share/ur_robotiq_description//urdf/ur_robotiq.urdf.xacro
[0.027s] -- Up-to-date: /home/rnv3/ros2_ws/install/ur_robotiq_description/share/ur_robotiq_description//config
[0.027s] -- Up-to-date: /home/rnv3/ros2_ws/install/ur_robotiq_description/share/ur_robotiq_description//config/ur10
[0.027s] -- Up-to-date: /home/rnv3/ros2_ws/install/ur_robotiq_description/share/ur_robotiq_description//config/ur10/visual_parameters.yaml
[0.027s] -- Up-to-date: /home/rnv3/ros2_ws/install/ur_robotiq_description/share/ur_robotiq_description//config/ur10/joint_limits.yaml
[0.027s] -- Up-to-date: /home/rnv3/ros2_ws/install/ur_robotiq_description/share/ur_robotiq_description//config/ur10/default_kinematics.yaml
[0.027s] -- Up-to-date: /home/rnv3/ros2_ws/install/ur_robotiq_description/share/ur_robotiq_description//config/ur10/physical_parameters.yaml
[0.027s] -- Up-to-date: /home/rnv3/ros2_ws/install/ur_robotiq_description/share/ur_robotiq_description//config/ur3e
[0.027s] -- Up-to-date: /home/rnv3/ros2_ws/install/ur_robotiq_description/share/ur_robotiq_description//config/ur3e/visual_parameters.yaml
[0.027s] -- Up-to-date: /home/rnv3/ros2_ws/install/ur_robotiq_description/share/ur_robotiq_description//config/ur3e/joint_limits.yaml
[0.027s] -- Up-to-date: /home/rnv3/ros2_ws/install/ur_robotiq_description/share/ur_robotiq_description//config/ur3e/default_kinematics.yaml
[0.028s] -- Up-to-date: /home/rnv3/ros2_ws/install/ur_robotiq_description/share/ur_robotiq_description//config/ur3e/physical_parameters.yaml
[0.028s] -- Up-to-date: /home/rnv3/ros2_ws/install/ur_robotiq_description/share/ur_robotiq_description//config/ur10e
[0.028s] -- Up-to-date: /home/rnv3/ros2_ws/install/ur_robotiq_description/share/ur_robotiq_description//config/ur10e/visual_parameters.yaml
[0.028s] -- Up-to-date: /home/rnv3/ros2_ws/install/ur_robotiq_description/share/ur_robotiq_description//config/ur10e/joint_limits.yaml
[0.028s] -- Up-to-date: /home/rnv3/ros2_ws/install/ur_robotiq_description/share/ur_robotiq_description//config/ur10e/default_kinematics.yaml
[0.028s] -- Up-to-date: /home/rnv3/ros2_ws/install/ur_robotiq_description/share/ur_robotiq_description//config/ur10e/physical_parameters.yaml
[0.028s] -- Up-to-date: /home/rnv3/ros2_ws/install/ur_robotiq_description/share/ur_robotiq_description//config/ur3
[0.028s] -- Up-to-date: /home/rnv3/ros2_ws/install/ur_robotiq_description/share/ur_robotiq_description//config/ur3/visual_parameters.yaml
[0.028s] -- Up-to-date: /home/rnv3/ros2_ws/install/ur_robotiq_description/share/ur_robotiq_description//config/ur3/joint_limits.yaml
[0.028s] -- Up-to-date: /home/rnv3/ros2_ws/install/ur_robotiq_description/share/ur_robotiq_description//config/ur3/default_kinematics.yaml
[0.028s] -- Up-to-date: /home/rnv3/ros2_ws/install/ur_robotiq_description/share/ur_robotiq_description//config/ur3/physical_parameters.yaml
[0.028s] -- Up-to-date: /home/rnv3/ros2_ws/install/ur_robotiq_description/share/ur_robotiq_description//config/initial_positions.yaml
[0.029s] -- Up-to-date: /home/rnv3/ros2_ws/install/ur_robotiq_description/share/ur_robotiq_description//config/ur16e
[0.029s] -- Up-to-date: /home/rnv3/ros2_ws/install/ur_robotiq_description/share/ur_robotiq_description//config/ur16e/visual_parameters.yaml
[0.029s] -- Up-to-date: /home/rnv3/ros2_ws/install/ur_robotiq_description/share/ur_robotiq_description//config/ur16e/joint_limits.yaml
[0.029s] -- Up-to-date: /home/rnv3/ros2_ws/install/ur_robotiq_description/share/ur_robotiq_description//config/ur16e/default_kinematics.yaml
[0.029s] -- Up-to-date: /home/rnv3/ros2_ws/install/ur_robotiq_description/share/ur_robotiq_description//config/ur16e/physical_parameters.yaml
[0.029s] -- Up-to-date: /home/rnv3/ros2_ws/install/ur_robotiq_description/share/ur_robotiq_description//config/ur30
[0.029s] -- Up-to-date: /home/rnv3/ros2_ws/install/ur_robotiq_description/share/ur_robotiq_description//config/ur30/visual_parameters.yaml
[0.029s] -- Up-to-date: /home/rnv3/ros2_ws/install/ur_robotiq_description/share/ur_robotiq_description//config/ur30/joint_limits.yaml
[0.029s] -- Up-to-date: /home/rnv3/ros2_ws/install/ur_robotiq_description/share/ur_robotiq_description//config/ur30/default_kinematics.yaml
[0.029s] -- Up-to-date: /home/rnv3/ros2_ws/install/ur_robotiq_description/share/ur_robotiq_description//config/ur30/physical_parameters.yaml
[0.029s] -- Up-to-date: /home/rnv3/ros2_ws/install/ur_robotiq_description/share/ur_robotiq_description//config/ur5
[0.029s] -- Up-to-date: /home/rnv3/ros2_ws/install/ur_robotiq_description/share/ur_robotiq_description//config/ur5/visual_parameters.yaml
[0.029s] -- Up-to-date: /home/rnv3/ros2_ws/install/ur_robotiq_description/share/ur_robotiq_description//config/ur5/joint_limits.yaml
[0.029s] -- Up-to-date: /home/rnv3/ros2_ws/install/ur_robotiq_description/share/ur_robotiq_description//config/ur5/default_kinematics.yaml
[0.029s] -- Up-to-date: /home/rnv3/ros2_ws/install/ur_robotiq_description/share/ur_robotiq_description//config/ur5/physical_parameters.yaml
[0.029s] -- Up-to-date: /home/rnv3/ros2_ws/install/ur_robotiq_description/share/ur_robotiq_description//config/ur5e
[0.030s] -- Up-to-date: /home/rnv3/ros2_ws/install/ur_robotiq_description/share/ur_robotiq_description//config/ur5e/visual_parameters.yaml
[0.030s] -- Up-to-date: /home/rnv3/ros2_ws/install/ur_robotiq_description/share/ur_robotiq_description//config/ur5e/joint_limits.yaml
[0.030s] -- Up-to-date: /home/rnv3/ros2_ws/install/ur_robotiq_description/share/ur_robotiq_description//config/ur5e/default_kinematics.yaml
[0.030s] -- Up-to-date: /home/rnv3/ros2_ws/install/ur_robotiq_description/share/ur_robotiq_description//config/ur5e/physical_parameters.yaml
[0.030s] -- Up-to-date: /home/rnv3/ros2_ws/install/ur_robotiq_description/share/ur_robotiq_description//config/ur20
[0.030s] -- Up-to-date: /home/rnv3/ros2_ws/install/ur_robotiq_description/share/ur_robotiq_description//config/ur20/visual_parameters.yaml
[0.030s] -- Up-to-date: /home/rnv3/ros2_ws/install/ur_robotiq_description/share/ur_robotiq_description//config/ur20/joint_limits.yaml
[0.030s] -- Up-to-date: /home/rnv3/ros2_ws/install/ur_robotiq_description/share/ur_robotiq_description//config/ur20/default_kinematics.yaml
[0.030s] -- Up-to-date: /home/rnv3/ros2_ws/install/ur_robotiq_description/share/ur_robotiq_description//config/ur20/physical_parameters.yaml
[0.030s] -- Up-to-date: /home/rnv3/ros2_ws/install/ur_robotiq_description/share/ur_robotiq_description//rviz
[0.030s] -- Up-to-date: /home/rnv3/ros2_ws/install/ur_robotiq_description/share/ur_robotiq_description//rviz/view_robot.rviz
[0.030s] -- Up-to-date: /home/rnv3/ros2_ws/install/ur_robotiq_description/share/ament_index/resource_index/package_run_dependencies/ur_robotiq_description
[0.030s] -- Up-to-date: /home/rnv3/ros2_ws/install/ur_robotiq_description/share/ament_index/resource_index/parent_prefix_path/ur_robotiq_description
[0.030s] -- Up-to-date: /home/rnv3/ros2_ws/install/ur_robotiq_description/share/ur_robotiq_description/environment/ament_prefix_path.sh
[0.030s] -- Up-to-date: /home/rnv3/ros2_ws/install/ur_robotiq_description/share/ur_robotiq_description/environment/ament_prefix_path.dsv
[0.030s] -- Up-to-date: /home/rnv3/ros2_ws/install/ur_robotiq_description/share/ur_robotiq_description/environment/path.sh
[0.030s] -- Up-to-date: /home/rnv3/ros2_ws/install/ur_robotiq_description/share/ur_robotiq_description/environment/path.dsv
[0.030s] -- Up-to-date: /home/rnv3/ros2_ws/install/ur_robotiq_description/share/ur_robotiq_description/local_setup.bash
[0.030s] -- Up-to-date: /home/rnv3/ros2_ws/install/ur_robotiq_description/share/ur_robotiq_description/local_setup.sh
[0.030s] -- Up-to-date: /home/rnv3/ros2_ws/install/ur_robotiq_description/share/ur_robotiq_description/local_setup.zsh
[0.030s] -- Up-to-date: /home/rnv3/ros2_ws/install/ur_robotiq_description/share/ur_robotiq_description/local_setup.dsv
[0.030s] -- Up-to-date: /home/rnv3/ros2_ws/install/ur_robotiq_description/share/ur_robotiq_description/package.dsv
[0.031s] -- Up-to-date: /home/rnv3/ros2_ws/install/ur_robotiq_description/share/ament_index/resource_index/packages/ur_robotiq_description
[0.031s] -- Up-to-date: /home/rnv3/ros2_ws/install/ur_robotiq_description/share/ur_robotiq_description/cmake/ur_robotiq_descriptionConfig.cmake
[0.031s] -- Up-to-date: /home/rnv3/ros2_ws/install/ur_robotiq_description/share/ur_robotiq_description/cmake/ur_robotiq_descriptionConfig-version.cmake
[0.031s] -- Up-to-date: /home/rnv3/ros2_ws/install/ur_robotiq_description/share/ur_robotiq_description/package.xml
[0.031s] Invoked command in '/home/rnv3/ros2_ws/build/ur_robotiq_description' returned '0': CMAKE_PREFIX_PATH=/opt/ros/iron /usr/bin/cmake --install /home/rnv3/ros2_ws/build/ur_robotiq_description
