-- The C compiler identification is GNU 11.4.0
-- The CXX compiler identification is GNU 11.4.0
-- Detecting C compiler ABI info
-- Detecting C compiler ABI info - done
-- Check for working C compiler: /usr/bin/cc - skipped
-- Detecting C compile features
-- Detecting C compile features - done
-- Detecting CXX compiler ABI info
-- Detecting CXX compiler ABI info - done
-- Check for working CXX compiler: /usr/bin/c++ - skipped
-- Detecting CXX compile features
-- Detecting CXX compile features - done
-- Found ament_cmake: 2.0.6 (/opt/ros/iron/share/ament_cmake/cmake)
-- Found Python3: /usr/bin/python3.10 (found version "3.10.12") found components: Interpreter 
-- Found rosidl_default_generators: 1.5.0 (/opt/ros/iron/share/rosidl_default_generators/cmake)
-- Using all available rosidl_typesupport_c: rosidl_typesupport_fastrtps_c;rosidl_typesupport_introspection_c
-- Using all available rosidl_typesupport_cpp: rosidl_typesupport_fastrtps_cpp;rosidl_typesupport_introspection_cpp
-- Found rosidl_adapter: 4.0.1 (/opt/ros/iron/share/rosidl_adapter/cmake)
-- Found rclcpp: 21.0.7 (/opt/ros/iron/share/rclcpp/cmake)
-- Found rmw_implementation_cmake: 7.1.0 (/opt/ros/iron/share/rmw_implementation_cmake/cmake)
-- Found rmw_fastrtps_cpp: 7.1.4 (/opt/ros/iron/share/rmw_fastrtps_cpp/cmake)
-- Found OpenSSL: /usr/lib/x86_64-linux-gnu/libcrypto.so (found version "3.0.2")  
-- Found FastRTPS: /opt/ros/iron/include  
-- Using RMW implementation 'rmw_fastrtps_cpp' as default
-- Found Boost: /usr/lib/x86_64-linux-gnu/cmake/Boost-1.74.0/BoostConfig.cmake (found version "1.74.0") found components: system thread 
-- Found sensor_msgs: 5.0.1 (/opt/ros/iron/share/sensor_msgs/cmake)
-- Found ament_cmake_ros: 0.11.2 (/opt/ros/iron/share/ament_cmake_ros/cmake)
-- Using all available rosidl_typesupport_c: rosidl_typesupport_fastrtps_c;rosidl_typesupport_introspection_c
-- Using all available rosidl_typesupport_cpp: rosidl_typesupport_fastrtps_cpp;rosidl_typesupport_introspection_cpp
-- Found PythonInterp: /usr/bin/python3 (found suitable version "3.10.12", minimum required is "3.6") 
-- Found python_cmake_module: 0.10.2 (/opt/ros/iron/share/python_cmake_module/cmake)
-- Found PythonLibs: /usr/lib/x86_64-linux-gnu/libpython3.10.so (found suitable version "3.10.12", minimum required is "3.5") 
-- Using PYTHON_EXECUTABLE: /usr/bin/python3
-- Using PYTHON_INCLUDE_DIRS: /usr/include/python3.10
-- Using PYTHON_LIBRARIES: /usr/lib/x86_64-linux-gnu/libpython3.10.so
-- Found PythonExtra: .so  
-- Configuring done (1.9s)
-- Generating done (0.0s)
-- Build files have been written to: /home/rnv3/ros2_ws/build/robotiq_gripper
[  2%] [34m[1mGenerating type hashes for ROS interfaces[0m
[  2%] Built target ament_cmake_python_copy_robotiq_gripper
running egg_info
creating robotiq_gripper.egg-info
writing robotiq_gripper.egg-info/PKG-INFO
writing dependency_links to robotiq_gripper.egg-info/dependency_links.txt
writing top-level names to robotiq_gripper.egg-info/top_level.txt
writing manifest file 'robotiq_gripper.egg-info/SOURCES.txt'
reading manifest file 'robotiq_gripper.egg-info/SOURCES.txt'
writing manifest file 'robotiq_gripper.egg-info/SOURCES.txt'
[  2%] Built target ament_cmake_python_build_robotiq_gripper_egg
[  2%] Built target robotiq_gripper__rosidl_generator_type_description
[  4%] [34m[1mGenerating C code for ROS interfaces[0m
[  6%] [34m[1mGenerating C++ code for ROS interfaces[0m
[  6%] Built target robotiq_gripper__cpp
[  8%] [32mBuilding C object CMakeFiles/robotiq_gripper__rosidl_generator_c.dir/rosidl_generator_c/robotiq_gripper/msg/detail/gripper_status__description.c.o[0m
[ 10%] [32mBuilding C object CMakeFiles/robotiq_gripper__rosidl_generator_c.dir/rosidl_generator_c/robotiq_gripper/msg/detail/gripper_status__functions.c.o[0m
[ 12%] [32mBuilding C object CMakeFiles/robotiq_gripper__rosidl_generator_c.dir/rosidl_generator_c/robotiq_gripper/msg/detail/gripper_status__type_support.c.o[0m
[ 14%] [32mBuilding C object CMakeFiles/robotiq_gripper__rosidl_generator_c.dir/rosidl_generator_c/robotiq_gripper/msg/detail/gripper_command__description.c.o[0m
[ 16%] [32mBuilding C object CMakeFiles/robotiq_gripper__rosidl_generator_c.dir/rosidl_generator_c/robotiq_gripper/msg/detail/gripper_command__functions.c.o[0m
[ 18%] [32mBuilding C object CMakeFiles/robotiq_gripper__rosidl_generator_c.dir/rosidl_generator_c/robotiq_gripper/msg/detail/gripper_command__type_support.c.o[0m
[ 20%] [32m[1mLinking C shared library librobotiq_gripper__rosidl_generator_c.so[0m
[ 20%] Built target robotiq_gripper__rosidl_generator_c
[ 27%] [34m[1mGenerating C++ type support dispatch for ROS interfaces[0m
[ 25%] [34m[1mGenerating C type support for eProsima Fast-RTPS[0m
[ 27%] [34m[1mGenerating C introspection for ROS interfaces[0m
[ 29%] [34m[1mGenerating C type support dispatch for ROS interfaces[0m
[ 31%] [34m[1mGenerating C++ type support for eProsima Fast-RTPS[0m
[ 33%] [34m[1mGenerating C++ introspection for ROS interfaces[0m
[ 39%] [32mBuilding CXX object CMakeFiles/robotiq_gripper__rosidl_typesupport_c.dir/rosidl_typesupport_c/robotiq_gripper/msg/gripper_status__type_support.cpp.o[0m
[ 39%] [32mBuilding C object CMakeFiles/robotiq_gripper__rosidl_typesupport_introspection_c.dir/rosidl_typesupport_introspection_c/robotiq_gripper/msg/detail/gripper_status__type_support.c.o[0m
[ 39%] [32mBuilding CXX object CMakeFiles/robotiq_gripper__rosidl_typesupport_c.dir/rosidl_typesupport_c/robotiq_gripper/msg/gripper_command__type_support.cpp.o[0m
[ 41%] [32mBuilding C object CMakeFiles/robotiq_gripper__rosidl_typesupport_introspection_c.dir/rosidl_typesupport_introspection_c/robotiq_gripper/msg/detail/gripper_command__type_support.c.o[0m
[ 45%] [32mBuilding CXX object CMakeFiles/robotiq_gripper__rosidl_typesupport_cpp.dir/rosidl_typesupport_cpp/robotiq_gripper/msg/gripper_status__type_support.cpp.o[0m
[ 45%] [32mBuilding CXX object CMakeFiles/robotiq_gripper__rosidl_typesupport_cpp.dir/rosidl_typesupport_cpp/robotiq_gripper/msg/gripper_command__type_support.cpp.o[0m
[ 47%] [32mBuilding CXX object CMakeFiles/robotiq_gripper__rosidl_typesupport_introspection_cpp.dir/rosidl_typesupport_introspection_cpp/robotiq_gripper/msg/detail/gripper_status__type_support.cpp.o[0m
[ 50%] [32mBuilding CXX object CMakeFiles/robotiq_gripper__rosidl_typesupport_introspection_cpp.dir/rosidl_typesupport_introspection_cpp/robotiq_gripper/msg/detail/gripper_command__type_support.cpp.o[0m
[ 52%] [32mBuilding CXX object CMakeFiles/robotiq_gripper__rosidl_typesupport_fastrtps_cpp.dir/rosidl_typesupport_fastrtps_cpp/robotiq_gripper/msg/detail/dds_fastrtps/gripper_command__type_support.cpp.o[0m
[ 54%] [32mBuilding CXX object CMakeFiles/robotiq_gripper__rosidl_typesupport_fastrtps_cpp.dir/rosidl_typesupport_fastrtps_cpp/robotiq_gripper/msg/detail/dds_fastrtps/gripper_status__type_support.cpp.o[0m
[ 56%] [32mBuilding CXX object CMakeFiles/robotiq_gripper__rosidl_typesupport_fastrtps_c.dir/rosidl_typesupport_fastrtps_c/robotiq_gripper/msg/detail/gripper_status__type_support_c.cpp.o[0m
[ 58%] [32mBuilding CXX object CMakeFiles/robotiq_gripper__rosidl_typesupport_fastrtps_c.dir/rosidl_typesupport_fastrtps_c/robotiq_gripper/msg/detail/gripper_command__type_support_c.cpp.o[0m
[ 60%] [32m[1mLinking CXX shared library librobotiq_gripper__rosidl_typesupport_c.so[0m
[ 62%] [32m[1mLinking C shared library librobotiq_gripper__rosidl_typesupport_introspection_c.so[0m
[ 62%] Built target robotiq_gripper__rosidl_typesupport_introspection_c
[ 62%] Built target robotiq_gripper__rosidl_typesupport_c
[ 64%] [32m[1mLinking CXX shared library librobotiq_gripper__rosidl_typesupport_cpp.so[0m
[ 66%] [32m[1mLinking CXX shared library librobotiq_gripper__rosidl_typesupport_introspection_cpp.so[0m
[ 66%] Built target robotiq_gripper__rosidl_typesupport_cpp
[ 68%] [32m[1mLinking CXX shared library librobotiq_gripper__rosidl_typesupport_fastrtps_c.so[0m
[ 72%] [32mBuilding CXX object CMakeFiles/rtde_control.dir/src/rtde_control.cpp.o[0m
[ 72%] [32mBuilding CXX object CMakeFiles/gripper_twin.dir/src/gripper_twin.cpp.o[0m
[ 72%] Built target robotiq_gripper__rosidl_typesupport_introspection_cpp
[ 72%] Built target robotiq_gripper__rosidl_typesupport_fastrtps_c
[ 75%] [32m[1mLinking CXX shared library librobotiq_gripper__rosidl_typesupport_fastrtps_cpp.so[0m
[ 75%] Built target robotiq_gripper__rosidl_typesupport_fastrtps_cpp
[ 75%] Built target robotiq_gripper
[ 77%] [34m[1mGenerating Python code for ROS interfaces[0m
[ 77%] Built target robotiq_gripper__py
[ 79%] [32mBuilding C object CMakeFiles/robotiq_gripper__rosidl_generator_py.dir/rosidl_generator_py/robotiq_gripper/msg/_gripper_status_s.c.o[0m
[ 81%] [32mBuilding C object CMakeFiles/robotiq_gripper__rosidl_generator_py.dir/rosidl_generator_py/robotiq_gripper/msg/_gripper_command_s.c.o[0m
[ 83%] [32m[1mLinking C shared library rosidl_generator_py/robotiq_gripper/librobotiq_gripper__rosidl_generator_py.so[0m
[ 83%] Built target robotiq_gripper__rosidl_generator_py
[ 87%] [32mBuilding C object CMakeFiles/robotiq_gripper__rosidl_typesupport_fastrtps_c__pyext.dir/rosidl_generator_py/robotiq_gripper/_robotiq_gripper_s.ep.rosidl_typesupport_fastrtps_c.c.o[0m
[ 89%] [32mBuilding C object CMakeFiles/robotiq_gripper__rosidl_typesupport_introspection_c__pyext.dir/rosidl_generator_py/robotiq_gripper/_robotiq_gripper_s.ep.rosidl_typesupport_introspection_c.c.o[0m
[ 89%] [32mBuilding C object CMakeFiles/robotiq_gripper__rosidl_typesupport_c__pyext.dir/rosidl_generator_py/robotiq_gripper/_robotiq_gripper_s.ep.rosidl_typesupport_c.c.o[0m
[ 91%] [32m[1mLinking C shared library rosidl_generator_py/robotiq_gripper/robotiq_gripper_s__rosidl_typesupport_c.cpython-310-x86_64-linux-gnu.so[0m
[ 93%] [32m[1mLinking C shared library rosidl_generator_py/robotiq_gripper/robotiq_gripper_s__rosidl_typesupport_introspection_c.cpython-310-x86_64-linux-gnu.so[0m
[ 95%] [32m[1mLinking C shared library rosidl_generator_py/robotiq_gripper/robotiq_gripper_s__rosidl_typesupport_fastrtps_c.cpython-310-x86_64-linux-gnu.so[0m
[ 95%] Built target robotiq_gripper__rosidl_typesupport_introspection_c__pyext
[ 95%] Built target robotiq_gripper__rosidl_typesupport_c__pyext
[ 95%] Built target robotiq_gripper__rosidl_typesupport_fastrtps_c__pyext
[ 97%] [32m[1mLinking CXX executable gripper_twin[0m
[ 97%] Built target gripper_twin
[100%] [32m[1mLinking CXX executable rtde_control[0m
[100%] Built target rtde_control
-- Install configuration: ""
-- Installing: /home/rnv3/ros2_ws/install/robotiq_gripper/share/ament_index/resource_index/rosidl_interfaces/robotiq_gripper
-- Installing: /home/rnv3/ros2_ws/install/robotiq_gripper/share/robotiq_gripper/msg/GripperStatus.json
-- Installing: /home/rnv3/ros2_ws/install/robotiq_gripper/share/robotiq_gripper/msg/GripperCommand.json
-- Installing: /home/rnv3/ros2_ws/install/robotiq_gripper/include/robotiq_gripper/robotiq_gripper
-- Installing: /home/rnv3/ros2_ws/install/robotiq_gripper/include/robotiq_gripper/robotiq_gripper/msg
-- Installing: /home/rnv3/ros2_ws/install/robotiq_gripper/include/robotiq_gripper/robotiq_gripper/msg/gripper_status.h
-- Installing: /home/rnv3/ros2_ws/install/robotiq_gripper/include/robotiq_gripper/robotiq_gripper/msg/gripper_command.h
-- Installing: /home/rnv3/ros2_ws/install/robotiq_gripper/include/robotiq_gripper/robotiq_gripper/msg/rosidl_generator_c__visibility_control.h
-- Installing: /home/rnv3/ros2_ws/install/robotiq_gripper/include/robotiq_gripper/robotiq_gripper/msg/detail
-- Installing: /home/rnv3/ros2_ws/install/robotiq_gripper/include/robotiq_gripper/robotiq_gripper/msg/detail/gripper_command__type_support.h
-- Installing: /home/rnv3/ros2_ws/install/robotiq_gripper/include/robotiq_gripper/robotiq_gripper/msg/detail/gripper_command__functions.c
-- Installing: /home/rnv3/ros2_ws/install/robotiq_gripper/include/robotiq_gripper/robotiq_gripper/msg/detail/gripper_status__struct.h
-- Installing: /home/rnv3/ros2_ws/install/robotiq_gripper/include/robotiq_gripper/robotiq_gripper/msg/detail/gripper_status__type_support.c
-- Installing: /home/rnv3/ros2_ws/install/robotiq_gripper/include/robotiq_gripper/robotiq_gripper/msg/detail/gripper_command__type_support.c
-- Installing: /home/rnv3/ros2_ws/install/robotiq_gripper/include/robotiq_gripper/robotiq_gripper/msg/detail/gripper_command__description.c
-- Installing: /home/rnv3/ros2_ws/install/robotiq_gripper/include/robotiq_gripper/robotiq_gripper/msg/detail/gripper_status__type_support.h
-- Installing: /home/rnv3/ros2_ws/install/robotiq_gripper/include/robotiq_gripper/robotiq_gripper/msg/detail/gripper_command__struct.h
-- Installing: /home/rnv3/ros2_ws/install/robotiq_gripper/include/robotiq_gripper/robotiq_gripper/msg/detail/gripper_status__functions.c
-- Installing: /home/rnv3/ros2_ws/install/robotiq_gripper/include/robotiq_gripper/robotiq_gripper/msg/detail/gripper_status__functions.h
-- Installing: /home/rnv3/ros2_ws/install/robotiq_gripper/include/robotiq_gripper/robotiq_gripper/msg/detail/gripper_status__description.c
-- Installing: /home/rnv3/ros2_ws/install/robotiq_gripper/include/robotiq_gripper/robotiq_gripper/msg/detail/gripper_command__functions.h
-- Installing: /home/rnv3/ros2_ws/install/robotiq_gripper/share/robotiq_gripper/environment/library_path.sh
-- Installing: /home/rnv3/ros2_ws/install/robotiq_gripper/share/robotiq_gripper/environment/library_path.dsv
-- Installing: /home/rnv3/ros2_ws/install/robotiq_gripper/lib/librobotiq_gripper__rosidl_generator_c.so
-- Set non-toolchain portion of runtime path of "/home/rnv3/ros2_ws/install/robotiq_gripper/lib/librobotiq_gripper__rosidl_generator_c.so" to ""
-- Up-to-date: /home/rnv3/ros2_ws/install/robotiq_gripper/include/robotiq_gripper/robotiq_gripper
-- Up-to-date: /home/rnv3/ros2_ws/install/robotiq_gripper/include/robotiq_gripper/robotiq_gripper/msg
-- Installing: /home/rnv3/ros2_ws/install/robotiq_gripper/include/robotiq_gripper/robotiq_gripper/msg/rosidl_typesupport_fastrtps_c__visibility_control.h
-- Up-to-date: /home/rnv3/ros2_ws/install/robotiq_gripper/include/robotiq_gripper/robotiq_gripper/msg/detail
-- Installing: /home/rnv3/ros2_ws/install/robotiq_gripper/include/robotiq_gripper/robotiq_gripper/msg/detail/gripper_status__rosidl_typesupport_fastrtps_c.h
-- Installing: /home/rnv3/ros2_ws/install/robotiq_gripper/include/robotiq_gripper/robotiq_gripper/msg/detail/gripper_command__rosidl_typesupport_fastrtps_c.h
-- Installing: /home/rnv3/ros2_ws/install/robotiq_gripper/lib/librobotiq_gripper__rosidl_typesupport_fastrtps_c.so
-- Set non-toolchain portion of runtime path of "/home/rnv3/ros2_ws/install/robotiq_gripper/lib/librobotiq_gripper__rosidl_typesupport_fastrtps_c.so" to ""
-- Up-to-date: /home/rnv3/ros2_ws/install/robotiq_gripper/include/robotiq_gripper/robotiq_gripper
-- Up-to-date: /home/rnv3/ros2_ws/install/robotiq_gripper/include/robotiq_gripper/robotiq_gripper/msg
-- Up-to-date: /home/rnv3/ros2_ws/install/robotiq_gripper/include/robotiq_gripper/robotiq_gripper/msg/detail
-- Up-to-date: /home/rnv3/ros2_ws/install/robotiq_gripper/include/robotiq_gripper/robotiq_gripper/msg/detail/gripper_status__type_support.c
-- Up-to-date: /home/rnv3/ros2_ws/install/robotiq_gripper/include/robotiq_gripper/robotiq_gripper/msg/detail/gripper_command__type_support.c
-- Installing: /home/rnv3/ros2_ws/install/robotiq_gripper/include/robotiq_gripper/robotiq_gripper/msg/detail/gripper_status__rosidl_typesupport_introspection_c.h
-- Installing: /home/rnv3/ros2_ws/install/robotiq_gripper/include/robotiq_gripper/robotiq_gripper/msg/detail/gripper_command__rosidl_typesupport_introspection_c.h
-- Installing: /home/rnv3/ros2_ws/install/robotiq_gripper/include/robotiq_gripper/robotiq_gripper/msg/rosidl_typesupport_introspection_c__visibility_control.h
-- Installing: /home/rnv3/ros2_ws/install/robotiq_gripper/lib/librobotiq_gripper__rosidl_typesupport_introspection_c.so
-- Set non-toolchain portion of runtime path of "/home/rnv3/ros2_ws/install/robotiq_gripper/lib/librobotiq_gripper__rosidl_typesupport_introspection_c.so" to ""
-- Installing: /home/rnv3/ros2_ws/install/robotiq_gripper/lib/librobotiq_gripper__rosidl_typesupport_c.so
-- Set non-toolchain portion of runtime path of "/home/rnv3/ros2_ws/install/robotiq_gripper/lib/librobotiq_gripper__rosidl_typesupport_c.so" to ""
-- Up-to-date: /home/rnv3/ros2_ws/install/robotiq_gripper/include/robotiq_gripper/robotiq_gripper
-- Up-to-date: /home/rnv3/ros2_ws/install/robotiq_gripper/include/robotiq_gripper/robotiq_gripper/msg
-- Up-to-date: /home/rnv3/ros2_ws/install/robotiq_gripper/include/robotiq_gripper/robotiq_gripper/msg/detail
-- Installing: /home/rnv3/ros2_ws/install/robotiq_gripper/include/robotiq_gripper/robotiq_gripper/msg/detail/gripper_command__traits.hpp
-- Installing: /home/rnv3/ros2_ws/install/robotiq_gripper/include/robotiq_gripper/robotiq_gripper/msg/detail/gripper_status__builder.hpp
-- Installing: /home/rnv3/ros2_ws/install/robotiq_gripper/include/robotiq_gripper/robotiq_gripper/msg/detail/gripper_command__builder.hpp
-- Installing: /home/rnv3/ros2_ws/install/robotiq_gripper/include/robotiq_gripper/robotiq_gripper/msg/detail/gripper_status__traits.hpp
-- Installing: /home/rnv3/ros2_ws/install/robotiq_gripper/include/robotiq_gripper/robotiq_gripper/msg/detail/gripper_status__struct.hpp
-- Installing: /home/rnv3/ros2_ws/install/robotiq_gripper/include/robotiq_gripper/robotiq_gripper/msg/detail/gripper_command__struct.hpp
-- Installing: /home/rnv3/ros2_ws/install/robotiq_gripper/include/robotiq_gripper/robotiq_gripper/msg/gripper_status.hpp
-- Installing: /home/rnv3/ros2_ws/install/robotiq_gripper/include/robotiq_gripper/robotiq_gripper/msg/gripper_command.hpp
-- Up-to-date: /home/rnv3/ros2_ws/install/robotiq_gripper/include/robotiq_gripper/robotiq_gripper
-- Up-to-date: /home/rnv3/ros2_ws/install/robotiq_gripper/include/robotiq_gripper/robotiq_gripper/msg
-- Up-to-date: /home/rnv3/ros2_ws/install/robotiq_gripper/include/robotiq_gripper/robotiq_gripper/msg/detail
-- Installing: /home/rnv3/ros2_ws/install/robotiq_gripper/include/robotiq_gripper/robotiq_gripper/msg/detail/gripper_status__rosidl_typesupport_fastrtps_cpp.hpp
-- Installing: /home/rnv3/ros2_ws/install/robotiq_gripper/include/robotiq_gripper/robotiq_gripper/msg/detail/dds_fastrtps
-- Installing: /home/rnv3/ros2_ws/install/robotiq_gripper/include/robotiq_gripper/robotiq_gripper/msg/detail/gripper_command__rosidl_typesupport_fastrtps_cpp.hpp
-- Installing: /home/rnv3/ros2_ws/install/robotiq_gripper/include/robotiq_gripper/robotiq_gripper/msg/rosidl_typesupport_fastrtps_cpp__visibility_control.h
-- Installing: /home/rnv3/ros2_ws/install/robotiq_gripper/lib/librobotiq_gripper__rosidl_typesupport_fastrtps_cpp.so
-- Set non-toolchain portion of runtime path of "/home/rnv3/ros2_ws/install/robotiq_gripper/lib/librobotiq_gripper__rosidl_typesupport_fastrtps_cpp.so" to ""
-- Up-to-date: /home/rnv3/ros2_ws/install/robotiq_gripper/include/robotiq_gripper/robotiq_gripper
-- Up-to-date: /home/rnv3/ros2_ws/install/robotiq_gripper/include/robotiq_gripper/robotiq_gripper/msg
-- Up-to-date: /home/rnv3/ros2_ws/install/robotiq_gripper/include/robotiq_gripper/robotiq_gripper/msg/detail
-- Installing: /home/rnv3/ros2_ws/install/robotiq_gripper/include/robotiq_gripper/robotiq_gripper/msg/detail/gripper_command__type_support.cpp
-- Installing: /home/rnv3/ros2_ws/install/robotiq_gripper/include/robotiq_gripper/robotiq_gripper/msg/detail/gripper_status__type_support.cpp
-- Installing: /home/rnv3/ros2_ws/install/robotiq_gripper/include/robotiq_gripper/robotiq_gripper/msg/detail/gripper_status__rosidl_typesupport_introspection_cpp.hpp
-- Installing: /home/rnv3/ros2_ws/install/robotiq_gripper/include/robotiq_gripper/robotiq_gripper/msg/detail/gripper_command__rosidl_typesupport_introspection_cpp.hpp
-- Installing: /home/rnv3/ros2_ws/install/robotiq_gripper/lib/librobotiq_gripper__rosidl_typesupport_introspection_cpp.so
-- Set non-toolchain portion of runtime path of "/home/rnv3/ros2_ws/install/robotiq_gripper/lib/librobotiq_gripper__rosidl_typesupport_introspection_cpp.so" to ""
-- Installing: /home/rnv3/ros2_ws/install/robotiq_gripper/lib/librobotiq_gripper__rosidl_typesupport_cpp.so
-- Set non-toolchain portion of runtime path of "/home/rnv3/ros2_ws/install/robotiq_gripper/lib/librobotiq_gripper__rosidl_typesupport_cpp.so" to ""
-- Installing: /home/rnv3/ros2_ws/install/robotiq_gripper/share/robotiq_gripper/environment/pythonpath.sh
-- Installing: /home/rnv3/ros2_ws/install/robotiq_gripper/share/robotiq_gripper/environment/pythonpath.dsv
-- Installing: /home/rnv3/ros2_ws/install/robotiq_gripper/lib/python3.10/site-packages/robotiq_gripper-0.0.0-py3.10.egg-info
-- Installing: /home/rnv3/ros2_ws/install/robotiq_gripper/lib/python3.10/site-packages/robotiq_gripper-0.0.0-py3.10.egg-info/PKG-INFO
-- Installing: /home/rnv3/ros2_ws/install/robotiq_gripper/lib/python3.10/site-packages/robotiq_gripper-0.0.0-py3.10.egg-info/SOURCES.txt
-- Installing: /home/rnv3/ros2_ws/install/robotiq_gripper/lib/python3.10/site-packages/robotiq_gripper-0.0.0-py3.10.egg-info/dependency_links.txt
-- Installing: /home/rnv3/ros2_ws/install/robotiq_gripper/lib/python3.10/site-packages/robotiq_gripper-0.0.0-py3.10.egg-info/top_level.txt
-- Installing: /home/rnv3/ros2_ws/install/robotiq_gripper/lib/python3.10/site-packages/robotiq_gripper
-- Installing: /home/rnv3/ros2_ws/install/robotiq_gripper/lib/python3.10/site-packages/robotiq_gripper/robotiq_gripper_s__rosidl_typesupport_introspection_c.cpython-310-x86_64-linux-gnu.so
-- Installing: /home/rnv3/ros2_ws/install/robotiq_gripper/lib/python3.10/site-packages/robotiq_gripper/_robotiq_gripper_s.ep.rosidl_typesupport_c.c
-- Installing: /home/rnv3/ros2_ws/install/robotiq_gripper/lib/python3.10/site-packages/robotiq_gripper/robotiq_gripper_s__rosidl_typesupport_fastrtps_c.cpython-310-x86_64-linux-gnu.so
-- Installing: /home/rnv3/ros2_ws/install/robotiq_gripper/lib/python3.10/site-packages/robotiq_gripper/_robotiq_gripper_s.ep.rosidl_typesupport_introspection_c.c
-- Installing: /home/rnv3/ros2_ws/install/robotiq_gripper/lib/python3.10/site-packages/robotiq_gripper/librobotiq_gripper__rosidl_generator_py.so
-- Installing: /home/rnv3/ros2_ws/install/robotiq_gripper/lib/python3.10/site-packages/robotiq_gripper/robotiq_gripper_s__rosidl_typesupport_c.cpython-310-x86_64-linux-gnu.so
-- Installing: /home/rnv3/ros2_ws/install/robotiq_gripper/lib/python3.10/site-packages/robotiq_gripper/_robotiq_gripper_s.ep.rosidl_typesupport_fastrtps_c.c
-- Installing: /home/rnv3/ros2_ws/install/robotiq_gripper/lib/python3.10/site-packages/robotiq_gripper/msg
-- Installing: /home/rnv3/ros2_ws/install/robotiq_gripper/lib/python3.10/site-packages/robotiq_gripper/msg/_gripper_status.py
-- Installing: /home/rnv3/ros2_ws/install/robotiq_gripper/lib/python3.10/site-packages/robotiq_gripper/msg/_gripper_command_s.c
-- Installing: /home/rnv3/ros2_ws/install/robotiq_gripper/lib/python3.10/site-packages/robotiq_gripper/msg/_gripper_status_s.c
-- Installing: /home/rnv3/ros2_ws/install/robotiq_gripper/lib/python3.10/site-packages/robotiq_gripper/msg/_gripper_command.py
-- Installing: /home/rnv3/ros2_ws/install/robotiq_gripper/lib/python3.10/site-packages/robotiq_gripper/msg/__init__.py
-- Installing: /home/rnv3/ros2_ws/install/robotiq_gripper/lib/python3.10/site-packages/robotiq_gripper/__init__.py
Listing '/home/rnv3/ros2_ws/install/robotiq_gripper/lib/python3.10/site-packages/robotiq_gripper'...
Compiling '/home/rnv3/ros2_ws/install/robotiq_gripper/lib/python3.10/site-packages/robotiq_gripper/__init__.py'...
Listing '/home/rnv3/ros2_ws/install/robotiq_gripper/lib/python3.10/site-packages/robotiq_gripper/msg'...
Compiling '/home/rnv3/ros2_ws/install/robotiq_gripper/lib/python3.10/site-packages/robotiq_gripper/msg/__init__.py'...
Compiling '/home/rnv3/ros2_ws/install/robotiq_gripper/lib/python3.10/site-packages/robotiq_gripper/msg/_gripper_command.py'...
Compiling '/home/rnv3/ros2_ws/install/robotiq_gripper/lib/python3.10/site-packages/robotiq_gripper/msg/_gripper_status.py'...
-- Installing: /home/rnv3/ros2_ws/install/robotiq_gripper/lib/python3.10/site-packages/robotiq_gripper/robotiq_gripper_s__rosidl_typesupport_fastrtps_c.cpython-310-x86_64-linux-gnu.so
-- Set non-toolchain portion of runtime path of "/home/rnv3/ros2_ws/install/robotiq_gripper/lib/python3.10/site-packages/robotiq_gripper/robotiq_gripper_s__rosidl_typesupport_fastrtps_c.cpython-310-x86_64-linux-gnu.so" to ""
-- Installing: /home/rnv3/ros2_ws/install/robotiq_gripper/lib/python3.10/site-packages/robotiq_gripper/robotiq_gripper_s__rosidl_typesupport_introspection_c.cpython-310-x86_64-linux-gnu.so
-- Set non-toolchain portion of runtime path of "/home/rnv3/ros2_ws/install/robotiq_gripper/lib/python3.10/site-packages/robotiq_gripper/robotiq_gripper_s__rosidl_typesupport_introspection_c.cpython-310-x86_64-linux-gnu.so" to ""
-- Installing: /home/rnv3/ros2_ws/install/robotiq_gripper/lib/python3.10/site-packages/robotiq_gripper/robotiq_gripper_s__rosidl_typesupport_c.cpython-310-x86_64-linux-gnu.so
-- Set non-toolchain portion of runtime path of "/home/rnv3/ros2_ws/install/robotiq_gripper/lib/python3.10/site-packages/robotiq_gripper/robotiq_gripper_s__rosidl_typesupport_c.cpython-310-x86_64-linux-gnu.so" to ""
-- Installing: /home/rnv3/ros2_ws/install/robotiq_gripper/lib/librobotiq_gripper__rosidl_generator_py.so
-- Set non-toolchain portion of runtime path of "/home/rnv3/ros2_ws/install/robotiq_gripper/lib/librobotiq_gripper__rosidl_generator_py.so" to ""
-- Installing: /home/rnv3/ros2_ws/install/robotiq_gripper/share/robotiq_gripper/msg/GripperStatus.idl
-- Installing: /home/rnv3/ros2_ws/install/robotiq_gripper/share/robotiq_gripper/msg/GripperCommand.idl
-- Installing: /home/rnv3/ros2_ws/install/robotiq_gripper/share/robotiq_gripper/msg/GripperStatus.msg
-- Installing: /home/rnv3/ros2_ws/install/robotiq_gripper/share/robotiq_gripper/msg/GripperCommand.msg
-- Installing: /home/rnv3/ros2_ws/install/robotiq_gripper/lib/robotiq_gripper/gripper_twin
-- Set non-toolchain portion of runtime path of "/home/rnv3/ros2_ws/install/robotiq_gripper/lib/robotiq_gripper/gripper_twin" to ""
-- Installing: /home/rnv3/ros2_ws/install/robotiq_gripper/lib/robotiq_gripper/rtde_control
-- Set non-toolchain portion of runtime path of "/home/rnv3/ros2_ws/install/robotiq_gripper/lib/robotiq_gripper/rtde_control" to ""
-- Up-to-date: /home/rnv3/ros2_ws/install/robotiq_gripper/include
-- Up-to-date: /home/rnv3/ros2_ws/install/robotiq_gripper/include/robotiq_gripper
-- Installing: /home/rnv3/ros2_ws/install/robotiq_gripper/include/robotiq_gripper/robotiq_utils.hpp
-- Installing: /home/rnv3/ros2_ws/install/robotiq_gripper/share/robotiq_gripper//launch
-- Installing: /home/rnv3/ros2_ws/install/robotiq_gripper/share/robotiq_gripper//launch/view_gripper.launch.py
-- Installing: /home/rnv3/ros2_ws/install/robotiq_gripper/share/robotiq_gripper//rviz
-- Installing: /home/rnv3/ros2_ws/install/robotiq_gripper/share/robotiq_gripper//rviz/view_urdf.rviz
-- Installing: /home/rnv3/ros2_ws/install/robotiq_gripper/share/ament_index/resource_index/package_run_dependencies/robotiq_gripper
-- Installing: /home/rnv3/ros2_ws/install/robotiq_gripper/share/ament_index/resource_index/parent_prefix_path/robotiq_gripper
-- Installing: /home/rnv3/ros2_ws/install/robotiq_gripper/share/robotiq_gripper/environment/ament_prefix_path.sh
-- Installing: /home/rnv3/ros2_ws/install/robotiq_gripper/share/robotiq_gripper/environment/ament_prefix_path.dsv
-- Installing: /home/rnv3/ros2_ws/install/robotiq_gripper/share/robotiq_gripper/environment/path.sh
-- Installing: /home/rnv3/ros2_ws/install/robotiq_gripper/share/robotiq_gripper/environment/path.dsv
-- Installing: /home/rnv3/ros2_ws/install/robotiq_gripper/share/robotiq_gripper/local_setup.bash
-- Installing: /home/rnv3/ros2_ws/install/robotiq_gripper/share/robotiq_gripper/local_setup.sh
-- Installing: /home/rnv3/ros2_ws/install/robotiq_gripper/share/robotiq_gripper/local_setup.zsh
-- Installing: /home/rnv3/ros2_ws/install/robotiq_gripper/share/robotiq_gripper/local_setup.dsv
-- Installing: /home/rnv3/ros2_ws/install/robotiq_gripper/share/robotiq_gripper/package.dsv
-- Installing: /home/rnv3/ros2_ws/install/robotiq_gripper/share/ament_index/resource_index/packages/robotiq_gripper
-- Installing: /home/rnv3/ros2_ws/install/robotiq_gripper/share/robotiq_gripper/cmake/export_robotiq_gripper__rosidl_generator_cExport.cmake
-- Installing: /home/rnv3/ros2_ws/install/robotiq_gripper/share/robotiq_gripper/cmake/export_robotiq_gripper__rosidl_generator_cExport-noconfig.cmake
-- Installing: /home/rnv3/ros2_ws/install/robotiq_gripper/share/robotiq_gripper/cmake/export_robotiq_gripper__rosidl_typesupport_fastrtps_cExport.cmake
-- Installing: /home/rnv3/ros2_ws/install/robotiq_gripper/share/robotiq_gripper/cmake/export_robotiq_gripper__rosidl_typesupport_fastrtps_cExport-noconfig.cmake
-- Installing: /home/rnv3/ros2_ws/install/robotiq_gripper/share/robotiq_gripper/cmake/robotiq_gripper__rosidl_typesupport_introspection_cExport.cmake
-- Installing: /home/rnv3/ros2_ws/install/robotiq_gripper/share/robotiq_gripper/cmake/robotiq_gripper__rosidl_typesupport_introspection_cExport-noconfig.cmake
-- Installing: /home/rnv3/ros2_ws/install/robotiq_gripper/share/robotiq_gripper/cmake/robotiq_gripper__rosidl_typesupport_cExport.cmake
-- Installing: /home/rnv3/ros2_ws/install/robotiq_gripper/share/robotiq_gripper/cmake/robotiq_gripper__rosidl_typesupport_cExport-noconfig.cmake
-- Installing: /home/rnv3/ros2_ws/install/robotiq_gripper/share/robotiq_gripper/cmake/export_robotiq_gripper__rosidl_generator_cppExport.cmake
-- Installing: /home/rnv3/ros2_ws/install/robotiq_gripper/share/robotiq_gripper/cmake/export_robotiq_gripper__rosidl_typesupport_fastrtps_cppExport.cmake
-- Installing: /home/rnv3/ros2_ws/install/robotiq_gripper/share/robotiq_gripper/cmake/export_robotiq_gripper__rosidl_typesupport_fastrtps_cppExport-noconfig.cmake
-- Installing: /home/rnv3/ros2_ws/install/robotiq_gripper/share/robotiq_gripper/cmake/robotiq_gripper__rosidl_typesupport_introspection_cppExport.cmake
-- Installing: /home/rnv3/ros2_ws/install/robotiq_gripper/share/robotiq_gripper/cmake/robotiq_gripper__rosidl_typesupport_introspection_cppExport-noconfig.cmake
-- Installing: /home/rnv3/ros2_ws/install/robotiq_gripper/share/robotiq_gripper/cmake/robotiq_gripper__rosidl_typesupport_cppExport.cmake
-- Installing: /home/rnv3/ros2_ws/install/robotiq_gripper/share/robotiq_gripper/cmake/robotiq_gripper__rosidl_typesupport_cppExport-noconfig.cmake
-- Installing: /home/rnv3/ros2_ws/install/robotiq_gripper/share/robotiq_gripper/cmake/export_robotiq_gripper__rosidl_generator_pyExport.cmake
-- Installing: /home/rnv3/ros2_ws/install/robotiq_gripper/share/robotiq_gripper/cmake/export_robotiq_gripper__rosidl_generator_pyExport-noconfig.cmake
-- Installing: /home/rnv3/ros2_ws/install/robotiq_gripper/share/robotiq_gripper/cmake/rosidl_cmake-extras.cmake
-- Installing: /home/rnv3/ros2_ws/install/robotiq_gripper/share/robotiq_gripper/cmake/ament_cmake_export_include_directories-extras.cmake
-- Installing: /home/rnv3/ros2_ws/install/robotiq_gripper/share/robotiq_gripper/cmake/ament_cmake_export_libraries-extras.cmake
-- Installing: /home/rnv3/ros2_ws/install/robotiq_gripper/share/robotiq_gripper/cmake/ament_cmake_export_targets-extras.cmake
-- Installing: /home/rnv3/ros2_ws/install/robotiq_gripper/share/robotiq_gripper/cmake/rosidl_cmake_export_typesupport_targets-extras.cmake
-- Installing: /home/rnv3/ros2_ws/install/robotiq_gripper/share/robotiq_gripper/cmake/ament_cmake_export_dependencies-extras.cmake
-- Installing: /home/rnv3/ros2_ws/install/robotiq_gripper/share/robotiq_gripper/cmake/rosidl_cmake_export_typesupport_libraries-extras.cmake
-- Installing: /home/rnv3/ros2_ws/install/robotiq_gripper/share/robotiq_gripper/cmake/robotiq_gripperConfig.cmake
-- Installing: /home/rnv3/ros2_ws/install/robotiq_gripper/share/robotiq_gripper/cmake/robotiq_gripperConfig-version.cmake
-- Installing: /home/rnv3/ros2_ws/install/robotiq_gripper/share/robotiq_gripper/package.xml
