[0.007s] Invoking command in '/home/rnv3/ros2_ws/build/robotiq_gripper': CMAKE_PREFIX_PATH=${CMAKE_PREFIX_PATH}:/opt/ros/iron /usr/bin/cmake /home/rnv3/ros2_ws/src/robotiq_gripper -DCMAKE_INSTALL_PREFIX=/home/rnv3/ros2_ws/install/robotiq_gripper
[0.055s] -- The C compiler identification is GNU 11.4.0
[0.084s] -- The CXX compiler identification is GNU 11.4.0
[0.092s] -- Detecting C compiler ABI info
[0.126s] -- Detecting C compiler ABI info - done
[0.130s] -- Check for working C compiler: /usr/bin/cc - skipped
[0.131s] -- Detecting C compile features
[0.131s] -- Detecting C compile features - done
[0.137s] -- Detecting CXX compiler ABI info
[0.176s] -- Detecting CXX compiler ABI info - done
[0.181s] -- Check for working CXX compiler: /usr/bin/c++ - skipped
[0.181s] -- Detecting CXX compile features
[0.181s] -- Detecting CXX compile features - done
[0.183s] -- Found ament_cmake: 2.0.6 (/opt/ros/iron/share/ament_cmake/cmake)
[0.549s] -- Found Python3: /usr/bin/python3.10 (found version "3.10.12") found components: Interpreter 
[0.603s] -- Found rosidl_default_generators: 1.5.0 (/opt/ros/iron/share/rosidl_default_generators/cmake)
[0.607s] -- Using all available rosidl_typesupport_c: rosidl_typesupport_fastrtps_c;rosidl_typesupport_introspection_c
[0.633s] -- Using all available rosidl_typesupport_cpp: rosidl_typesupport_fastrtps_cpp;rosidl_typesupport_introspection_cpp
[0.656s] -- Found rosidl_adapter: 4.0.1 (/opt/ros/iron/share/rosidl_adapter/cmake)
[0.659s] -- Found rclcpp: 21.0.7 (/opt/ros/iron/share/rclcpp/cmake)
[0.759s] -- Found rmw_implementation_cmake: 7.1.0 (/opt/ros/iron/share/rmw_implementation_cmake/cmake)
[0.761s] -- Found rmw_fastrtps_cpp: 7.1.4 (/opt/ros/iron/share/rmw_fastrtps_cpp/cmake)
[0.825s] -- Found OpenSSL: /usr/lib/x86_64-linux-gnu/libcrypto.so (found version "3.0.2")  
[0.842s] -- Found FastRTPS: /opt/ros/iron/include  
[0.867s] -- Using RMW implementation 'rmw_fastrtps_cpp' as default
[1.028s] -- Found Boost: /usr/lib/x86_64-linux-gnu/cmake/Boost-1.74.0/BoostConfig.cmake (found version "1.74.0") found components: system thread 
[1.029s] -- Found sensor_msgs: 5.0.1 (/opt/ros/iron/share/sensor_msgs/cmake)
[1.411s] -- Found ament_cmake_ros: 0.11.2 (/opt/ros/iron/share/ament_cmake_ros/cmake)
[1.614s] -- Using all available rosidl_typesupport_c: rosidl_typesupport_fastrtps_c;rosidl_typesupport_introspection_c
[1.893s] -- Using all available rosidl_typesupport_cpp: rosidl_typesupport_fastrtps_cpp;rosidl_typesupport_introspection_cpp
[1.894s] [33mCMake Warning (dev) at /opt/ros/iron/share/rosidl_generator_py/cmake/rosidl_generator_py_generate_interfaces.cmake:20 (find_package):
[1.894s]   Policy CMP0148 is not set: The FindPythonInterp and FindPythonLibs modules
[1.894s]   are removed.  Run "cmake --help-policy CMP0148" for policy details.  Use
[1.894s]   the cmake_policy command to set the policy and suppress this warning.
[1.894s] 
[1.894s] Call Stack (most recent call first):
[1.894s]   /opt/ros/iron/share/ament_cmake_core/cmake/core/ament_execute_extensions.cmake:48 (include)
[1.894s]   /opt/ros/iron/share/rosidl_cmake/cmake/rosidl_generate_interfaces.cmake:316 (ament_execute_extensions)
[1.894s]   CMakeLists.txt:19 (rosidl_generate_interfaces)
[1.894s] This warning is for project developers.  Use -Wno-dev to suppress it.
[1.894s] [0m
[1.905s] -- Found PythonInterp: /usr/bin/python3 (found suitable version "3.10.12", minimum required is "3.6") 
[1.906s] -- Found python_cmake_module: 0.10.2 (/opt/ros/iron/share/python_cmake_module/cmake)
[1.906s] [33mCMake Warning (dev) at /opt/ros/iron/share/python_cmake_module/cmake/Modules/FindPythonExtra.cmake:52 (find_package):
[1.906s]   Policy CMP0148 is not set: The FindPythonInterp and FindPythonLibs modules
[1.906s]   are removed.  Run "cmake --help-policy CMP0148" for policy details.  Use
[1.906s]   the cmake_policy command to set the policy and suppress this warning.
[1.906s] 
[1.906s] Call Stack (most recent call first):
[1.906s]   /opt/ros/iron/share/rosidl_generator_py/cmake/rosidl_generator_py_generate_interfaces.cmake:23 (find_package)
[1.906s]   /opt/ros/iron/share/ament_cmake_core/cmake/core/ament_execute_extensions.cmake:48 (include)
[1.906s]   /opt/ros/iron/share/rosidl_cmake/cmake/rosidl_generate_interfaces.cmake:316 (ament_execute_extensions)
[1.906s]   CMakeLists.txt:19 (rosidl_generate_interfaces)
[1.906s] This warning is for project developers.  Use -Wno-dev to suppress it.
[1.906s] [0m
[1.916s] [33mCMake Warning (dev) at /opt/ros/iron/share/python_cmake_module/cmake/Modules/FindPythonExtra.cmake:140 (find_package):
[1.916s]   Policy CMP0148 is not set: The FindPythonInterp and FindPythonLibs modules
[1.916s]   are removed.  Run "cmake --help-policy CMP0148" for policy details.  Use
[1.916s]   the cmake_policy command to set the policy and suppress this warning.
[1.916s] 
[1.916s] Call Stack (most recent call first):
[1.916s]   /opt/ros/iron/share/rosidl_generator_py/cmake/rosidl_generator_py_generate_interfaces.cmake:23 (find_package)
[1.916s]   /opt/ros/iron/share/ament_cmake_core/cmake/core/ament_execute_extensions.cmake:48 (include)
[1.916s]   /opt/ros/iron/share/rosidl_cmake/cmake/rosidl_generate_interfaces.cmake:316 (ament_execute_extensions)
[1.916s]   CMakeLists.txt:19 (rosidl_generate_interfaces)
[1.916s] This warning is for project developers.  Use -Wno-dev to suppress it.
[1.916s] [0m
[1.920s] -- Found PythonLibs: /usr/lib/x86_64-linux-gnu/libpython3.10.so (found suitable version "3.10.12", minimum required is "3.5") 
[1.920s] -- Using PYTHON_EXECUTABLE: /usr/bin/python3
[1.920s] -- Using PYTHON_INCLUDE_DIRS: /usr/include/python3.10
[1.920s] -- Using PYTHON_LIBRARIES: /usr/lib/x86_64-linux-gnu/libpython3.10.so
[1.931s] -- Found PythonExtra: .so  
[1.954s] -- Configuring done (1.9s)
[1.976s] -- Generating done (0.0s)
[1.978s] -- Build files have been written to: /home/rnv3/ros2_ws/build/robotiq_gripper
[1.984s] Invoked command in '/home/rnv3/ros2_ws/build/robotiq_gripper' returned '0': CMAKE_PREFIX_PATH=${CMAKE_PREFIX_PATH}:/opt/ros/iron /usr/bin/cmake /home/rnv3/ros2_ws/src/robotiq_gripper -DCMAKE_INSTALL_PREFIX=/home/rnv3/ros2_ws/install/robotiq_gripper
[1.984s] Invoking command in '/home/rnv3/ros2_ws/build/robotiq_gripper': CMAKE_PREFIX_PATH=${CMAKE_PREFIX_PATH}:/opt/ros/iron /usr/bin/cmake --build /home/rnv3/ros2_ws/build/robotiq_gripper -- -j24 -l24
[2.000s] [  2%] [34m[1mGenerating type hashes for ROS interfaces[0m
[2.001s] [  2%] Built target ament_cmake_python_copy_robotiq_gripper
[2.116s] running egg_info
[2.116s] creating robotiq_gripper.egg-info
[2.116s] writing robotiq_gripper.egg-info/PKG-INFO
[2.117s] writing dependency_links to robotiq_gripper.egg-info/dependency_links.txt
[2.117s] writing top-level names to robotiq_gripper.egg-info/top_level.txt
[2.117s] writing manifest file 'robotiq_gripper.egg-info/SOURCES.txt'
[2.117s] reading manifest file 'robotiq_gripper.egg-info/SOURCES.txt'
[2.118s] writing manifest file 'robotiq_gripper.egg-info/SOURCES.txt'
[2.129s] [  2%] Built target ament_cmake_python_build_robotiq_gripper_egg
[2.151s] [  2%] Built target robotiq_gripper__rosidl_generator_type_description
[2.154s] [  4%] [34m[1mGenerating C code for ROS interfaces[0m
[2.157s] [  6%] [34m[1mGenerating C++ code for ROS interfaces[0m
[2.338s] [  6%] Built target robotiq_gripper__cpp
[2.362s] [  8%] [32mBuilding C object CMakeFiles/robotiq_gripper__rosidl_generator_c.dir/rosidl_generator_c/robotiq_gripper/msg/detail/gripper_status__description.c.o[0m
[2.362s] [ 10%] [32mBuilding C object CMakeFiles/robotiq_gripper__rosidl_generator_c.dir/rosidl_generator_c/robotiq_gripper/msg/detail/gripper_status__functions.c.o[0m
[2.362s] [ 12%] [32mBuilding C object CMakeFiles/robotiq_gripper__rosidl_generator_c.dir/rosidl_generator_c/robotiq_gripper/msg/detail/gripper_status__type_support.c.o[0m
[2.362s] [ 14%] [32mBuilding C object CMakeFiles/robotiq_gripper__rosidl_generator_c.dir/rosidl_generator_c/robotiq_gripper/msg/detail/gripper_command__description.c.o[0m
[2.362s] [ 16%] [32mBuilding C object CMakeFiles/robotiq_gripper__rosidl_generator_c.dir/rosidl_generator_c/robotiq_gripper/msg/detail/gripper_command__functions.c.o[0m
[2.362s] [ 18%] [32mBuilding C object CMakeFiles/robotiq_gripper__rosidl_generator_c.dir/rosidl_generator_c/robotiq_gripper/msg/detail/gripper_command__type_support.c.o[0m
[2.383s] [ 20%] [32m[1mLinking C shared library librobotiq_gripper__rosidl_generator_c.so[0m
[2.397s] [ 20%] Built target robotiq_gripper__rosidl_generator_c
[2.400s] [ 27%] [34m[1mGenerating C++ type support dispatch for ROS interfaces[0m
[2.400s] [ 25%] [34m[1mGenerating C type support for eProsima Fast-RTPS[0m
[2.401s] [ 27%] [34m[1mGenerating C introspection for ROS interfaces[0m
[2.401s] [ 29%] [34m[1mGenerating C type support dispatch for ROS interfaces[0m
[2.401s] [ 31%] [34m[1mGenerating C++ type support for eProsima Fast-RTPS[0m
[2.401s] [ 33%] [34m[1mGenerating C++ introspection for ROS interfaces[0m
[2.573s] [ 39%] [32mBuilding CXX object CMakeFiles/robotiq_gripper__rosidl_typesupport_c.dir/rosidl_typesupport_c/robotiq_gripper/msg/gripper_status__type_support.cpp.o[0m
[2.573s] [ 39%] [32mBuilding C object CMakeFiles/robotiq_gripper__rosidl_typesupport_introspection_c.dir/rosidl_typesupport_introspection_c/robotiq_gripper/msg/detail/gripper_status__type_support.c.o[0m
[2.573s] [ 39%] [32mBuilding CXX object CMakeFiles/robotiq_gripper__rosidl_typesupport_c.dir/rosidl_typesupport_c/robotiq_gripper/msg/gripper_command__type_support.cpp.o[0m
[2.573s] [ 41%] [32mBuilding C object CMakeFiles/robotiq_gripper__rosidl_typesupport_introspection_c.dir/rosidl_typesupport_introspection_c/robotiq_gripper/msg/detail/gripper_command__type_support.c.o[0m
[2.576s] [ 45%] [32mBuilding CXX object CMakeFiles/robotiq_gripper__rosidl_typesupport_cpp.dir/rosidl_typesupport_cpp/robotiq_gripper/msg/gripper_status__type_support.cpp.o[0m
[2.576s] [ 45%] [32mBuilding CXX object CMakeFiles/robotiq_gripper__rosidl_typesupport_cpp.dir/rosidl_typesupport_cpp/robotiq_gripper/msg/gripper_command__type_support.cpp.o[0m
[2.581s] [ 47%] [32mBuilding CXX object CMakeFiles/robotiq_gripper__rosidl_typesupport_introspection_cpp.dir/rosidl_typesupport_introspection_cpp/robotiq_gripper/msg/detail/gripper_status__type_support.cpp.o[0m
[2.582s] [ 50%] [32mBuilding CXX object CMakeFiles/robotiq_gripper__rosidl_typesupport_introspection_cpp.dir/rosidl_typesupport_introspection_cpp/robotiq_gripper/msg/detail/gripper_command__type_support.cpp.o[0m
[2.588s] [ 52%] [32mBuilding CXX object CMakeFiles/robotiq_gripper__rosidl_typesupport_fastrtps_cpp.dir/rosidl_typesupport_fastrtps_cpp/robotiq_gripper/msg/detail/dds_fastrtps/gripper_command__type_support.cpp.o[0m
[2.588s] [ 54%] [32mBuilding CXX object CMakeFiles/robotiq_gripper__rosidl_typesupport_fastrtps_cpp.dir/rosidl_typesupport_fastrtps_cpp/robotiq_gripper/msg/detail/dds_fastrtps/gripper_status__type_support.cpp.o[0m
[2.593s] [ 56%] [32mBuilding CXX object CMakeFiles/robotiq_gripper__rosidl_typesupport_fastrtps_c.dir/rosidl_typesupport_fastrtps_c/robotiq_gripper/msg/detail/gripper_status__type_support_c.cpp.o[0m
[2.594s] [ 58%] [32mBuilding CXX object CMakeFiles/robotiq_gripper__rosidl_typesupport_fastrtps_c.dir/rosidl_typesupport_fastrtps_c/robotiq_gripper/msg/detail/gripper_command__type_support_c.cpp.o[0m
[2.598s] [ 60%] [32m[1mLinking CXX shared library librobotiq_gripper__rosidl_typesupport_c.so[0m
[2.598s] [ 62%] [32m[1mLinking C shared library librobotiq_gripper__rosidl_typesupport_introspection_c.so[0m
[2.613s] [ 62%] Built target robotiq_gripper__rosidl_typesupport_introspection_c
[2.614s] [ 62%] Built target robotiq_gripper__rosidl_typesupport_c
[2.753s] [ 64%] [32m[1mLinking CXX shared library librobotiq_gripper__rosidl_typesupport_cpp.so[0m
[2.762s] [ 66%] [32m[1mLinking CXX shared library librobotiq_gripper__rosidl_typesupport_introspection_cpp.so[0m
[2.770s] [ 66%] Built target robotiq_gripper__rosidl_typesupport_cpp
[2.770s] [ 68%] [32m[1mLinking CXX shared library librobotiq_gripper__rosidl_typesupport_fastrtps_c.so[0m
[2.776s] [ 72%] [32mBuilding CXX object CMakeFiles/rtde_control.dir/src/rtde_control.cpp.o[0m
[2.776s] [ 72%] [32mBuilding CXX object CMakeFiles/gripper_twin.dir/src/gripper_twin.cpp.o[0m
[2.778s] [ 72%] Built target robotiq_gripper__rosidl_typesupport_introspection_cpp
[2.803s] [ 72%] Built target robotiq_gripper__rosidl_typesupport_fastrtps_c
[2.841s] [ 75%] [32m[1mLinking CXX shared library librobotiq_gripper__rosidl_typesupport_fastrtps_cpp.so[0m
[2.872s] [ 75%] Built target robotiq_gripper__rosidl_typesupport_fastrtps_cpp
[2.878s] [ 75%] Built target robotiq_gripper
[2.884s] [ 77%] [34m[1mGenerating Python code for ROS interfaces[0m
[3.169s] [ 77%] Built target robotiq_gripper__py
[3.175s] [ 79%] [32mBuilding C object CMakeFiles/robotiq_gripper__rosidl_generator_py.dir/rosidl_generator_py/robotiq_gripper/msg/_gripper_status_s.c.o[0m
[3.176s] [ 81%] [32mBuilding C object CMakeFiles/robotiq_gripper__rosidl_generator_py.dir/rosidl_generator_py/robotiq_gripper/msg/_gripper_command_s.c.o[0m
[3.240s] [ 83%] [32m[1mLinking C shared library rosidl_generator_py/robotiq_gripper/librobotiq_gripper__rosidl_generator_py.so[0m
[3.255s] [ 83%] Built target robotiq_gripper__rosidl_generator_py
[3.261s] [ 87%] [32mBuilding C object CMakeFiles/robotiq_gripper__rosidl_typesupport_fastrtps_c__pyext.dir/rosidl_generator_py/robotiq_gripper/_robotiq_gripper_s.ep.rosidl_typesupport_fastrtps_c.c.o[0m
[3.261s] [ 89%] [32mBuilding C object CMakeFiles/robotiq_gripper__rosidl_typesupport_introspection_c__pyext.dir/rosidl_generator_py/robotiq_gripper/_robotiq_gripper_s.ep.rosidl_typesupport_introspection_c.c.o[0m
[3.261s] [ 89%] [32mBuilding C object CMakeFiles/robotiq_gripper__rosidl_typesupport_c__pyext.dir/rosidl_generator_py/robotiq_gripper/_robotiq_gripper_s.ep.rosidl_typesupport_c.c.o[0m
[3.311s] [ 91%] [32m[1mLinking C shared library rosidl_generator_py/robotiq_gripper/robotiq_gripper_s__rosidl_typesupport_c.cpython-310-x86_64-linux-gnu.so[0m
[3.313s] [ 93%] [32m[1mLinking C shared library rosidl_generator_py/robotiq_gripper/robotiq_gripper_s__rosidl_typesupport_introspection_c.cpython-310-x86_64-linux-gnu.so[0m
[3.315s] [ 95%] [32m[1mLinking C shared library rosidl_generator_py/robotiq_gripper/robotiq_gripper_s__rosidl_typesupport_fastrtps_c.cpython-310-x86_64-linux-gnu.so[0m
[3.326s] [ 95%] Built target robotiq_gripper__rosidl_typesupport_introspection_c__pyext
[3.326s] [ 95%] Built target robotiq_gripper__rosidl_typesupport_c__pyext
[3.328s] [ 95%] Built target robotiq_gripper__rosidl_typesupport_fastrtps_c__pyext
[6.487s] [ 97%] [32m[1mLinking CXX executable gripper_twin[0m
[6.674s] [ 97%] Built target gripper_twin
[7.183s] [100%] [32m[1mLinking CXX executable rtde_control[0m
[7.404s] [100%] Built target rtde_control
[7.414s] Invoked command in '/home/rnv3/ros2_ws/build/robotiq_gripper' returned '0': CMAKE_PREFIX_PATH=${CMAKE_PREFIX_PATH}:/opt/ros/iron /usr/bin/cmake --build /home/rnv3/ros2_ws/build/robotiq_gripper -- -j24 -l24
[7.466s] Invoking command in '/home/rnv3/ros2_ws/build/robotiq_gripper': CMAKE_PREFIX_PATH=${CMAKE_PREFIX_PATH}:/opt/ros/iron /usr/bin/cmake --install /home/rnv3/ros2_ws/build/robotiq_gripper
[7.468s] -- Install configuration: ""
[7.468s] -- Installing: /home/rnv3/ros2_ws/install/robotiq_gripper/share/ament_index/resource_index/rosidl_interfaces/robotiq_gripper
[7.468s] -- Installing: /home/rnv3/ros2_ws/install/robotiq_gripper/share/robotiq_gripper/msg/GripperStatus.json
[7.469s] -- Installing: /home/rnv3/ros2_ws/install/robotiq_gripper/share/robotiq_gripper/msg/GripperCommand.json
[7.469s] -- Installing: /home/rnv3/ros2_ws/install/robotiq_gripper/include/robotiq_gripper/robotiq_gripper
[7.469s] -- Installing: /home/rnv3/ros2_ws/install/robotiq_gripper/include/robotiq_gripper/robotiq_gripper/msg
[7.469s] -- Installing: /home/rnv3/ros2_ws/install/robotiq_gripper/include/robotiq_gripper/robotiq_gripper/msg/gripper_status.h
[7.469s] -- Installing: /home/rnv3/ros2_ws/install/robotiq_gripper/include/robotiq_gripper/robotiq_gripper/msg/gripper_command.h
[7.469s] -- Installing: /home/rnv3/ros2_ws/install/robotiq_gripper/include/robotiq_gripper/robotiq_gripper/msg/rosidl_generator_c__visibility_control.h
[7.469s] -- Installing: /home/rnv3/ros2_ws/install/robotiq_gripper/include/robotiq_gripper/robotiq_gripper/msg/detail
[7.469s] -- Installing: /home/rnv3/ros2_ws/install/robotiq_gripper/include/robotiq_gripper/robotiq_gripper/msg/detail/gripper_command__type_support.h
[7.469s] -- Installing: /home/rnv3/ros2_ws/install/robotiq_gripper/include/robotiq_gripper/robotiq_gripper/msg/detail/gripper_command__functions.c
[7.469s] -- Installing: /home/rnv3/ros2_ws/install/robotiq_gripper/include/robotiq_gripper/robotiq_gripper/msg/detail/gripper_status__struct.h
[7.469s] -- Installing: /home/rnv3/ros2_ws/install/robotiq_gripper/include/robotiq_gripper/robotiq_gripper/msg/detail/gripper_status__type_support.c
[7.469s] -- Installing: /home/rnv3/ros2_ws/install/robotiq_gripper/include/robotiq_gripper/robotiq_gripper/msg/detail/gripper_command__type_support.c
[7.469s] -- Installing: /home/rnv3/ros2_ws/install/robotiq_gripper/include/robotiq_gripper/robotiq_gripper/msg/detail/gripper_command__description.c
[7.469s] -- Installing: /home/rnv3/ros2_ws/install/robotiq_gripper/include/robotiq_gripper/robotiq_gripper/msg/detail/gripper_status__type_support.h
[7.469s] -- Installing: /home/rnv3/ros2_ws/install/robotiq_gripper/include/robotiq_gripper/robotiq_gripper/msg/detail/gripper_command__struct.h
[7.469s] -- Installing: /home/rnv3/ros2_ws/install/robotiq_gripper/include/robotiq_gripper/robotiq_gripper/msg/detail/gripper_status__functions.c
[7.469s] -- Installing: /home/rnv3/ros2_ws/install/robotiq_gripper/include/robotiq_gripper/robotiq_gripper/msg/detail/gripper_status__functions.h
[7.470s] -- Installing: /home/rnv3/ros2_ws/install/robotiq_gripper/include/robotiq_gripper/robotiq_gripper/msg/detail/gripper_status__description.c
[7.470s] -- Installing: /home/rnv3/ros2_ws/install/robotiq_gripper/include/robotiq_gripper/robotiq_gripper/msg/detail/gripper_command__functions.h
[7.470s] -- Installing: /home/rnv3/ros2_ws/install/robotiq_gripper/share/robotiq_gripper/environment/library_path.sh
[7.470s] -- Installing: /home/rnv3/ros2_ws/install/robotiq_gripper/share/robotiq_gripper/environment/library_path.dsv
[7.470s] -- Installing: /home/rnv3/ros2_ws/install/robotiq_gripper/lib/librobotiq_gripper__rosidl_generator_c.so
[7.470s] -- Set non-toolchain portion of runtime path of "/home/rnv3/ros2_ws/install/robotiq_gripper/lib/librobotiq_gripper__rosidl_generator_c.so" to ""
[7.470s] -- Up-to-date: /home/rnv3/ros2_ws/install/robotiq_gripper/include/robotiq_gripper/robotiq_gripper
[7.470s] -- Up-to-date: /home/rnv3/ros2_ws/install/robotiq_gripper/include/robotiq_gripper/robotiq_gripper/msg
[7.470s] -- Installing: /home/rnv3/ros2_ws/install/robotiq_gripper/include/robotiq_gripper/robotiq_gripper/msg/rosidl_typesupport_fastrtps_c__visibility_control.h
[7.470s] -- Up-to-date: /home/rnv3/ros2_ws/install/robotiq_gripper/include/robotiq_gripper/robotiq_gripper/msg/detail
[7.470s] -- Installing: /home/rnv3/ros2_ws/install/robotiq_gripper/include/robotiq_gripper/robotiq_gripper/msg/detail/gripper_status__rosidl_typesupport_fastrtps_c.h
[7.470s] -- Installing: /home/rnv3/ros2_ws/install/robotiq_gripper/include/robotiq_gripper/robotiq_gripper/msg/detail/gripper_command__rosidl_typesupport_fastrtps_c.h
[7.470s] -- Installing: /home/rnv3/ros2_ws/install/robotiq_gripper/lib/librobotiq_gripper__rosidl_typesupport_fastrtps_c.so
[7.471s] -- Set non-toolchain portion of runtime path of "/home/rnv3/ros2_ws/install/robotiq_gripper/lib/librobotiq_gripper__rosidl_typesupport_fastrtps_c.so" to ""
[7.471s] -- Up-to-date: /home/rnv3/ros2_ws/install/robotiq_gripper/include/robotiq_gripper/robotiq_gripper
[7.471s] -- Up-to-date: /home/rnv3/ros2_ws/install/robotiq_gripper/include/robotiq_gripper/robotiq_gripper/msg
[7.471s] -- Up-to-date: /home/rnv3/ros2_ws/install/robotiq_gripper/include/robotiq_gripper/robotiq_gripper/msg/detail
[7.471s] -- Up-to-date: /home/rnv3/ros2_ws/install/robotiq_gripper/include/robotiq_gripper/robotiq_gripper/msg/detail/gripper_status__type_support.c
[7.471s] -- Up-to-date: /home/rnv3/ros2_ws/install/robotiq_gripper/include/robotiq_gripper/robotiq_gripper/msg/detail/gripper_command__type_support.c
[7.471s] -- Installing: /home/rnv3/ros2_ws/install/robotiq_gripper/include/robotiq_gripper/robotiq_gripper/msg/detail/gripper_status__rosidl_typesupport_introspection_c.h
[7.471s] -- Installing: /home/rnv3/ros2_ws/install/robotiq_gripper/include/robotiq_gripper/robotiq_gripper/msg/detail/gripper_command__rosidl_typesupport_introspection_c.h
[7.471s] -- Installing: /home/rnv3/ros2_ws/install/robotiq_gripper/include/robotiq_gripper/robotiq_gripper/msg/rosidl_typesupport_introspection_c__visibility_control.h
[7.471s] -- Installing: /home/rnv3/ros2_ws/install/robotiq_gripper/lib/librobotiq_gripper__rosidl_typesupport_introspection_c.so
[7.471s] -- Set non-toolchain portion of runtime path of "/home/rnv3/ros2_ws/install/robotiq_gripper/lib/librobotiq_gripper__rosidl_typesupport_introspection_c.so" to ""
[7.471s] -- Installing: /home/rnv3/ros2_ws/install/robotiq_gripper/lib/librobotiq_gripper__rosidl_typesupport_c.so
[7.471s] -- Set non-toolchain portion of runtime path of "/home/rnv3/ros2_ws/install/robotiq_gripper/lib/librobotiq_gripper__rosidl_typesupport_c.so" to ""
[7.471s] -- Up-to-date: /home/rnv3/ros2_ws/install/robotiq_gripper/include/robotiq_gripper/robotiq_gripper
[7.471s] -- Up-to-date: /home/rnv3/ros2_ws/install/robotiq_gripper/include/robotiq_gripper/robotiq_gripper/msg
[7.471s] -- Up-to-date: /home/rnv3/ros2_ws/install/robotiq_gripper/include/robotiq_gripper/robotiq_gripper/msg/detail
[7.471s] -- Installing: /home/rnv3/ros2_ws/install/robotiq_gripper/include/robotiq_gripper/robotiq_gripper/msg/detail/gripper_command__traits.hpp
[7.471s] -- Installing: /home/rnv3/ros2_ws/install/robotiq_gripper/include/robotiq_gripper/robotiq_gripper/msg/detail/gripper_status__builder.hpp
[7.471s] -- Installing: /home/rnv3/ros2_ws/install/robotiq_gripper/include/robotiq_gripper/robotiq_gripper/msg/detail/gripper_command__builder.hpp
[7.472s] -- Installing: /home/rnv3/ros2_ws/install/robotiq_gripper/include/robotiq_gripper/robotiq_gripper/msg/detail/gripper_status__traits.hpp
[7.472s] -- Installing: /home/rnv3/ros2_ws/install/robotiq_gripper/include/robotiq_gripper/robotiq_gripper/msg/detail/gripper_status__struct.hpp
[7.472s] -- Installing: /home/rnv3/ros2_ws/install/robotiq_gripper/include/robotiq_gripper/robotiq_gripper/msg/detail/gripper_command__struct.hpp
[7.472s] -- Installing: /home/rnv3/ros2_ws/install/robotiq_gripper/include/robotiq_gripper/robotiq_gripper/msg/gripper_status.hpp
[7.472s] -- Installing: /home/rnv3/ros2_ws/install/robotiq_gripper/include/robotiq_gripper/robotiq_gripper/msg/gripper_command.hpp
[7.472s] -- Up-to-date: /home/rnv3/ros2_ws/install/robotiq_gripper/include/robotiq_gripper/robotiq_gripper
[7.472s] -- Up-to-date: /home/rnv3/ros2_ws/install/robotiq_gripper/include/robotiq_gripper/robotiq_gripper/msg
[7.472s] -- Up-to-date: /home/rnv3/ros2_ws/install/robotiq_gripper/include/robotiq_gripper/robotiq_gripper/msg/detail
[7.472s] -- Installing: /home/rnv3/ros2_ws/install/robotiq_gripper/include/robotiq_gripper/robotiq_gripper/msg/detail/gripper_status__rosidl_typesupport_fastrtps_cpp.hpp
[7.472s] -- Installing: /home/rnv3/ros2_ws/install/robotiq_gripper/include/robotiq_gripper/robotiq_gripper/msg/detail/dds_fastrtps
[7.472s] -- Installing: /home/rnv3/ros2_ws/install/robotiq_gripper/include/robotiq_gripper/robotiq_gripper/msg/detail/gripper_command__rosidl_typesupport_fastrtps_cpp.hpp
[7.472s] -- Installing: /home/rnv3/ros2_ws/install/robotiq_gripper/include/robotiq_gripper/robotiq_gripper/msg/rosidl_typesupport_fastrtps_cpp__visibility_control.h
[7.472s] -- Installing: /home/rnv3/ros2_ws/install/robotiq_gripper/lib/librobotiq_gripper__rosidl_typesupport_fastrtps_cpp.so
[7.472s] -- Set non-toolchain portion of runtime path of "/home/rnv3/ros2_ws/install/robotiq_gripper/lib/librobotiq_gripper__rosidl_typesupport_fastrtps_cpp.so" to ""
[7.472s] -- Up-to-date: /home/rnv3/ros2_ws/install/robotiq_gripper/include/robotiq_gripper/robotiq_gripper
[7.472s] -- Up-to-date: /home/rnv3/ros2_ws/install/robotiq_gripper/include/robotiq_gripper/robotiq_gripper/msg
[7.472s] -- Up-to-date: /home/rnv3/ros2_ws/install/robotiq_gripper/include/robotiq_gripper/robotiq_gripper/msg/detail
[7.472s] -- Installing: /home/rnv3/ros2_ws/install/robotiq_gripper/include/robotiq_gripper/robotiq_gripper/msg/detail/gripper_command__type_support.cpp
[7.472s] -- Installing: /home/rnv3/ros2_ws/install/robotiq_gripper/include/robotiq_gripper/robotiq_gripper/msg/detail/gripper_status__type_support.cpp
[7.472s] -- Installing: /home/rnv3/ros2_ws/install/robotiq_gripper/include/robotiq_gripper/robotiq_gripper/msg/detail/gripper_status__rosidl_typesupport_introspection_cpp.hpp
[7.472s] -- Installing: /home/rnv3/ros2_ws/install/robotiq_gripper/include/robotiq_gripper/robotiq_gripper/msg/detail/gripper_command__rosidl_typesupport_introspection_cpp.hpp
[7.472s] -- Installing: /home/rnv3/ros2_ws/install/robotiq_gripper/lib/librobotiq_gripper__rosidl_typesupport_introspection_cpp.so
[7.473s] -- Set non-toolchain portion of runtime path of "/home/rnv3/ros2_ws/install/robotiq_gripper/lib/librobotiq_gripper__rosidl_typesupport_introspection_cpp.so" to ""
[7.473s] -- Installing: /home/rnv3/ros2_ws/install/robotiq_gripper/lib/librobotiq_gripper__rosidl_typesupport_cpp.so
[7.473s] -- Set non-toolchain portion of runtime path of "/home/rnv3/ros2_ws/install/robotiq_gripper/lib/librobotiq_gripper__rosidl_typesupport_cpp.so" to ""
[7.473s] -- Installing: /home/rnv3/ros2_ws/install/robotiq_gripper/share/robotiq_gripper/environment/pythonpath.sh
[7.473s] -- Installing: /home/rnv3/ros2_ws/install/robotiq_gripper/share/robotiq_gripper/environment/pythonpath.dsv
[7.473s] -- Installing: /home/rnv3/ros2_ws/install/robotiq_gripper/lib/python3.10/site-packages/robotiq_gripper-0.0.0-py3.10.egg-info
[7.473s] -- Installing: /home/rnv3/ros2_ws/install/robotiq_gripper/lib/python3.10/site-packages/robotiq_gripper-0.0.0-py3.10.egg-info/PKG-INFO
[7.473s] -- Installing: /home/rnv3/ros2_ws/install/robotiq_gripper/lib/python3.10/site-packages/robotiq_gripper-0.0.0-py3.10.egg-info/SOURCES.txt
[7.473s] -- Installing: /home/rnv3/ros2_ws/install/robotiq_gripper/lib/python3.10/site-packages/robotiq_gripper-0.0.0-py3.10.egg-info/dependency_links.txt
[7.473s] -- Installing: /home/rnv3/ros2_ws/install/robotiq_gripper/lib/python3.10/site-packages/robotiq_gripper-0.0.0-py3.10.egg-info/top_level.txt
[7.473s] -- Installing: /home/rnv3/ros2_ws/install/robotiq_gripper/lib/python3.10/site-packages/robotiq_gripper
[7.473s] -- Installing: /home/rnv3/ros2_ws/install/robotiq_gripper/lib/python3.10/site-packages/robotiq_gripper/robotiq_gripper_s__rosidl_typesupport_introspection_c.cpython-310-x86_64-linux-gnu.so
[7.473s] -- Installing: /home/rnv3/ros2_ws/install/robotiq_gripper/lib/python3.10/site-packages/robotiq_gripper/_robotiq_gripper_s.ep.rosidl_typesupport_c.c
[7.473s] -- Installing: /home/rnv3/ros2_ws/install/robotiq_gripper/lib/python3.10/site-packages/robotiq_gripper/robotiq_gripper_s__rosidl_typesupport_fastrtps_c.cpython-310-x86_64-linux-gnu.so
[7.473s] -- Installing: /home/rnv3/ros2_ws/install/robotiq_gripper/lib/python3.10/site-packages/robotiq_gripper/_robotiq_gripper_s.ep.rosidl_typesupport_introspection_c.c
[7.473s] -- Installing: /home/rnv3/ros2_ws/install/robotiq_gripper/lib/python3.10/site-packages/robotiq_gripper/librobotiq_gripper__rosidl_generator_py.so
[7.473s] -- Installing: /home/rnv3/ros2_ws/install/robotiq_gripper/lib/python3.10/site-packages/robotiq_gripper/robotiq_gripper_s__rosidl_typesupport_c.cpython-310-x86_64-linux-gnu.so
[7.473s] -- Installing: /home/rnv3/ros2_ws/install/robotiq_gripper/lib/python3.10/site-packages/robotiq_gripper/_robotiq_gripper_s.ep.rosidl_typesupport_fastrtps_c.c
[7.473s] -- Installing: /home/rnv3/ros2_ws/install/robotiq_gripper/lib/python3.10/site-packages/robotiq_gripper/msg
[7.474s] -- Installing: /home/rnv3/ros2_ws/install/robotiq_gripper/lib/python3.10/site-packages/robotiq_gripper/msg/_gripper_status.py
[7.474s] -- Installing: /home/rnv3/ros2_ws/install/robotiq_gripper/lib/python3.10/site-packages/robotiq_gripper/msg/_gripper_command_s.c
[7.474s] -- Installing: /home/rnv3/ros2_ws/install/robotiq_gripper/lib/python3.10/site-packages/robotiq_gripper/msg/_gripper_status_s.c
[7.474s] -- Installing: /home/rnv3/ros2_ws/install/robotiq_gripper/lib/python3.10/site-packages/robotiq_gripper/msg/_gripper_command.py
[7.474s] -- Installing: /home/rnv3/ros2_ws/install/robotiq_gripper/lib/python3.10/site-packages/robotiq_gripper/msg/__init__.py
[7.474s] -- Installing: /home/rnv3/ros2_ws/install/robotiq_gripper/lib/python3.10/site-packages/robotiq_gripper/__init__.py
[7.491s] Listing '/home/rnv3/ros2_ws/install/robotiq_gripper/lib/python3.10/site-packages/robotiq_gripper'...
[7.491s] Compiling '/home/rnv3/ros2_ws/install/robotiq_gripper/lib/python3.10/site-packages/robotiq_gripper/__init__.py'...
[7.491s] Listing '/home/rnv3/ros2_ws/install/robotiq_gripper/lib/python3.10/site-packages/robotiq_gripper/msg'...
[7.491s] Compiling '/home/rnv3/ros2_ws/install/robotiq_gripper/lib/python3.10/site-packages/robotiq_gripper/msg/__init__.py'...
[7.491s] Compiling '/home/rnv3/ros2_ws/install/robotiq_gripper/lib/python3.10/site-packages/robotiq_gripper/msg/_gripper_command.py'...
[7.491s] Compiling '/home/rnv3/ros2_ws/install/robotiq_gripper/lib/python3.10/site-packages/robotiq_gripper/msg/_gripper_status.py'...
[7.493s] -- Installing: /home/rnv3/ros2_ws/install/robotiq_gripper/lib/python3.10/site-packages/robotiq_gripper/robotiq_gripper_s__rosidl_typesupport_fastrtps_c.cpython-310-x86_64-linux-gnu.so
[7.494s] -- Set non-toolchain portion of runtime path of "/home/rnv3/ros2_ws/install/robotiq_gripper/lib/python3.10/site-packages/robotiq_gripper/robotiq_gripper_s__rosidl_typesupport_fastrtps_c.cpython-310-x86_64-linux-gnu.so" to ""
[7.494s] -- Installing: /home/rnv3/ros2_ws/install/robotiq_gripper/lib/python3.10/site-packages/robotiq_gripper/robotiq_gripper_s__rosidl_typesupport_introspection_c.cpython-310-x86_64-linux-gnu.so
[7.494s] -- Set non-toolchain portion of runtime path of "/home/rnv3/ros2_ws/install/robotiq_gripper/lib/python3.10/site-packages/robotiq_gripper/robotiq_gripper_s__rosidl_typesupport_introspection_c.cpython-310-x86_64-linux-gnu.so" to ""
[7.494s] -- Installing: /home/rnv3/ros2_ws/install/robotiq_gripper/lib/python3.10/site-packages/robotiq_gripper/robotiq_gripper_s__rosidl_typesupport_c.cpython-310-x86_64-linux-gnu.so
[7.494s] -- Set non-toolchain portion of runtime path of "/home/rnv3/ros2_ws/install/robotiq_gripper/lib/python3.10/site-packages/robotiq_gripper/robotiq_gripper_s__rosidl_typesupport_c.cpython-310-x86_64-linux-gnu.so" to ""
[7.494s] -- Installing: /home/rnv3/ros2_ws/install/robotiq_gripper/lib/librobotiq_gripper__rosidl_generator_py.so
[7.494s] -- Set non-toolchain portion of runtime path of "/home/rnv3/ros2_ws/install/robotiq_gripper/lib/librobotiq_gripper__rosidl_generator_py.so" to ""
[7.494s] -- Installing: /home/rnv3/ros2_ws/install/robotiq_gripper/share/robotiq_gripper/msg/GripperStatus.idl
[7.494s] -- Installing: /home/rnv3/ros2_ws/install/robotiq_gripper/share/robotiq_gripper/msg/GripperCommand.idl
[7.494s] -- Installing: /home/rnv3/ros2_ws/install/robotiq_gripper/share/robotiq_gripper/msg/GripperStatus.msg
[7.494s] -- Installing: /home/rnv3/ros2_ws/install/robotiq_gripper/share/robotiq_gripper/msg/GripperCommand.msg
[7.495s] -- Installing: /home/rnv3/ros2_ws/install/robotiq_gripper/lib/robotiq_gripper/gripper_twin
[7.497s] -- Set non-toolchain portion of runtime path of "/home/rnv3/ros2_ws/install/robotiq_gripper/lib/robotiq_gripper/gripper_twin" to ""
[7.497s] -- Installing: /home/rnv3/ros2_ws/install/robotiq_gripper/lib/robotiq_gripper/rtde_control
[7.499s] -- Set non-toolchain portion of runtime path of "/home/rnv3/ros2_ws/install/robotiq_gripper/lib/robotiq_gripper/rtde_control" to ""
[7.499s] -- Up-to-date: /home/rnv3/ros2_ws/install/robotiq_gripper/include
[7.499s] -- Up-to-date: /home/rnv3/ros2_ws/install/robotiq_gripper/include/robotiq_gripper
[7.499s] -- Installing: /home/rnv3/ros2_ws/install/robotiq_gripper/include/robotiq_gripper/robotiq_utils.hpp
[7.500s] -- Installing: /home/rnv3/ros2_ws/install/robotiq_gripper/share/robotiq_gripper//launch
[7.500s] -- Installing: /home/rnv3/ros2_ws/install/robotiq_gripper/share/robotiq_gripper//launch/view_gripper.launch.py
[7.500s] -- Installing: /home/rnv3/ros2_ws/install/robotiq_gripper/share/robotiq_gripper//rviz
[7.500s] -- Installing: /home/rnv3/ros2_ws/install/robotiq_gripper/share/robotiq_gripper//rviz/view_urdf.rviz
[7.501s] -- Installing: /home/rnv3/ros2_ws/install/robotiq_gripper/share/ament_index/resource_index/package_run_dependencies/robotiq_gripper
[7.501s] -- Installing: /home/rnv3/ros2_ws/install/robotiq_gripper/share/ament_index/resource_index/parent_prefix_path/robotiq_gripper
[7.501s] -- Installing: /home/rnv3/ros2_ws/install/robotiq_gripper/share/robotiq_gripper/environment/ament_prefix_path.sh
[7.501s] -- Installing: /home/rnv3/ros2_ws/install/robotiq_gripper/share/robotiq_gripper/environment/ament_prefix_path.dsv
[7.501s] -- Installing: /home/rnv3/ros2_ws/install/robotiq_gripper/share/robotiq_gripper/environment/path.sh
[7.501s] -- Installing: /home/rnv3/ros2_ws/install/robotiq_gripper/share/robotiq_gripper/environment/path.dsv
[7.501s] -- Installing: /home/rnv3/ros2_ws/install/robotiq_gripper/share/robotiq_gripper/local_setup.bash
[7.501s] -- Installing: /home/rnv3/ros2_ws/install/robotiq_gripper/share/robotiq_gripper/local_setup.sh
[7.501s] -- Installing: /home/rnv3/ros2_ws/install/robotiq_gripper/share/robotiq_gripper/local_setup.zsh
[7.501s] -- Installing: /home/rnv3/ros2_ws/install/robotiq_gripper/share/robotiq_gripper/local_setup.dsv
[7.501s] -- Installing: /home/rnv3/ros2_ws/install/robotiq_gripper/share/robotiq_gripper/package.dsv
[7.501s] -- Installing: /home/rnv3/ros2_ws/install/robotiq_gripper/share/ament_index/resource_index/packages/robotiq_gripper
[7.501s] -- Installing: /home/rnv3/ros2_ws/install/robotiq_gripper/share/robotiq_gripper/cmake/export_robotiq_gripper__rosidl_generator_cExport.cmake
[7.501s] -- Installing: /home/rnv3/ros2_ws/install/robotiq_gripper/share/robotiq_gripper/cmake/export_robotiq_gripper__rosidl_generator_cExport-noconfig.cmake
[7.502s] -- Installing: /home/rnv3/ros2_ws/install/robotiq_gripper/share/robotiq_gripper/cmake/export_robotiq_gripper__rosidl_typesupport_fastrtps_cExport.cmake
[7.502s] -- Installing: /home/rnv3/ros2_ws/install/robotiq_gripper/share/robotiq_gripper/cmake/export_robotiq_gripper__rosidl_typesupport_fastrtps_cExport-noconfig.cmake
[7.502s] -- Installing: /home/rnv3/ros2_ws/install/robotiq_gripper/share/robotiq_gripper/cmake/robotiq_gripper__rosidl_typesupport_introspection_cExport.cmake
[7.502s] -- Installing: /home/rnv3/ros2_ws/install/robotiq_gripper/share/robotiq_gripper/cmake/robotiq_gripper__rosidl_typesupport_introspection_cExport-noconfig.cmake
[7.502s] -- Installing: /home/rnv3/ros2_ws/install/robotiq_gripper/share/robotiq_gripper/cmake/robotiq_gripper__rosidl_typesupport_cExport.cmake
[7.502s] -- Installing: /home/rnv3/ros2_ws/install/robotiq_gripper/share/robotiq_gripper/cmake/robotiq_gripper__rosidl_typesupport_cExport-noconfig.cmake
[7.502s] -- Installing: /home/rnv3/ros2_ws/install/robotiq_gripper/share/robotiq_gripper/cmake/export_robotiq_gripper__rosidl_generator_cppExport.cmake
[7.502s] -- Installing: /home/rnv3/ros2_ws/install/robotiq_gripper/share/robotiq_gripper/cmake/export_robotiq_gripper__rosidl_typesupport_fastrtps_cppExport.cmake
[7.502s] -- Installing: /home/rnv3/ros2_ws/install/robotiq_gripper/share/robotiq_gripper/cmake/export_robotiq_gripper__rosidl_typesupport_fastrtps_cppExport-noconfig.cmake
[7.502s] -- Installing: /home/rnv3/ros2_ws/install/robotiq_gripper/share/robotiq_gripper/cmake/robotiq_gripper__rosidl_typesupport_introspection_cppExport.cmake
[7.502s] -- Installing: /home/rnv3/ros2_ws/install/robotiq_gripper/share/robotiq_gripper/cmake/robotiq_gripper__rosidl_typesupport_introspection_cppExport-noconfig.cmake
[7.502s] -- Installing: /home/rnv3/ros2_ws/install/robotiq_gripper/share/robotiq_gripper/cmake/robotiq_gripper__rosidl_typesupport_cppExport.cmake
[7.502s] -- Installing: /home/rnv3/ros2_ws/install/robotiq_gripper/share/robotiq_gripper/cmake/robotiq_gripper__rosidl_typesupport_cppExport-noconfig.cmake
[7.502s] -- Installing: /home/rnv3/ros2_ws/install/robotiq_gripper/share/robotiq_gripper/cmake/export_robotiq_gripper__rosidl_generator_pyExport.cmake
[7.503s] -- Installing: /home/rnv3/ros2_ws/install/robotiq_gripper/share/robotiq_gripper/cmake/export_robotiq_gripper__rosidl_generator_pyExport-noconfig.cmake
[7.503s] -- Installing: /home/rnv3/ros2_ws/install/robotiq_gripper/share/robotiq_gripper/cmake/rosidl_cmake-extras.cmake
[7.503s] -- Installing: /home/rnv3/ros2_ws/install/robotiq_gripper/share/robotiq_gripper/cmake/ament_cmake_export_include_directories-extras.cmake
[7.503s] -- Installing: /home/rnv3/ros2_ws/install/robotiq_gripper/share/robotiq_gripper/cmake/ament_cmake_export_libraries-extras.cmake
[7.503s] -- Installing: /home/rnv3/ros2_ws/install/robotiq_gripper/share/robotiq_gripper/cmake/ament_cmake_export_targets-extras.cmake
[7.503s] -- Installing: /home/rnv3/ros2_ws/install/robotiq_gripper/share/robotiq_gripper/cmake/rosidl_cmake_export_typesupport_targets-extras.cmake
[7.503s] -- Installing: /home/rnv3/ros2_ws/install/robotiq_gripper/share/robotiq_gripper/cmake/ament_cmake_export_dependencies-extras.cmake
[7.503s] -- Installing: /home/rnv3/ros2_ws/install/robotiq_gripper/share/robotiq_gripper/cmake/rosidl_cmake_export_typesupport_libraries-extras.cmake
[7.503s] -- Installing: /home/rnv3/ros2_ws/install/robotiq_gripper/share/robotiq_gripper/cmake/robotiq_gripperConfig.cmake
[7.503s] -- Installing: /home/rnv3/ros2_ws/install/robotiq_gripper/share/robotiq_gripper/cmake/robotiq_gripperConfig-version.cmake
[7.503s] -- Installing: /home/rnv3/ros2_ws/install/robotiq_gripper/share/robotiq_gripper/package.xml
[7.504s] Invoked command in '/home/rnv3/ros2_ws/build/robotiq_gripper' returned '0': CMAKE_PREFIX_PATH=${CMAKE_PREFIX_PATH}:/opt/ros/iron /usr/bin/cmake --install /home/rnv3/ros2_ws/build/robotiq_gripper
