[0.050s] DEBUG:colcon:Command line arguments: ['/usr/bin/colcon', 'build']
[0.051s] DEBUG:colcon:Parsed command line arguments: Namespace(log_base=None, log_level=None, verb_name='build', build_base='build', install_base='install', merge_install=False, symlink_install=False, test_result_base=None, continue_on_error=False, executor='parallel', parallel_workers=24, event_handlers=None, ignore_user_meta=False, metas=['./colcon.meta'], base_paths=['.'], packages_ignore=None, packages_ignore_regex=None, paths=None, packages_up_to=None, packages_up_to_regex=None, packages_above=None, packages_above_and_dependencies=None, packages_above_depth=None, packages_select_by_dep=None, packages_skip_by_dep=None, packages_skip_up_to=None, packages_select_build_failed=False, packages_skip_build_finished=False, packages_select_test_failures=False, packages_skip_test_passed=False, packages_select=None, packages_skip=None, packages_select_regex=None, packages_skip_regex=None, packages_start=None, packages_end=None, allow_overriding=[], cmake_args=None, cmake_target=None, cmake_target_skip_unavailable=False, cmake_clean_cache=False, cmake_clean_first=False, cmake_force_configure=False, ament_cmake_args=None, catkin_cmake_args=None, catkin_skip_building_tests=False, verb_parser=<colcon_defaults.argument_parser.defaults.DefaultArgumentsDecorator object at 0x70d2f92e4c40>, verb_extension=<colcon_core.verb.build.BuildVerb object at 0x70d2f92e40a0>, main=<bound method BuildVerb.main of <colcon_core.verb.build.BuildVerb object at 0x70d2f92e40a0>>)
[0.140s] Level 1:colcon.colcon_core.package_discovery:discover_packages(colcon_meta) check parameters
[0.140s] Level 1:colcon.colcon_core.package_discovery:discover_packages(recursive) check parameters
[0.140s] Level 1:colcon.colcon_core.package_discovery:discover_packages(ignore) check parameters
[0.140s] Level 1:colcon.colcon_core.package_discovery:discover_packages(path) check parameters
[0.140s] Level 1:colcon.colcon_core.package_discovery:discover_packages(colcon_meta) discover
[0.140s] Level 1:colcon.colcon_core.package_discovery:discover_packages(recursive) discover
[0.140s] INFO:colcon.colcon_core.package_discovery:Crawling recursively for packages in '/home/rnv3/ros2_ws'
[0.140s] Level 1:colcon.colcon_core.package_identification:_identify(.) by extensions ['ignore', 'ignore_ament_install']
[0.140s] Level 1:colcon.colcon_core.package_identification:_identify(.) by extension 'ignore'
[0.140s] Level 1:colcon.colcon_core.package_identification:_identify(.) by extension 'ignore_ament_install'
[0.140s] Level 1:colcon.colcon_core.package_identification:_identify(.) by extensions ['colcon_pkg']
[0.140s] Level 1:colcon.colcon_core.package_identification:_identify(.) by extension 'colcon_pkg'
[0.140s] Level 1:colcon.colcon_core.package_identification:_identify(.) by extensions ['colcon_meta']
[0.140s] Level 1:colcon.colcon_core.package_identification:_identify(.) by extension 'colcon_meta'
[0.140s] Level 1:colcon.colcon_core.package_identification:_identify(.) by extensions ['ros']
[0.140s] Level 1:colcon.colcon_core.package_identification:_identify(.) by extension 'ros'
[0.146s] Level 1:colcon.colcon_core.package_identification:_identify(.) by extensions ['cmake', 'python']
[0.146s] Level 1:colcon.colcon_core.package_identification:_identify(.) by extension 'cmake'
[0.146s] Level 1:colcon.colcon_core.package_identification:_identify(.) by extension 'python'
[0.146s] Level 1:colcon.colcon_core.package_identification:_identify(.) by extensions ['python_setup_py']
[0.146s] Level 1:colcon.colcon_core.package_identification:_identify(.) by extension 'python_setup_py'
[0.146s] Level 1:colcon.colcon_core.package_identification:_identify(build) by extensions ['ignore', 'ignore_ament_install']
[0.146s] Level 1:colcon.colcon_core.package_identification:_identify(build) by extension 'ignore'
[0.146s] Level 1:colcon.colcon_core.package_identification:_identify(build) ignored
[0.146s] Level 1:colcon.colcon_core.package_identification:_identify(install) by extensions ['ignore', 'ignore_ament_install']
[0.146s] Level 1:colcon.colcon_core.package_identification:_identify(install) by extension 'ignore'
[0.146s] Level 1:colcon.colcon_core.package_identification:_identify(install) ignored
[0.146s] Level 1:colcon.colcon_core.package_identification:_identify(log) by extensions ['ignore', 'ignore_ament_install']
[0.146s] Level 1:colcon.colcon_core.package_identification:_identify(log) by extension 'ignore'
[0.146s] Level 1:colcon.colcon_core.package_identification:_identify(log) ignored
[0.146s] Level 1:colcon.colcon_core.package_identification:_identify(src) by extensions ['ignore', 'ignore_ament_install']
[0.146s] Level 1:colcon.colcon_core.package_identification:_identify(src) by extension 'ignore'
[0.146s] Level 1:colcon.colcon_core.package_identification:_identify(src) by extension 'ignore_ament_install'
[0.146s] Level 1:colcon.colcon_core.package_identification:_identify(src) by extensions ['colcon_pkg']
[0.146s] Level 1:colcon.colcon_core.package_identification:_identify(src) by extension 'colcon_pkg'
[0.146s] Level 1:colcon.colcon_core.package_identification:_identify(src) by extensions ['colcon_meta']
[0.146s] Level 1:colcon.colcon_core.package_identification:_identify(src) by extension 'colcon_meta'
[0.146s] Level 1:colcon.colcon_core.package_identification:_identify(src) by extensions ['ros']
[0.146s] Level 1:colcon.colcon_core.package_identification:_identify(src) by extension 'ros'
[0.146s] Level 1:colcon.colcon_core.package_identification:_identify(src) by extensions ['cmake', 'python']
[0.146s] Level 1:colcon.colcon_core.package_identification:_identify(src) by extension 'cmake'
[0.146s] Level 1:colcon.colcon_core.package_identification:_identify(src) by extension 'python'
[0.146s] Level 1:colcon.colcon_core.package_identification:_identify(src) by extensions ['python_setup_py']
[0.146s] Level 1:colcon.colcon_core.package_identification:_identify(src) by extension 'python_setup_py'
[0.146s] Level 1:colcon.colcon_core.package_identification:_identify(src/integrated_ur_robotiq) by extensions ['ignore', 'ignore_ament_install']
[0.146s] Level 1:colcon.colcon_core.package_identification:_identify(src/integrated_ur_robotiq) by extension 'ignore'
[0.147s] Level 1:colcon.colcon_core.package_identification:_identify(src/integrated_ur_robotiq) by extension 'ignore_ament_install'
[0.147s] Level 1:colcon.colcon_core.package_identification:_identify(src/integrated_ur_robotiq) by extensions ['colcon_pkg']
[0.147s] Level 1:colcon.colcon_core.package_identification:_identify(src/integrated_ur_robotiq) by extension 'colcon_pkg'
[0.147s] Level 1:colcon.colcon_core.package_identification:_identify(src/integrated_ur_robotiq) by extensions ['colcon_meta']
[0.147s] Level 1:colcon.colcon_core.package_identification:_identify(src/integrated_ur_robotiq) by extension 'colcon_meta'
[0.147s] Level 1:colcon.colcon_core.package_identification:_identify(src/integrated_ur_robotiq) by extensions ['ros']
[0.147s] Level 1:colcon.colcon_core.package_identification:_identify(src/integrated_ur_robotiq) by extension 'ros'
[0.148s] DEBUG:colcon.colcon_core.package_identification:Package 'src/integrated_ur_robotiq' with type 'ros.ament_cmake' and name 'integrated_ur_robotiq'
[0.148s] Level 1:colcon.colcon_core.package_identification:_identify(src/robotiq_gripper) by extensions ['ignore', 'ignore_ament_install']
[0.148s] Level 1:colcon.colcon_core.package_identification:_identify(src/robotiq_gripper) by extension 'ignore'
[0.148s] Level 1:colcon.colcon_core.package_identification:_identify(src/robotiq_gripper) by extension 'ignore_ament_install'
[0.148s] Level 1:colcon.colcon_core.package_identification:_identify(src/robotiq_gripper) by extensions ['colcon_pkg']
[0.148s] Level 1:colcon.colcon_core.package_identification:_identify(src/robotiq_gripper) by extension 'colcon_pkg'
[0.148s] Level 1:colcon.colcon_core.package_identification:_identify(src/robotiq_gripper) by extensions ['colcon_meta']
[0.148s] Level 1:colcon.colcon_core.package_identification:_identify(src/robotiq_gripper) by extension 'colcon_meta'
[0.148s] Level 1:colcon.colcon_core.package_identification:_identify(src/robotiq_gripper) by extensions ['ros']
[0.148s] Level 1:colcon.colcon_core.package_identification:_identify(src/robotiq_gripper) by extension 'ros'
[0.149s] DEBUG:colcon.colcon_core.package_identification:Package 'src/robotiq_gripper' with type 'ros.ament_cmake' and name 'robotiq_gripper'
[0.149s] Level 1:colcon.colcon_core.package_identification:_identify(src/ur_robotiq_description) by extensions ['ignore', 'ignore_ament_install']
[0.149s] Level 1:colcon.colcon_core.package_identification:_identify(src/ur_robotiq_description) by extension 'ignore'
[0.149s] Level 1:colcon.colcon_core.package_identification:_identify(src/ur_robotiq_description) by extension 'ignore_ament_install'
[0.149s] Level 1:colcon.colcon_core.package_identification:_identify(src/ur_robotiq_description) by extensions ['colcon_pkg']
[0.149s] Level 1:colcon.colcon_core.package_identification:_identify(src/ur_robotiq_description) by extension 'colcon_pkg'
[0.149s] Level 1:colcon.colcon_core.package_identification:_identify(src/ur_robotiq_description) by extensions ['colcon_meta']
[0.149s] Level 1:colcon.colcon_core.package_identification:_identify(src/ur_robotiq_description) by extension 'colcon_meta'
[0.149s] Level 1:colcon.colcon_core.package_identification:_identify(src/ur_robotiq_description) by extensions ['ros']
[0.149s] Level 1:colcon.colcon_core.package_identification:_identify(src/ur_robotiq_description) by extension 'ros'
[0.149s] DEBUG:colcon.colcon_core.package_identification:Package 'src/ur_robotiq_description' with type 'ros.ament_cmake' and name 'ur_robotiq_description'
[0.149s] Level 1:colcon.colcon_core.package_identification:_identify(src/ur_robotiq_moveit_config) by extensions ['ignore', 'ignore_ament_install']
[0.149s] Level 1:colcon.colcon_core.package_identification:_identify(src/ur_robotiq_moveit_config) by extension 'ignore'
[0.149s] Level 1:colcon.colcon_core.package_identification:_identify(src/ur_robotiq_moveit_config) by extension 'ignore_ament_install'
[0.149s] Level 1:colcon.colcon_core.package_identification:_identify(src/ur_robotiq_moveit_config) by extensions ['colcon_pkg']
[0.149s] Level 1:colcon.colcon_core.package_identification:_identify(src/ur_robotiq_moveit_config) by extension 'colcon_pkg'
[0.149s] Level 1:colcon.colcon_core.package_identification:_identify(src/ur_robotiq_moveit_config) by extensions ['colcon_meta']
[0.149s] Level 1:colcon.colcon_core.package_identification:_identify(src/ur_robotiq_moveit_config) by extension 'colcon_meta'
[0.149s] Level 1:colcon.colcon_core.package_identification:_identify(src/ur_robotiq_moveit_config) by extensions ['ros']
[0.149s] Level 1:colcon.colcon_core.package_identification:_identify(src/ur_robotiq_moveit_config) by extension 'ros'
[0.149s] DEBUG:colcon.colcon_core.package_identification:Package 'src/ur_robotiq_moveit_config' with type 'ros.ament_cmake' and name 'ur_robotiq_moveit_config'
[0.149s] Level 1:colcon.colcon_core.package_discovery:discover_packages(recursive) using defaults
[0.149s] Level 1:colcon.colcon_core.package_discovery:discover_packages(ignore) discover
[0.149s] Level 1:colcon.colcon_core.package_discovery:discover_packages(ignore) using defaults
[0.149s] Level 1:colcon.colcon_core.package_discovery:discover_packages(path) discover
[0.149s] Level 1:colcon.colcon_core.package_discovery:discover_packages(path) using defaults
[0.160s] Level 1:colcon.colcon_core.package_discovery:discover_packages(prefix_path) check parameters
[0.160s] Level 1:colcon.colcon_core.package_discovery:discover_packages(prefix_path) discover
[0.165s] WARNING:colcon.colcon_ros.prefix_path.ament:The path '/home/rnv3/ros2_ws/install/ur_robotiq_moveit_config' in the environment variable AMENT_PREFIX_PATH doesn't exist
[0.165s] WARNING:colcon.colcon_ros.prefix_path.ament:The path '/home/rnv3/ros2_ws/install/integrated_ur_robotiq' in the environment variable AMENT_PREFIX_PATH doesn't exist
[0.165s] WARNING:colcon.colcon_ros.prefix_path.ament:The path '/home/rnv3/ros2_ws/install/ur_robotiq_description' in the environment variable AMENT_PREFIX_PATH doesn't exist
[0.165s] WARNING:colcon.colcon_ros.prefix_path.ament:The path '/home/rnv3/ros2_ws/install/robotiq_gripper' in the environment variable AMENT_PREFIX_PATH doesn't exist
[0.165s] WARNING:colcon.colcon_ros.prefix_path.catkin:The path '/home/rnv3/ros2_ws/install/ur_robotiq_moveit_config' in the environment variable CMAKE_PREFIX_PATH doesn't exist
[0.165s] WARNING:colcon.colcon_ros.prefix_path.catkin:The path '/home/rnv3/ros2_ws/install/integrated_ur_robotiq' in the environment variable CMAKE_PREFIX_PATH doesn't exist
[0.165s] WARNING:colcon.colcon_ros.prefix_path.catkin:The path '/home/rnv3/ros2_ws/install/ur_robotiq_description' in the environment variable CMAKE_PREFIX_PATH doesn't exist
[0.165s] WARNING:colcon.colcon_ros.prefix_path.catkin:The path '/home/rnv3/ros2_ws/install/robotiq_gripper' in the environment variable CMAKE_PREFIX_PATH doesn't exist
[0.166s] DEBUG:colcon.colcon_installed_package_information.package_discovery:Found 0 installed packages in /home/rnv3/ros2_ws/install
[0.166s] DEBUG:colcon.colcon_installed_package_information.package_discovery:Found 349 installed packages in /opt/ros/iron
[0.167s] Level 1:colcon.colcon_core.package_discovery:discover_packages(prefix_path) using defaults
[0.190s] Level 5:colcon.colcon_core.verb:set package 'robotiq_gripper' build argument 'cmake_args' from command line to 'None'
[0.190s] Level 5:colcon.colcon_core.verb:set package 'robotiq_gripper' build argument 'cmake_target' from command line to 'None'
[0.190s] Level 5:colcon.colcon_core.verb:set package 'robotiq_gripper' build argument 'cmake_target_skip_unavailable' from command line to 'False'
[0.190s] Level 5:colcon.colcon_core.verb:set package 'robotiq_gripper' build argument 'cmake_clean_cache' from command line to 'False'
[0.190s] Level 5:colcon.colcon_core.verb:set package 'robotiq_gripper' build argument 'cmake_clean_first' from command line to 'False'
[0.190s] Level 5:colcon.colcon_core.verb:set package 'robotiq_gripper' build argument 'cmake_force_configure' from command line to 'False'
[0.190s] Level 5:colcon.colcon_core.verb:set package 'robotiq_gripper' build argument 'ament_cmake_args' from command line to 'None'
[0.190s] Level 5:colcon.colcon_core.verb:set package 'robotiq_gripper' build argument 'catkin_cmake_args' from command line to 'None'
[0.190s] Level 5:colcon.colcon_core.verb:set package 'robotiq_gripper' build argument 'catkin_skip_building_tests' from command line to 'False'
[0.190s] DEBUG:colcon.colcon_core.verb:Building package 'robotiq_gripper' with the following arguments: {'ament_cmake_args': None, 'build_base': '/home/rnv3/ros2_ws/build/robotiq_gripper', 'catkin_cmake_args': None, 'catkin_skip_building_tests': False, 'cmake_args': None, 'cmake_clean_cache': False, 'cmake_clean_first': False, 'cmake_force_configure': False, 'cmake_target': None, 'cmake_target_skip_unavailable': False, 'install_base': '/home/rnv3/ros2_ws/install/robotiq_gripper', 'merge_install': False, 'path': '/home/rnv3/ros2_ws/src/robotiq_gripper', 'symlink_install': False, 'test_result_base': None}
[0.190s] Level 5:colcon.colcon_core.verb:set package 'ur_robotiq_description' build argument 'cmake_args' from command line to 'None'
[0.190s] Level 5:colcon.colcon_core.verb:set package 'ur_robotiq_description' build argument 'cmake_target' from command line to 'None'
[0.190s] Level 5:colcon.colcon_core.verb:set package 'ur_robotiq_description' build argument 'cmake_target_skip_unavailable' from command line to 'False'
[0.190s] Level 5:colcon.colcon_core.verb:set package 'ur_robotiq_description' build argument 'cmake_clean_cache' from command line to 'False'
[0.190s] Level 5:colcon.colcon_core.verb:set package 'ur_robotiq_description' build argument 'cmake_clean_first' from command line to 'False'
[0.190s] Level 5:colcon.colcon_core.verb:set package 'ur_robotiq_description' build argument 'cmake_force_configure' from command line to 'False'
[0.190s] Level 5:colcon.colcon_core.verb:set package 'ur_robotiq_description' build argument 'ament_cmake_args' from command line to 'None'
[0.190s] Level 5:colcon.colcon_core.verb:set package 'ur_robotiq_description' build argument 'catkin_cmake_args' from command line to 'None'
[0.190s] Level 5:colcon.colcon_core.verb:set package 'ur_robotiq_description' build argument 'catkin_skip_building_tests' from command line to 'False'
[0.190s] DEBUG:colcon.colcon_core.verb:Building package 'ur_robotiq_description' with the following arguments: {'ament_cmake_args': None, 'build_base': '/home/rnv3/ros2_ws/build/ur_robotiq_description', 'catkin_cmake_args': None, 'catkin_skip_building_tests': False, 'cmake_args': None, 'cmake_clean_cache': False, 'cmake_clean_first': False, 'cmake_force_configure': False, 'cmake_target': None, 'cmake_target_skip_unavailable': False, 'install_base': '/home/rnv3/ros2_ws/install/ur_robotiq_description', 'merge_install': False, 'path': '/home/rnv3/ros2_ws/src/ur_robotiq_description', 'symlink_install': False, 'test_result_base': None}
[0.191s] Level 5:colcon.colcon_core.verb:set package 'ur_robotiq_moveit_config' build argument 'cmake_args' from command line to 'None'
[0.191s] Level 5:colcon.colcon_core.verb:set package 'ur_robotiq_moveit_config' build argument 'cmake_target' from command line to 'None'
[0.191s] Level 5:colcon.colcon_core.verb:set package 'ur_robotiq_moveit_config' build argument 'cmake_target_skip_unavailable' from command line to 'False'
[0.191s] Level 5:colcon.colcon_core.verb:set package 'ur_robotiq_moveit_config' build argument 'cmake_clean_cache' from command line to 'False'
[0.191s] Level 5:colcon.colcon_core.verb:set package 'ur_robotiq_moveit_config' build argument 'cmake_clean_first' from command line to 'False'
[0.191s] Level 5:colcon.colcon_core.verb:set package 'ur_robotiq_moveit_config' build argument 'cmake_force_configure' from command line to 'False'
[0.191s] Level 5:colcon.colcon_core.verb:set package 'ur_robotiq_moveit_config' build argument 'ament_cmake_args' from command line to 'None'
[0.191s] Level 5:colcon.colcon_core.verb:set package 'ur_robotiq_moveit_config' build argument 'catkin_cmake_args' from command line to 'None'
[0.191s] Level 5:colcon.colcon_core.verb:set package 'ur_robotiq_moveit_config' build argument 'catkin_skip_building_tests' from command line to 'False'
[0.191s] DEBUG:colcon.colcon_core.verb:Building package 'ur_robotiq_moveit_config' with the following arguments: {'ament_cmake_args': None, 'build_base': '/home/rnv3/ros2_ws/build/ur_robotiq_moveit_config', 'catkin_cmake_args': None, 'catkin_skip_building_tests': False, 'cmake_args': None, 'cmake_clean_cache': False, 'cmake_clean_first': False, 'cmake_force_configure': False, 'cmake_target': None, 'cmake_target_skip_unavailable': False, 'install_base': '/home/rnv3/ros2_ws/install/ur_robotiq_moveit_config', 'merge_install': False, 'path': '/home/rnv3/ros2_ws/src/ur_robotiq_moveit_config', 'symlink_install': False, 'test_result_base': None}
[0.191s] Level 5:colcon.colcon_core.verb:set package 'integrated_ur_robotiq' build argument 'cmake_args' from command line to 'None'
[0.191s] Level 5:colcon.colcon_core.verb:set package 'integrated_ur_robotiq' build argument 'cmake_target' from command line to 'None'
[0.191s] Level 5:colcon.colcon_core.verb:set package 'integrated_ur_robotiq' build argument 'cmake_target_skip_unavailable' from command line to 'False'
[0.191s] Level 5:colcon.colcon_core.verb:set package 'integrated_ur_robotiq' build argument 'cmake_clean_cache' from command line to 'False'
[0.191s] Level 5:colcon.colcon_core.verb:set package 'integrated_ur_robotiq' build argument 'cmake_clean_first' from command line to 'False'
[0.191s] Level 5:colcon.colcon_core.verb:set package 'integrated_ur_robotiq' build argument 'cmake_force_configure' from command line to 'False'
[0.191s] Level 5:colcon.colcon_core.verb:set package 'integrated_ur_robotiq' build argument 'ament_cmake_args' from command line to 'None'
[0.191s] Level 5:colcon.colcon_core.verb:set package 'integrated_ur_robotiq' build argument 'catkin_cmake_args' from command line to 'None'
[0.191s] Level 5:colcon.colcon_core.verb:set package 'integrated_ur_robotiq' build argument 'catkin_skip_building_tests' from command line to 'False'
[0.191s] DEBUG:colcon.colcon_core.verb:Building package 'integrated_ur_robotiq' with the following arguments: {'ament_cmake_args': None, 'build_base': '/home/rnv3/ros2_ws/build/integrated_ur_robotiq', 'catkin_cmake_args': None, 'catkin_skip_building_tests': False, 'cmake_args': None, 'cmake_clean_cache': False, 'cmake_clean_first': False, 'cmake_force_configure': False, 'cmake_target': None, 'cmake_target_skip_unavailable': False, 'install_base': '/home/rnv3/ros2_ws/install/integrated_ur_robotiq', 'merge_install': False, 'path': '/home/rnv3/ros2_ws/src/integrated_ur_robotiq', 'symlink_install': False, 'test_result_base': None}
[0.191s] INFO:colcon.colcon_core.executor:Executing jobs using 'parallel' executor
[0.192s] DEBUG:colcon.colcon_parallel_executor.executor.parallel:run_until_complete
[0.192s] INFO:colcon.colcon_ros.task.ament_cmake.build:Building ROS package in '/home/rnv3/ros2_ws/src/robotiq_gripper' with build type 'ament_cmake'
[0.192s] INFO:colcon.colcon_cmake.task.cmake.build:Building CMake package in '/home/rnv3/ros2_ws/src/robotiq_gripper'
[0.193s] INFO:colcon.colcon_core.plugin_system:Skipping extension 'colcon_core.shell.bat': Not used on non-Windows systems
[0.193s] INFO:colcon.colcon_core.shell:Skip shell extension 'powershell' for command environment: Not usable outside of PowerShell
[0.193s] DEBUG:colcon.colcon_core.shell:Skip shell extension 'dsv' for command environment
[0.194s] INFO:colcon.colcon_ros.task.ament_cmake.build:Building ROS package in '/home/rnv3/ros2_ws/src/ur_robotiq_description' with build type 'ament_cmake'
[0.195s] INFO:colcon.colcon_cmake.task.cmake.build:Building CMake package in '/home/rnv3/ros2_ws/src/ur_robotiq_description'
[0.195s] INFO:colcon.colcon_core.shell:Skip shell extension 'powershell' for command environment: Not usable outside of PowerShell
[0.195s] DEBUG:colcon.colcon_core.shell:Skip shell extension 'dsv' for command environment
[0.196s] INFO:colcon.colcon_ros.task.ament_cmake.build:Building ROS package in '/home/rnv3/ros2_ws/src/ur_robotiq_moveit_config' with build type 'ament_cmake'
[0.196s] INFO:colcon.colcon_cmake.task.cmake.build:Building CMake package in '/home/rnv3/ros2_ws/src/ur_robotiq_moveit_config'
[0.196s] INFO:colcon.colcon_core.shell:Skip shell extension 'powershell' for command environment: Not usable outside of PowerShell
[0.196s] DEBUG:colcon.colcon_core.shell:Skip shell extension 'dsv' for command environment
[0.199s] DEBUG:colcon.colcon_core.event_handler.log_command:Invoking command in '/home/rnv3/ros2_ws/build/robotiq_gripper': CMAKE_PREFIX_PATH=${CMAKE_PREFIX_PATH}:/opt/ros/iron /usr/bin/cmake /home/rnv3/ros2_ws/src/robotiq_gripper -DCMAKE_INSTALL_PREFIX=/home/rnv3/ros2_ws/install/robotiq_gripper
[0.200s] DEBUG:colcon.colcon_core.event_handler.log_command:Invoking command in '/home/rnv3/ros2_ws/build/ur_robotiq_description': CMAKE_PREFIX_PATH=${CMAKE_PREFIX_PATH}:/opt/ros/iron /usr/bin/cmake /home/rnv3/ros2_ws/src/ur_robotiq_description -DCMAKE_INSTALL_PREFIX=/home/rnv3/ros2_ws/install/ur_robotiq_description
[0.201s] DEBUG:colcon.colcon_core.event_handler.log_command:Invoking command in '/home/rnv3/ros2_ws/build/ur_robotiq_moveit_config': CMAKE_PREFIX_PATH=${CMAKE_PREFIX_PATH}:/opt/ros/iron /usr/bin/cmake /home/rnv3/ros2_ws/src/ur_robotiq_moveit_config -DCMAKE_INSTALL_PREFIX=/home/rnv3/ros2_ws/install/ur_robotiq_moveit_config
[0.826s] DEBUG:colcon.colcon_core.event_handler.log_command:Invoked command in '/home/rnv3/ros2_ws/build/ur_robotiq_moveit_config' returned '0': CMAKE_PREFIX_PATH=${CMAKE_PREFIX_PATH}:/opt/ros/iron /usr/bin/cmake /home/rnv3/ros2_ws/src/ur_robotiq_moveit_config -DCMAKE_INSTALL_PREFIX=/home/rnv3/ros2_ws/install/ur_robotiq_moveit_config
[0.827s] DEBUG:colcon.colcon_core.event_handler.log_command:Invoking command in '/home/rnv3/ros2_ws/build/ur_robotiq_moveit_config': CMAKE_PREFIX_PATH=${CMAKE_PREFIX_PATH}:/opt/ros/iron /usr/bin/cmake --build /home/rnv3/ros2_ws/build/ur_robotiq_moveit_config -- -j24 -l24
[0.830s] DEBUG:colcon.colcon_core.event_handler.log_command:Invoked command in '/home/rnv3/ros2_ws/build/ur_robotiq_description' returned '0': CMAKE_PREFIX_PATH=${CMAKE_PREFIX_PATH}:/opt/ros/iron /usr/bin/cmake /home/rnv3/ros2_ws/src/ur_robotiq_description -DCMAKE_INSTALL_PREFIX=/home/rnv3/ros2_ws/install/ur_robotiq_description
[0.831s] DEBUG:colcon.colcon_core.event_handler.log_command:Invoking command in '/home/rnv3/ros2_ws/build/ur_robotiq_description': CMAKE_PREFIX_PATH=${CMAKE_PREFIX_PATH}:/opt/ros/iron /usr/bin/cmake --build /home/rnv3/ros2_ws/build/ur_robotiq_description -- -j24 -l24
[0.837s] DEBUG:colcon.colcon_core.event_handler.log_command:Invoked command in '/home/rnv3/ros2_ws/build/ur_robotiq_moveit_config' returned '0': CMAKE_PREFIX_PATH=${CMAKE_PREFIX_PATH}:/opt/ros/iron /usr/bin/cmake --build /home/rnv3/ros2_ws/build/ur_robotiq_moveit_config -- -j24 -l24
[0.840s] DEBUG:colcon.colcon_core.event_handler.log_command:Invoked command in '/home/rnv3/ros2_ws/build/ur_robotiq_description' returned '0': CMAKE_PREFIX_PATH=${CMAKE_PREFIX_PATH}:/opt/ros/iron /usr/bin/cmake --build /home/rnv3/ros2_ws/build/ur_robotiq_description -- -j24 -l24
[0.849s] DEBUG:colcon.colcon_core.event_handler.log_command:Invoking command in '/home/rnv3/ros2_ws/build/ur_robotiq_moveit_config': CMAKE_PREFIX_PATH=${CMAKE_PREFIX_PATH}:/opt/ros/iron /usr/bin/cmake --install /home/rnv3/ros2_ws/build/ur_robotiq_moveit_config
[0.850s] DEBUG:colcon.colcon_core.event_handler.log_command:Invoking command in '/home/rnv3/ros2_ws/build/ur_robotiq_description': CMAKE_PREFIX_PATH=${CMAKE_PREFIX_PATH}:/opt/ros/iron /usr/bin/cmake --install /home/rnv3/ros2_ws/build/ur_robotiq_description
[0.854s] Level 1:colcon.colcon_core.environment:create_environment_scripts_only(ur_robotiq_moveit_config)
[0.854s] DEBUG:colcon.colcon_core.event_handler.log_command:Invoked command in '/home/rnv3/ros2_ws/build/ur_robotiq_moveit_config' returned '0': CMAKE_PREFIX_PATH=${CMAKE_PREFIX_PATH}:/opt/ros/iron /usr/bin/cmake --install /home/rnv3/ros2_ws/build/ur_robotiq_moveit_config
[0.855s] Level 1:colcon.colcon_core.environment:checking '/home/rnv3/ros2_ws/install/ur_robotiq_moveit_config' for CMake module files
[0.856s] Level 1:colcon.colcon_core.environment:checking '/home/rnv3/ros2_ws/install/ur_robotiq_moveit_config' for CMake config files
[0.856s] Level 1:colcon.colcon_core.shell:create_environment_hook('ur_robotiq_moveit_config', 'cmake_prefix_path')
[0.856s] INFO:colcon.colcon_core.shell:Creating environment hook '/home/rnv3/ros2_ws/install/ur_robotiq_moveit_config/share/ur_robotiq_moveit_config/hook/cmake_prefix_path.ps1'
[0.856s] INFO:colcon.colcon_core.shell:Creating environment descriptor '/home/rnv3/ros2_ws/install/ur_robotiq_moveit_config/share/ur_robotiq_moveit_config/hook/cmake_prefix_path.dsv'
[0.857s] INFO:colcon.colcon_core.shell:Creating environment hook '/home/rnv3/ros2_ws/install/ur_robotiq_moveit_config/share/ur_robotiq_moveit_config/hook/cmake_prefix_path.sh'
[0.857s] Level 1:colcon.colcon_core.environment:checking '/home/rnv3/ros2_ws/install/ur_robotiq_moveit_config/bin'
[0.857s] Level 1:colcon.colcon_core.environment:checking '/home/rnv3/ros2_ws/install/ur_robotiq_moveit_config/lib/pkgconfig/ur_robotiq_moveit_config.pc'
[0.857s] Level 1:colcon.colcon_core.environment:checking '/home/rnv3/ros2_ws/install/ur_robotiq_moveit_config/lib/python3.10/site-packages'
[0.858s] Level 1:colcon.colcon_core.environment:checking '/home/rnv3/ros2_ws/install/ur_robotiq_moveit_config/bin'
[0.858s] INFO:colcon.colcon_core.shell:Creating package script '/home/rnv3/ros2_ws/install/ur_robotiq_moveit_config/share/ur_robotiq_moveit_config/package.ps1'
[0.858s] INFO:colcon.colcon_core.shell:Creating package descriptor '/home/rnv3/ros2_ws/install/ur_robotiq_moveit_config/share/ur_robotiq_moveit_config/package.dsv'
[0.858s] INFO:colcon.colcon_core.shell:Creating package script '/home/rnv3/ros2_ws/install/ur_robotiq_moveit_config/share/ur_robotiq_moveit_config/package.sh'
[0.859s] INFO:colcon.colcon_core.shell:Creating package script '/home/rnv3/ros2_ws/install/ur_robotiq_moveit_config/share/ur_robotiq_moveit_config/package.bash'
[0.859s] INFO:colcon.colcon_core.shell:Creating package script '/home/rnv3/ros2_ws/install/ur_robotiq_moveit_config/share/ur_robotiq_moveit_config/package.zsh'
[0.860s] Level 1:colcon.colcon_core.environment:create_file_with_runtime_dependencies(/home/rnv3/ros2_ws/install/ur_robotiq_moveit_config/share/colcon-core/packages/ur_robotiq_moveit_config)
[0.861s] Level 1:colcon.colcon_core.environment:create_environment_scripts_only(ur_robotiq_description)
[0.861s] DEBUG:colcon.colcon_core.event_handler.log_command:Invoked command in '/home/rnv3/ros2_ws/build/ur_robotiq_description' returned '0': CMAKE_PREFIX_PATH=${CMAKE_PREFIX_PATH}:/opt/ros/iron /usr/bin/cmake --install /home/rnv3/ros2_ws/build/ur_robotiq_description
[0.861s] Level 1:colcon.colcon_core.environment:checking '/home/rnv3/ros2_ws/install/ur_robotiq_description' for CMake module files
[0.861s] Level 1:colcon.colcon_core.environment:checking '/home/rnv3/ros2_ws/install/ur_robotiq_description' for CMake config files
[0.862s] Level 1:colcon.colcon_core.shell:create_environment_hook('ur_robotiq_description', 'cmake_prefix_path')
[0.862s] INFO:colcon.colcon_core.shell:Creating environment hook '/home/rnv3/ros2_ws/install/ur_robotiq_description/share/ur_robotiq_description/hook/cmake_prefix_path.ps1'
[0.862s] INFO:colcon.colcon_core.shell:Creating environment descriptor '/home/rnv3/ros2_ws/install/ur_robotiq_description/share/ur_robotiq_description/hook/cmake_prefix_path.dsv'
[0.863s] INFO:colcon.colcon_core.shell:Creating environment hook '/home/rnv3/ros2_ws/install/ur_robotiq_description/share/ur_robotiq_description/hook/cmake_prefix_path.sh'
[0.863s] Level 1:colcon.colcon_core.environment:checking '/home/rnv3/ros2_ws/install/ur_robotiq_description/bin'
[0.863s] Level 1:colcon.colcon_core.environment:checking '/home/rnv3/ros2_ws/install/ur_robotiq_description/lib/pkgconfig/ur_robotiq_description.pc'
[0.863s] Level 1:colcon.colcon_core.environment:checking '/home/rnv3/ros2_ws/install/ur_robotiq_description/lib/python3.10/site-packages'
[0.863s] Level 1:colcon.colcon_core.environment:checking '/home/rnv3/ros2_ws/install/ur_robotiq_description/bin'
[0.864s] INFO:colcon.colcon_core.shell:Creating package script '/home/rnv3/ros2_ws/install/ur_robotiq_description/share/ur_robotiq_description/package.ps1'
[0.864s] INFO:colcon.colcon_core.shell:Creating package descriptor '/home/rnv3/ros2_ws/install/ur_robotiq_description/share/ur_robotiq_description/package.dsv'
[0.864s] INFO:colcon.colcon_core.shell:Creating package script '/home/rnv3/ros2_ws/install/ur_robotiq_description/share/ur_robotiq_description/package.sh'
[0.864s] INFO:colcon.colcon_core.shell:Creating package script '/home/rnv3/ros2_ws/install/ur_robotiq_description/share/ur_robotiq_description/package.bash'
[0.864s] INFO:colcon.colcon_core.shell:Creating package script '/home/rnv3/ros2_ws/install/ur_robotiq_description/share/ur_robotiq_description/package.zsh'
[0.865s] Level 1:colcon.colcon_core.environment:create_file_with_runtime_dependencies(/home/rnv3/ros2_ws/install/ur_robotiq_description/share/colcon-core/packages/ur_robotiq_description)
[0.869s] Level 1:colcon.colcon_core.environment:create_environment_scripts_only(ur_robotiq_moveit_config)
[0.870s] Level 1:colcon.colcon_core.environment:checking '/home/rnv3/ros2_ws/install/ur_robotiq_moveit_config' for CMake module files
[0.870s] Level 1:colcon.colcon_core.environment:checking '/home/rnv3/ros2_ws/install/ur_robotiq_moveit_config' for CMake config files
[0.870s] Level 1:colcon.colcon_core.shell:create_environment_hook('ur_robotiq_moveit_config', 'cmake_prefix_path')
[0.870s] INFO:colcon.colcon_core.shell:Creating environment hook '/home/rnv3/ros2_ws/install/ur_robotiq_moveit_config/share/ur_robotiq_moveit_config/hook/cmake_prefix_path.ps1'
[0.870s] INFO:colcon.colcon_core.shell:Creating environment descriptor '/home/rnv3/ros2_ws/install/ur_robotiq_moveit_config/share/ur_robotiq_moveit_config/hook/cmake_prefix_path.dsv'
[0.870s] INFO:colcon.colcon_core.shell:Creating environment hook '/home/rnv3/ros2_ws/install/ur_robotiq_moveit_config/share/ur_robotiq_moveit_config/hook/cmake_prefix_path.sh'
[0.871s] Level 1:colcon.colcon_core.environment:checking '/home/rnv3/ros2_ws/install/ur_robotiq_moveit_config/bin'
[0.871s] Level 1:colcon.colcon_core.environment:checking '/home/rnv3/ros2_ws/install/ur_robotiq_moveit_config/lib/pkgconfig/ur_robotiq_moveit_config.pc'
[0.871s] Level 1:colcon.colcon_core.environment:checking '/home/rnv3/ros2_ws/install/ur_robotiq_moveit_config/lib/python3.10/site-packages'
[0.871s] Level 1:colcon.colcon_core.environment:checking '/home/rnv3/ros2_ws/install/ur_robotiq_moveit_config/bin'
[0.871s] INFO:colcon.colcon_core.shell:Creating package script '/home/rnv3/ros2_ws/install/ur_robotiq_moveit_config/share/ur_robotiq_moveit_config/package.ps1'
[0.871s] INFO:colcon.colcon_core.shell:Creating package descriptor '/home/rnv3/ros2_ws/install/ur_robotiq_moveit_config/share/ur_robotiq_moveit_config/package.dsv'
[0.872s] INFO:colcon.colcon_core.shell:Creating package script '/home/rnv3/ros2_ws/install/ur_robotiq_moveit_config/share/ur_robotiq_moveit_config/package.sh'
[0.872s] INFO:colcon.colcon_core.shell:Creating package script '/home/rnv3/ros2_ws/install/ur_robotiq_moveit_config/share/ur_robotiq_moveit_config/package.bash'
[0.872s] INFO:colcon.colcon_core.shell:Creating package script '/home/rnv3/ros2_ws/install/ur_robotiq_moveit_config/share/ur_robotiq_moveit_config/package.zsh'
[0.872s] Level 1:colcon.colcon_core.environment:create_file_with_runtime_dependencies(/home/rnv3/ros2_ws/install/ur_robotiq_moveit_config/share/colcon-core/packages/ur_robotiq_moveit_config)
[0.874s] Level 1:colcon.colcon_core.environment:create_environment_scripts_only(ur_robotiq_description)
[0.874s] Level 1:colcon.colcon_core.environment:checking '/home/rnv3/ros2_ws/install/ur_robotiq_description' for CMake module files
[0.874s] Level 1:colcon.colcon_core.environment:checking '/home/rnv3/ros2_ws/install/ur_robotiq_description' for CMake config files
[0.874s] Level 1:colcon.colcon_core.shell:create_environment_hook('ur_robotiq_description', 'cmake_prefix_path')
[0.874s] INFO:colcon.colcon_core.shell:Creating environment hook '/home/rnv3/ros2_ws/install/ur_robotiq_description/share/ur_robotiq_description/hook/cmake_prefix_path.ps1'
[0.875s] INFO:colcon.colcon_core.shell:Creating environment descriptor '/home/rnv3/ros2_ws/install/ur_robotiq_description/share/ur_robotiq_description/hook/cmake_prefix_path.dsv'
[0.875s] INFO:colcon.colcon_core.shell:Creating environment hook '/home/rnv3/ros2_ws/install/ur_robotiq_description/share/ur_robotiq_description/hook/cmake_prefix_path.sh'
[0.875s] Level 1:colcon.colcon_core.environment:checking '/home/rnv3/ros2_ws/install/ur_robotiq_description/bin'
[0.875s] Level 1:colcon.colcon_core.environment:checking '/home/rnv3/ros2_ws/install/ur_robotiq_description/lib/pkgconfig/ur_robotiq_description.pc'
[0.875s] Level 1:colcon.colcon_core.environment:checking '/home/rnv3/ros2_ws/install/ur_robotiq_description/lib/python3.10/site-packages'
[0.875s] Level 1:colcon.colcon_core.environment:checking '/home/rnv3/ros2_ws/install/ur_robotiq_description/bin'
[0.875s] INFO:colcon.colcon_core.shell:Creating package script '/home/rnv3/ros2_ws/install/ur_robotiq_description/share/ur_robotiq_description/package.ps1'
[0.875s] INFO:colcon.colcon_core.shell:Creating package descriptor '/home/rnv3/ros2_ws/install/ur_robotiq_description/share/ur_robotiq_description/package.dsv'
[0.876s] INFO:colcon.colcon_core.shell:Creating package script '/home/rnv3/ros2_ws/install/ur_robotiq_description/share/ur_robotiq_description/package.sh'
[0.876s] INFO:colcon.colcon_core.shell:Creating package script '/home/rnv3/ros2_ws/install/ur_robotiq_description/share/ur_robotiq_description/package.bash'
[0.876s] INFO:colcon.colcon_core.shell:Creating package script '/home/rnv3/ros2_ws/install/ur_robotiq_description/share/ur_robotiq_description/package.zsh'
[0.876s] Level 1:colcon.colcon_core.environment:create_file_with_runtime_dependencies(/home/rnv3/ros2_ws/install/ur_robotiq_description/share/colcon-core/packages/ur_robotiq_description)
[2.175s] DEBUG:colcon.colcon_core.event_handler.log_command:Invoked command in '/home/rnv3/ros2_ws/build/robotiq_gripper' returned '0': CMAKE_PREFIX_PATH=${CMAKE_PREFIX_PATH}:/opt/ros/iron /usr/bin/cmake /home/rnv3/ros2_ws/src/robotiq_gripper -DCMAKE_INSTALL_PREFIX=/home/rnv3/ros2_ws/install/robotiq_gripper
[2.176s] DEBUG:colcon.colcon_core.event_handler.log_command:Invoking command in '/home/rnv3/ros2_ws/build/robotiq_gripper': CMAKE_PREFIX_PATH=${CMAKE_PREFIX_PATH}:/opt/ros/iron /usr/bin/cmake --build /home/rnv3/ros2_ws/build/robotiq_gripper -- -j24 -l24
[7.606s] DEBUG:colcon.colcon_core.event_handler.log_command:Invoked command in '/home/rnv3/ros2_ws/build/robotiq_gripper' returned '0': CMAKE_PREFIX_PATH=${CMAKE_PREFIX_PATH}:/opt/ros/iron /usr/bin/cmake --build /home/rnv3/ros2_ws/build/robotiq_gripper -- -j24 -l24
[7.658s] DEBUG:colcon.colcon_core.event_handler.log_command:Invoking command in '/home/rnv3/ros2_ws/build/robotiq_gripper': CMAKE_PREFIX_PATH=${CMAKE_PREFIX_PATH}:/opt/ros/iron /usr/bin/cmake --install /home/rnv3/ros2_ws/build/robotiq_gripper
[7.696s] Level 1:colcon.colcon_core.environment:create_environment_scripts_only(robotiq_gripper)
[7.696s] Level 1:colcon.colcon_core.environment:checking '/home/rnv3/ros2_ws/install/robotiq_gripper' for CMake module files
[7.696s] DEBUG:colcon.colcon_core.event_handler.log_command:Invoked command in '/home/rnv3/ros2_ws/build/robotiq_gripper' returned '0': CMAKE_PREFIX_PATH=${CMAKE_PREFIX_PATH}:/opt/ros/iron /usr/bin/cmake --install /home/rnv3/ros2_ws/build/robotiq_gripper
[7.696s] Level 1:colcon.colcon_core.environment:checking '/home/rnv3/ros2_ws/install/robotiq_gripper' for CMake config files
[7.697s] Level 1:colcon.colcon_core.shell:create_environment_hook('robotiq_gripper', 'cmake_prefix_path')
[7.697s] INFO:colcon.colcon_core.shell:Creating environment hook '/home/rnv3/ros2_ws/install/robotiq_gripper/share/robotiq_gripper/hook/cmake_prefix_path.ps1'
[7.697s] INFO:colcon.colcon_core.shell:Creating environment descriptor '/home/rnv3/ros2_ws/install/robotiq_gripper/share/robotiq_gripper/hook/cmake_prefix_path.dsv'
[7.697s] INFO:colcon.colcon_core.shell:Creating environment hook '/home/rnv3/ros2_ws/install/robotiq_gripper/share/robotiq_gripper/hook/cmake_prefix_path.sh'
[7.697s] Level 1:colcon.colcon_core.environment:checking '/home/rnv3/ros2_ws/install/robotiq_gripper/lib'
[7.697s] Level 1:colcon.colcon_core.shell:create_environment_hook('robotiq_gripper', 'ld_library_path_lib')
[7.698s] INFO:colcon.colcon_core.shell:Creating environment hook '/home/rnv3/ros2_ws/install/robotiq_gripper/share/robotiq_gripper/hook/ld_library_path_lib.ps1'
[7.698s] INFO:colcon.colcon_core.shell:Creating environment descriptor '/home/rnv3/ros2_ws/install/robotiq_gripper/share/robotiq_gripper/hook/ld_library_path_lib.dsv'
[7.698s] INFO:colcon.colcon_core.shell:Creating environment hook '/home/rnv3/ros2_ws/install/robotiq_gripper/share/robotiq_gripper/hook/ld_library_path_lib.sh'
[7.698s] Level 1:colcon.colcon_core.environment:checking '/home/rnv3/ros2_ws/install/robotiq_gripper/bin'
[7.698s] Level 1:colcon.colcon_core.environment:checking '/home/rnv3/ros2_ws/install/robotiq_gripper/lib/pkgconfig/robotiq_gripper.pc'
[7.698s] Level 1:colcon.colcon_core.environment:checking '/home/rnv3/ros2_ws/install/robotiq_gripper/lib/python3.10/site-packages'
[7.698s] Level 1:colcon.colcon_core.shell:create_environment_hook('robotiq_gripper', 'pythonpath')
[7.698s] INFO:colcon.colcon_core.shell:Creating environment hook '/home/rnv3/ros2_ws/install/robotiq_gripper/share/robotiq_gripper/hook/pythonpath.ps1'
[7.698s] INFO:colcon.colcon_core.shell:Creating environment descriptor '/home/rnv3/ros2_ws/install/robotiq_gripper/share/robotiq_gripper/hook/pythonpath.dsv'
[7.698s] INFO:colcon.colcon_core.shell:Creating environment hook '/home/rnv3/ros2_ws/install/robotiq_gripper/share/robotiq_gripper/hook/pythonpath.sh'
[7.699s] Level 1:colcon.colcon_core.environment:checking '/home/rnv3/ros2_ws/install/robotiq_gripper/bin'
[7.699s] INFO:colcon.colcon_core.shell:Creating package script '/home/rnv3/ros2_ws/install/robotiq_gripper/share/robotiq_gripper/package.ps1'
[7.699s] INFO:colcon.colcon_core.shell:Creating package descriptor '/home/rnv3/ros2_ws/install/robotiq_gripper/share/robotiq_gripper/package.dsv'
[7.699s] INFO:colcon.colcon_core.shell:Creating package script '/home/rnv3/ros2_ws/install/robotiq_gripper/share/robotiq_gripper/package.sh'
[7.699s] INFO:colcon.colcon_core.shell:Creating package script '/home/rnv3/ros2_ws/install/robotiq_gripper/share/robotiq_gripper/package.bash'
[7.699s] INFO:colcon.colcon_core.shell:Creating package script '/home/rnv3/ros2_ws/install/robotiq_gripper/share/robotiq_gripper/package.zsh'
[7.700s] Level 1:colcon.colcon_core.environment:create_file_with_runtime_dependencies(/home/rnv3/ros2_ws/install/robotiq_gripper/share/colcon-core/packages/robotiq_gripper)
[7.753s] Level 1:colcon.colcon_core.environment:create_environment_scripts_only(robotiq_gripper)
[7.753s] Level 1:colcon.colcon_core.environment:checking '/home/rnv3/ros2_ws/install/robotiq_gripper' for CMake module files
[7.753s] Level 1:colcon.colcon_core.environment:checking '/home/rnv3/ros2_ws/install/robotiq_gripper' for CMake config files
[7.754s] Level 1:colcon.colcon_core.shell:create_environment_hook('robotiq_gripper', 'cmake_prefix_path')
[7.754s] INFO:colcon.colcon_core.shell:Creating environment hook '/home/rnv3/ros2_ws/install/robotiq_gripper/share/robotiq_gripper/hook/cmake_prefix_path.ps1'
[7.755s] INFO:colcon.colcon_core.shell:Creating environment descriptor '/home/rnv3/ros2_ws/install/robotiq_gripper/share/robotiq_gripper/hook/cmake_prefix_path.dsv'
[7.755s] INFO:colcon.colcon_core.shell:Creating environment hook '/home/rnv3/ros2_ws/install/robotiq_gripper/share/robotiq_gripper/hook/cmake_prefix_path.sh'
[7.755s] Level 1:colcon.colcon_core.environment:checking '/home/rnv3/ros2_ws/install/robotiq_gripper/lib'
[7.755s] Level 1:colcon.colcon_core.shell:create_environment_hook('robotiq_gripper', 'ld_library_path_lib')
[7.755s] INFO:colcon.colcon_core.shell:Creating environment hook '/home/rnv3/ros2_ws/install/robotiq_gripper/share/robotiq_gripper/hook/ld_library_path_lib.ps1'
[7.756s] INFO:colcon.colcon_core.shell:Creating environment descriptor '/home/rnv3/ros2_ws/install/robotiq_gripper/share/robotiq_gripper/hook/ld_library_path_lib.dsv'
[7.756s] INFO:colcon.colcon_core.shell:Creating environment hook '/home/rnv3/ros2_ws/install/robotiq_gripper/share/robotiq_gripper/hook/ld_library_path_lib.sh'
[7.756s] Level 1:colcon.colcon_core.environment:checking '/home/rnv3/ros2_ws/install/robotiq_gripper/bin'
[7.756s] Level 1:colcon.colcon_core.environment:checking '/home/rnv3/ros2_ws/install/robotiq_gripper/lib/pkgconfig/robotiq_gripper.pc'
[7.756s] Level 1:colcon.colcon_core.environment:checking '/home/rnv3/ros2_ws/install/robotiq_gripper/lib/python3.10/site-packages'
[7.756s] Level 1:colcon.colcon_core.shell:create_environment_hook('robotiq_gripper', 'pythonpath')
[7.756s] INFO:colcon.colcon_core.shell:Creating environment hook '/home/rnv3/ros2_ws/install/robotiq_gripper/share/robotiq_gripper/hook/pythonpath.ps1'
[7.756s] INFO:colcon.colcon_core.shell:Creating environment descriptor '/home/rnv3/ros2_ws/install/robotiq_gripper/share/robotiq_gripper/hook/pythonpath.dsv'
[7.757s] INFO:colcon.colcon_core.shell:Creating environment hook '/home/rnv3/ros2_ws/install/robotiq_gripper/share/robotiq_gripper/hook/pythonpath.sh'
[7.757s] Level 1:colcon.colcon_core.environment:checking '/home/rnv3/ros2_ws/install/robotiq_gripper/bin'
[7.757s] INFO:colcon.colcon_core.shell:Creating package script '/home/rnv3/ros2_ws/install/robotiq_gripper/share/robotiq_gripper/package.ps1'
[7.757s] INFO:colcon.colcon_core.shell:Creating package descriptor '/home/rnv3/ros2_ws/install/robotiq_gripper/share/robotiq_gripper/package.dsv'
[7.757s] INFO:colcon.colcon_core.shell:Creating package script '/home/rnv3/ros2_ws/install/robotiq_gripper/share/robotiq_gripper/package.sh'
[7.758s] INFO:colcon.colcon_core.shell:Creating package script '/home/rnv3/ros2_ws/install/robotiq_gripper/share/robotiq_gripper/package.bash'
[7.758s] INFO:colcon.colcon_core.shell:Creating package script '/home/rnv3/ros2_ws/install/robotiq_gripper/share/robotiq_gripper/package.zsh'
[7.758s] Level 1:colcon.colcon_core.environment:create_file_with_runtime_dependencies(/home/rnv3/ros2_ws/install/robotiq_gripper/share/colcon-core/packages/robotiq_gripper)
[7.758s] INFO:colcon.colcon_ros.task.ament_cmake.build:Building ROS package in '/home/rnv3/ros2_ws/src/integrated_ur_robotiq' with build type 'ament_cmake'
[7.758s] INFO:colcon.colcon_cmake.task.cmake.build:Building CMake package in '/home/rnv3/ros2_ws/src/integrated_ur_robotiq'
[7.758s] INFO:colcon.colcon_core.shell:Skip shell extension 'powershell' for command environment: Not usable outside of PowerShell
[7.758s] DEBUG:colcon.colcon_core.shell:Skip shell extension 'dsv' for command environment
[7.763s] DEBUG:colcon.colcon_core.event_handler.log_command:Invoking command in '/home/rnv3/ros2_ws/build/integrated_ur_robotiq': CMAKE_PREFIX_PATH=/home/rnv3/ros2_ws/install/ur_robotiq_description:/home/rnv3/ros2_ws/install/robotiq_gripper:/home/rnv3/ros2_ws/install/ur_robotiq_moveit_config:/home/rnv3/ros2_ws/install/integrated_ur_robotiq:/opt/ros/iron /usr/bin/cmake /home/rnv3/ros2_ws/src/integrated_ur_robotiq -DCMAKE_INSTALL_PREFIX=/home/rnv3/ros2_ws/install/integrated_ur_robotiq
[10.923s] DEBUG:colcon.colcon_core.event_handler.log_command:Invoked command in '/home/rnv3/ros2_ws/build/integrated_ur_robotiq' returned '0': CMAKE_PREFIX_PATH=/home/rnv3/ros2_ws/install/ur_robotiq_description:/home/rnv3/ros2_ws/install/robotiq_gripper:/home/rnv3/ros2_ws/install/ur_robotiq_moveit_config:/home/rnv3/ros2_ws/install/integrated_ur_robotiq:/opt/ros/iron /usr/bin/cmake /home/rnv3/ros2_ws/src/integrated_ur_robotiq -DCMAKE_INSTALL_PREFIX=/home/rnv3/ros2_ws/install/integrated_ur_robotiq
[10.924s] DEBUG:colcon.colcon_core.event_handler.log_command:Invoking command in '/home/rnv3/ros2_ws/build/integrated_ur_robotiq': CMAKE_PREFIX_PATH=/home/rnv3/ros2_ws/install/ur_robotiq_description:/home/rnv3/ros2_ws/install/robotiq_gripper:/home/rnv3/ros2_ws/install/ur_robotiq_moveit_config:/home/rnv3/ros2_ws/install/integrated_ur_robotiq:/opt/ros/iron /usr/bin/cmake --build /home/rnv3/ros2_ws/build/integrated_ur_robotiq -- -j24 -l24
[17.994s] DEBUG:colcon.colcon_core.event_handler.log_command:Invoked command in '/home/rnv3/ros2_ws/build/integrated_ur_robotiq' returned '0': CMAKE_PREFIX_PATH=/home/rnv3/ros2_ws/install/ur_robotiq_description:/home/rnv3/ros2_ws/install/robotiq_gripper:/home/rnv3/ros2_ws/install/ur_robotiq_moveit_config:/home/rnv3/ros2_ws/install/integrated_ur_robotiq:/opt/ros/iron /usr/bin/cmake --build /home/rnv3/ros2_ws/build/integrated_ur_robotiq -- -j24 -l24
[18.014s] DEBUG:colcon.colcon_core.event_handler.log_command:Invoking command in '/home/rnv3/ros2_ws/build/integrated_ur_robotiq': CMAKE_PREFIX_PATH=/home/rnv3/ros2_ws/install/ur_robotiq_description:/home/rnv3/ros2_ws/install/robotiq_gripper:/home/rnv3/ros2_ws/install/ur_robotiq_moveit_config:/home/rnv3/ros2_ws/install/integrated_ur_robotiq:/opt/ros/iron /usr/bin/cmake --install /home/rnv3/ros2_ws/build/integrated_ur_robotiq
[18.033s] Level 1:colcon.colcon_core.environment:create_environment_scripts_only(integrated_ur_robotiq)
[18.033s] Level 1:colcon.colcon_core.environment:checking '/home/rnv3/ros2_ws/install/integrated_ur_robotiq' for CMake module files
[18.033s] DEBUG:colcon.colcon_core.event_handler.log_command:Invoked command in '/home/rnv3/ros2_ws/build/integrated_ur_robotiq' returned '0': CMAKE_PREFIX_PATH=/home/rnv3/ros2_ws/install/ur_robotiq_description:/home/rnv3/ros2_ws/install/robotiq_gripper:/home/rnv3/ros2_ws/install/ur_robotiq_moveit_config:/home/rnv3/ros2_ws/install/integrated_ur_robotiq:/opt/ros/iron /usr/bin/cmake --install /home/rnv3/ros2_ws/build/integrated_ur_robotiq
[18.033s] Level 1:colcon.colcon_core.environment:checking '/home/rnv3/ros2_ws/install/integrated_ur_robotiq' for CMake config files
[18.033s] Level 1:colcon.colcon_core.shell:create_environment_hook('integrated_ur_robotiq', 'cmake_prefix_path')
[18.033s] INFO:colcon.colcon_core.shell:Creating environment hook '/home/rnv3/ros2_ws/install/integrated_ur_robotiq/share/integrated_ur_robotiq/hook/cmake_prefix_path.ps1'
[18.034s] INFO:colcon.colcon_core.shell:Creating environment descriptor '/home/rnv3/ros2_ws/install/integrated_ur_robotiq/share/integrated_ur_robotiq/hook/cmake_prefix_path.dsv'
[18.034s] INFO:colcon.colcon_core.shell:Creating environment hook '/home/rnv3/ros2_ws/install/integrated_ur_robotiq/share/integrated_ur_robotiq/hook/cmake_prefix_path.sh'
[18.034s] Level 1:colcon.colcon_core.environment:checking '/home/rnv3/ros2_ws/install/integrated_ur_robotiq/lib'
[18.034s] Level 1:colcon.colcon_core.environment:checking '/home/rnv3/ros2_ws/install/integrated_ur_robotiq/bin'
[18.034s] Level 1:colcon.colcon_core.environment:checking '/home/rnv3/ros2_ws/install/integrated_ur_robotiq/lib/pkgconfig/integrated_ur_robotiq.pc'
[18.034s] Level 1:colcon.colcon_core.environment:checking '/home/rnv3/ros2_ws/install/integrated_ur_robotiq/lib/python3.10/site-packages'
[18.034s] Level 1:colcon.colcon_core.environment:checking '/home/rnv3/ros2_ws/install/integrated_ur_robotiq/bin'
[18.034s] INFO:colcon.colcon_core.shell:Creating package script '/home/rnv3/ros2_ws/install/integrated_ur_robotiq/share/integrated_ur_robotiq/package.ps1'
[18.035s] INFO:colcon.colcon_core.shell:Creating package descriptor '/home/rnv3/ros2_ws/install/integrated_ur_robotiq/share/integrated_ur_robotiq/package.dsv'
[18.035s] INFO:colcon.colcon_core.shell:Creating package script '/home/rnv3/ros2_ws/install/integrated_ur_robotiq/share/integrated_ur_robotiq/package.sh'
[18.035s] INFO:colcon.colcon_core.shell:Creating package script '/home/rnv3/ros2_ws/install/integrated_ur_robotiq/share/integrated_ur_robotiq/package.bash'
[18.035s] INFO:colcon.colcon_core.shell:Creating package script '/home/rnv3/ros2_ws/install/integrated_ur_robotiq/share/integrated_ur_robotiq/package.zsh'
[18.035s] Level 1:colcon.colcon_core.environment:create_file_with_runtime_dependencies(/home/rnv3/ros2_ws/install/integrated_ur_robotiq/share/colcon-core/packages/integrated_ur_robotiq)
[18.055s] Level 1:colcon.colcon_core.environment:create_environment_scripts_only(integrated_ur_robotiq)
[18.055s] Level 1:colcon.colcon_core.environment:checking '/home/rnv3/ros2_ws/install/integrated_ur_robotiq' for CMake module files
[18.055s] Level 1:colcon.colcon_core.environment:checking '/home/rnv3/ros2_ws/install/integrated_ur_robotiq' for CMake config files
[18.055s] Level 1:colcon.colcon_core.shell:create_environment_hook('integrated_ur_robotiq', 'cmake_prefix_path')
[18.055s] INFO:colcon.colcon_core.shell:Creating environment hook '/home/rnv3/ros2_ws/install/integrated_ur_robotiq/share/integrated_ur_robotiq/hook/cmake_prefix_path.ps1'
[18.056s] INFO:colcon.colcon_core.shell:Creating environment descriptor '/home/rnv3/ros2_ws/install/integrated_ur_robotiq/share/integrated_ur_robotiq/hook/cmake_prefix_path.dsv'
[18.056s] INFO:colcon.colcon_core.shell:Creating environment hook '/home/rnv3/ros2_ws/install/integrated_ur_robotiq/share/integrated_ur_robotiq/hook/cmake_prefix_path.sh'
[18.056s] Level 1:colcon.colcon_core.environment:checking '/home/rnv3/ros2_ws/install/integrated_ur_robotiq/lib'
[18.056s] Level 1:colcon.colcon_core.environment:checking '/home/rnv3/ros2_ws/install/integrated_ur_robotiq/bin'
[18.056s] Level 1:colcon.colcon_core.environment:checking '/home/rnv3/ros2_ws/install/integrated_ur_robotiq/lib/pkgconfig/integrated_ur_robotiq.pc'
[18.056s] Level 1:colcon.colcon_core.environment:checking '/home/rnv3/ros2_ws/install/integrated_ur_robotiq/lib/python3.10/site-packages'
[18.056s] Level 1:colcon.colcon_core.environment:checking '/home/rnv3/ros2_ws/install/integrated_ur_robotiq/bin'
[18.056s] INFO:colcon.colcon_core.shell:Creating package script '/home/rnv3/ros2_ws/install/integrated_ur_robotiq/share/integrated_ur_robotiq/package.ps1'
[18.057s] INFO:colcon.colcon_core.shell:Creating package descriptor '/home/rnv3/ros2_ws/install/integrated_ur_robotiq/share/integrated_ur_robotiq/package.dsv'
[18.057s] INFO:colcon.colcon_core.shell:Creating package script '/home/rnv3/ros2_ws/install/integrated_ur_robotiq/share/integrated_ur_robotiq/package.sh'
[18.057s] INFO:colcon.colcon_core.shell:Creating package script '/home/rnv3/ros2_ws/install/integrated_ur_robotiq/share/integrated_ur_robotiq/package.bash'
[18.057s] INFO:colcon.colcon_core.shell:Creating package script '/home/rnv3/ros2_ws/install/integrated_ur_robotiq/share/integrated_ur_robotiq/package.zsh'
[18.057s] Level 1:colcon.colcon_core.environment:create_file_with_runtime_dependencies(/home/rnv3/ros2_ws/install/integrated_ur_robotiq/share/colcon-core/packages/integrated_ur_robotiq)
[18.058s] DEBUG:colcon.colcon_parallel_executor.executor.parallel:closing loop
[18.058s] DEBUG:colcon.colcon_parallel_executor.executor.parallel:loop closed
[18.058s] DEBUG:colcon.colcon_parallel_executor.executor.parallel:run_until_complete finished with '0'
[18.058s] DEBUG:colcon.colcon_core.event_reactor:joining thread
[18.060s] INFO:colcon.colcon_core.plugin_system:Skipping extension 'colcon_notification.desktop_notification.terminal_notifier': Not used on non-Darwin systems
[18.061s] INFO:colcon.colcon_core.plugin_system:Skipping extension 'colcon_notification.desktop_notification.win32': Not used on non-Windows systems
[18.061s] INFO:colcon.colcon_notification.desktop_notification:Sending desktop notification using 'notify2'
[18.068s] DEBUG:colcon.colcon_core.event_reactor:joined thread
[18.068s] INFO:colcon.colcon_core.shell:Creating prefix script '/home/rnv3/ros2_ws/install/local_setup.ps1'
[18.069s] INFO:colcon.colcon_core.shell:Creating prefix util module '/home/rnv3/ros2_ws/install/_local_setup_util_ps1.py'
[18.069s] INFO:colcon.colcon_core.shell:Creating prefix chain script '/home/rnv3/ros2_ws/install/setup.ps1'
[18.070s] INFO:colcon.colcon_core.shell:Creating prefix script '/home/rnv3/ros2_ws/install/local_setup.sh'
[18.070s] INFO:colcon.colcon_core.shell:Creating prefix util module '/home/rnv3/ros2_ws/install/_local_setup_util_sh.py'
[18.070s] INFO:colcon.colcon_core.shell:Creating prefix chain script '/home/rnv3/ros2_ws/install/setup.sh'
[18.070s] INFO:colcon.colcon_core.shell:Creating prefix script '/home/rnv3/ros2_ws/install/local_setup.bash'
[18.071s] INFO:colcon.colcon_core.shell:Creating prefix chain script '/home/rnv3/ros2_ws/install/setup.bash'
[18.071s] INFO:colcon.colcon_core.shell:Creating prefix script '/home/rnv3/ros2_ws/install/local_setup.zsh'
[18.071s] INFO:colcon.colcon_core.shell:Creating prefix chain script '/home/rnv3/ros2_ws/install/setup.zsh'
